Start testing: May 15 16:13 대한민국 표준시
----------------------------------------------------------
1/29 Testing: ControllerMockTest.PressNumber1Confirm
1/29 Test: ControllerMockTest.PressNumber1Confirm
Command: "C:/DEV/TDD_TV_08/build/tv_test.exe" "--gtest_filter=ControllerMockTest.PressNumber1Confirm" "--gtest_also_run_disabled_tests"
Directory: C:/DEV/TDD_TV_08/build
"ControllerMockTest.PressNumber1Confirm" start time: May 15 16:13 대한민국 표준시
Output:
----------------------------------------------------------
Running main() from C:\DEV\TDD_TV_08\build\_deps\googletest-src\googletest\src\gtest_main.cc
Note: Google Test filter = ControllerMockTest.PressNumber1Confirm
[==========] Running 1 test from 1 test suite.
[----------] Global test environment set-up.
[----------] 1 test from ControllerMockTest
[ RUN      ] ControllerMockTest.PressNumber1Confirm
[       OK ] ControllerMockTest.PressNumber1Confirm (0 ms)
[----------] 1 test from ControllerMockTest (0 ms total)

[----------] Global test environment tear-down
[==========] 1 test from 1 test suite ran. (0 ms total)
[  PASSED  ] 1 test.
<end of output>
Test time =   0.58 sec
----------------------------------------------------------
Test Passed.
"ControllerMockTest.PressNumber1Confirm" end time: May 15 16:14 대한민국 표준시
"ControllerMockTest.PressNumber1Confirm" time elapsed: 00:00:00
----------------------------------------------------------

2/29 Testing: ControllerMockTest.Press1Then2_SetCH12
2/29 Test: ControllerMockTest.Press1Then2_SetCH12
Command: "C:/DEV/TDD_TV_08/build/tv_test.exe" "--gtest_filter=ControllerMockTest.Press1Then2_SetCH12" "--gtest_also_run_disabled_tests"
Directory: C:/DEV/TDD_TV_08/build
"ControllerMockTest.Press1Then2_SetCH12" start time: May 15 16:14 대한민국 표준시
Output:
----------------------------------------------------------
Running main() from C:\DEV\TDD_TV_08\build\_deps\googletest-src\googletest\src\gtest_main.cc
Note: Google Test filter = ControllerMockTest.Press1Then2_SetCH12
[==========] Running 1 test from 1 test suite.
[----------] Global test environment set-up.
[----------] 1 test from ControllerMockTest
[ RUN      ] ControllerMockTest.Press1Then2_SetCH12
[       OK ] ControllerMockTest.Press1Then2_SetCH12 (0 ms)
[----------] 1 test from ControllerMockTest (0 ms total)

[----------] Global test environment tear-down
[==========] 1 test from 1 test suite ran. (0 ms total)
[  PASSED  ] 1 test.
<end of output>
Test time =   0.54 sec
----------------------------------------------------------
Test Passed.
"ControllerMockTest.Press1Then2_SetCH12" end time: May 15 16:14 대한민국 표준시
"ControllerMockTest.Press1Then2_SetCH12" time elapsed: 00:00:00
----------------------------------------------------------

3/29 Testing: ControllerMockTest.PressFavorite_GetsCurrentCH
3/29 Test: ControllerMockTest.PressFavorite_GetsCurrentCH
Command: "C:/DEV/TDD_TV_08/build/tv_test.exe" "--gtest_filter=ControllerMockTest.PressFavorite_GetsCurrentCH" "--gtest_also_run_disabled_tests"
Directory: C:/DEV/TDD_TV_08/build
"ControllerMockTest.PressFavorite_GetsCurrentCH" start time: May 15 16:14 대한민국 표준시
Output:
----------------------------------------------------------
Running main() from C:\DEV\TDD_TV_08\build\_deps\googletest-src\googletest\src\gtest_main.cc
Note: Google Test filter = ControllerMockTest.PressFavorite_GetsCurrentCH
[==========] Running 1 test from 1 test suite.
[----------] Global test environment set-up.
[----------] 1 test from ControllerMockTest
[ RUN      ] ControllerMockTest.PressFavorite_GetsCurrentCH
[       OK ] ControllerMockTest.PressFavorite_GetsCurrentCH (0 ms)
[----------] 1 test from ControllerMockTest (0 ms total)

[----------] Global test environment tear-down
[==========] 1 test from 1 test suite ran. (0 ms total)
[  PASSED  ] 1 test.
<end of output>
Test time =   0.51 sec
----------------------------------------------------------
Test Passed.
"ControllerMockTest.PressFavorite_GetsCurrentCH" end time: May 15 16:14 대한민국 표준시
"ControllerMockTest.PressFavorite_GetsCurrentCH" time elapsed: 00:00:00
----------------------------------------------------------

4/29 Testing: ControllerMockTest.NextFav_CallsSetCH
4/29 Test: ControllerMockTest.NextFav_CallsSetCH
Command: "C:/DEV/TDD_TV_08/build/tv_test.exe" "--gtest_filter=ControllerMockTest.NextFav_CallsSetCH" "--gtest_also_run_disabled_tests"
Directory: C:/DEV/TDD_TV_08/build
"ControllerMockTest.NextFav_CallsSetCH" start time: May 15 16:14 대한민국 표준시
Output:
----------------------------------------------------------
Running main() from C:\DEV\TDD_TV_08\build\_deps\googletest-src\googletest\src\gtest_main.cc
Note: Google Test filter = ControllerMockTest.NextFav_CallsSetCH
[==========] Running 1 test from 1 test suite.
[----------] Global test environment set-up.
[----------] 1 test from ControllerMockTest
[ RUN      ] ControllerMockTest.NextFav_CallsSetCH
[       OK ] ControllerMockTest.NextFav_CallsSetCH (0 ms)
[----------] 1 test from ControllerMockTest (0 ms total)

[----------] Global test environment tear-down
[==========] 1 test from 1 test suite ran. (0 ms total)
[  PASSED  ] 1 test.
<end of output>
Test time =   0.52 sec
----------------------------------------------------------
Test Passed.
"ControllerMockTest.NextFav_CallsSetCH" end time: May 15 16:14 대한민국 표준시
"ControllerMockTest.NextFav_CallsSetCH" time elapsed: 00:00:00
----------------------------------------------------------

5/29 Testing: ControllerTest.PressNumber1ThenConfirm
5/29 Test: ControllerTest.PressNumber1ThenConfirm
Command: "C:/DEV/TDD_TV_08/build/tv_test.exe" "--gtest_filter=ControllerTest.PressNumber1ThenConfirm" "--gtest_also_run_disabled_tests"
Directory: C:/DEV/TDD_TV_08/build
"ControllerTest.PressNumber1ThenConfirm" start time: May 15 16:14 대한민국 표준시
Output:
----------------------------------------------------------
Running main() from C:\DEV\TDD_TV_08\build\_deps\googletest-src\googletest\src\gtest_main.cc
Note: Google Test filter = ControllerTest.PressNumber1ThenConfirm
[==========] Running 1 test from 1 test suite.
[----------] Global test environment set-up.
[----------] 1 test from ControllerTest
[ RUN      ] ControllerTest.PressNumber1ThenConfirm
[       OK ] ControllerTest.PressNumber1ThenConfirm (0 ms)
[----------] 1 test from ControllerTest (0 ms total)

[----------] Global test environment tear-down
[==========] 1 test from 1 test suite ran. (0 ms total)
[  PASSED  ] 1 test.
<end of output>
Test time =   0.51 sec
----------------------------------------------------------
Test Passed.
"ControllerTest.PressNumber1ThenConfirm" end time: May 15 16:14 대한민국 표준시
"ControllerTest.PressNumber1ThenConfirm" time elapsed: 00:00:00
----------------------------------------------------------

6/29 Testing: ControllerTest.Press1Then2_AutoChange
6/29 Test: ControllerTest.Press1Then2_AutoChange
Command: "C:/DEV/TDD_TV_08/build/tv_test.exe" "--gtest_filter=ControllerTest.Press1Then2_AutoChange" "--gtest_also_run_disabled_tests"
Directory: C:/DEV/TDD_TV_08/build
"ControllerTest.Press1Then2_AutoChange" start time: May 15 16:14 대한민국 표준시
Output:
----------------------------------------------------------
Running main() from C:\DEV\TDD_TV_08\build\_deps\googletest-src\googletest\src\gtest_main.cc
Note: Google Test filter = ControllerTest.Press1Then2_AutoChange
[==========] Running 1 test from 1 test suite.
[----------] Global test environment set-up.
[----------] 1 test from ControllerTest
[ RUN      ] ControllerTest.Press1Then2_AutoChange
[       OK ] ControllerTest.Press1Then2_AutoChange (0 ms)
[----------] 1 test from ControllerTest (0 ms total)

[----------] Global test environment tear-down
[==========] 1 test from 1 test suite ran. (0 ms total)
[  PASSED  ] 1 test.
<end of output>
Test time =   0.52 sec
----------------------------------------------------------
Test Passed.
"ControllerTest.Press1Then2_AutoChange" end time: May 15 16:14 대한민국 표준시
"ControllerTest.Press1Then2_AutoChange" time elapsed: 00:00:00
----------------------------------------------------------

7/29 Testing: ControllerTest.FavoriteAdd_NewChannel
7/29 Test: ControllerTest.FavoriteAdd_NewChannel
Command: "C:/DEV/TDD_TV_08/build/tv_test.exe" "--gtest_filter=ControllerTest.FavoriteAdd_NewChannel" "--gtest_also_run_disabled_tests"
Directory: C:/DEV/TDD_TV_08/build
"ControllerTest.FavoriteAdd_NewChannel" start time: May 15 16:14 대한민국 표준시
Output:
----------------------------------------------------------
Running main() from C:\DEV\TDD_TV_08\build\_deps\googletest-src\googletest\src\gtest_main.cc
Note: Google Test filter = ControllerTest.FavoriteAdd_NewChannel
[==========] Running 1 test from 1 test suite.
[----------] Global test environment set-up.
[----------] 1 test from ControllerTest
[ RUN      ] ControllerTest.FavoriteAdd_NewChannel
[       OK ] ControllerTest.FavoriteAdd_NewChannel (0 ms)
[----------] 1 test from ControllerTest (0 ms total)

[----------] Global test environment tear-down
[==========] 1 test from 1 test suite ran. (0 ms total)
[  PASSED  ] 1 test.
<end of output>
Test time =   0.52 sec
----------------------------------------------------------
Test Passed.
"ControllerTest.FavoriteAdd_NewChannel" end time: May 15 16:14 대한민국 표준시
"ControllerTest.FavoriteAdd_NewChannel" time elapsed: 00:00:00
----------------------------------------------------------

8/29 Testing: ControllerTest.FavoriteToggle_Remove
8/29 Test: ControllerTest.FavoriteToggle_Remove
Command: "C:/DEV/TDD_TV_08/build/tv_test.exe" "--gtest_filter=ControllerTest.FavoriteToggle_Remove" "--gtest_also_run_disabled_tests"
Directory: C:/DEV/TDD_TV_08/build
"ControllerTest.FavoriteToggle_Remove" start time: May 15 16:14 대한민국 표준시
Output:
----------------------------------------------------------
Running main() from C:\DEV\TDD_TV_08\build\_deps\googletest-src\googletest\src\gtest_main.cc
Note: Google Test filter = ControllerTest.FavoriteToggle_Remove
[==========] Running 1 test from 1 test suite.
[----------] Global test environment set-up.
[----------] 1 test from ControllerTest
[ RUN      ] ControllerTest.FavoriteToggle_Remove
[       OK ] ControllerTest.FavoriteToggle_Remove (0 ms)
[----------] 1 test from ControllerTest (0 ms total)

[----------] Global test environment tear-down
[==========] 1 test from 1 test suite ran. (0 ms total)
[  PASSED  ] 1 test.
<end of output>
Test time =   0.52 sec
----------------------------------------------------------
Test Passed.
"ControllerTest.FavoriteToggle_Remove" end time: May 15 16:14 대한민국 표준시
"ControllerTest.FavoriteToggle_Remove" time elapsed: 00:00:00
----------------------------------------------------------

9/29 Testing: ControllerTest.FavoriteToggleScenario
9/29 Test: ControllerTest.FavoriteToggleScenario
Command: "C:/DEV/TDD_TV_08/build/tv_test.exe" "--gtest_filter=ControllerTest.FavoriteToggleScenario" "--gtest_also_run_disabled_tests"
Directory: C:/DEV/TDD_TV_08/build
"ControllerTest.FavoriteToggleScenario" start time: May 15 16:14 대한민국 표준시
Output:
----------------------------------------------------------
Running main() from C:\DEV\TDD_TV_08\build\_deps\googletest-src\googletest\src\gtest_main.cc
Note: Google Test filter = ControllerTest.FavoriteToggleScenario
[==========] Running 1 test from 1 test suite.
[----------] Global test environment set-up.
[----------] 1 test from ControllerTest
[ RUN      ] ControllerTest.FavoriteToggleScenario
[       OK ] ControllerTest.FavoriteToggleScenario (0 ms)
[----------] 1 test from ControllerTest (0 ms total)

[----------] Global test environment tear-down
[==========] 1 test from 1 test suite ran. (0 ms total)
[  PASSED  ] 1 test.
<end of output>
Test time =   0.52 sec
----------------------------------------------------------
Test Passed.
"ControllerTest.FavoriteToggleScenario" end time: May 15 16:14 대한민국 표준시
"ControllerTest.FavoriteToggleScenario" time elapsed: 00:00:00
----------------------------------------------------------

10/29 Testing: ControllerTest.NextFavorite_Normal
10/29 Test: ControllerTest.NextFavorite_Normal
Command: "C:/DEV/TDD_TV_08/build/tv_test.exe" "--gtest_filter=ControllerTest.NextFavorite_Normal" "--gtest_also_run_disabled_tests"
Directory: C:/DEV/TDD_TV_08/build
"ControllerTest.NextFavorite_Normal" start time: May 15 16:14 대한민국 표준시
Output:
----------------------------------------------------------
Running main() from C:\DEV\TDD_TV_08\build\_deps\googletest-src\googletest\src\gtest_main.cc
Note: Google Test filter = ControllerTest.NextFavorite_Normal
[==========] Running 1 test from 1 test suite.
[----------] Global test environment set-up.
[----------] 1 test from ControllerTest
[ RUN      ] ControllerTest.NextFavorite_Normal
[       OK ] ControllerTest.NextFavorite_Normal (0 ms)
[----------] 1 test from ControllerTest (0 ms total)

[----------] Global test environment tear-down
[==========] 1 test from 1 test suite ran. (0 ms total)
[  PASSED  ] 1 test.
<end of output>
Test time =   0.51 sec
----------------------------------------------------------
Test Passed.
"ControllerTest.NextFavorite_Normal" end time: May 15 16:14 대한민국 표준시
"ControllerTest.NextFavorite_Normal" time elapsed: 00:00:00
----------------------------------------------------------

11/29 Testing: ControllerTest.NextFavorite_WrapAround
11/29 Test: ControllerTest.NextFavorite_WrapAround
Command: "C:/DEV/TDD_TV_08/build/tv_test.exe" "--gtest_filter=ControllerTest.NextFavorite_WrapAround" "--gtest_also_run_disabled_tests"
Directory: C:/DEV/TDD_TV_08/build
"ControllerTest.NextFavorite_WrapAround" start time: May 15 16:14 대한민국 표준시
Output:
----------------------------------------------------------
Running main() from C:\DEV\TDD_TV_08\build\_deps\googletest-src\googletest\src\gtest_main.cc
Note: Google Test filter = ControllerTest.NextFavorite_WrapAround
[==========] Running 1 test from 1 test suite.
[----------] Global test environment set-up.
[----------] 1 test from ControllerTest
[ RUN      ] ControllerTest.NextFavorite_WrapAround
[       OK ] ControllerTest.NextFavorite_WrapAround (0 ms)
[----------] 1 test from ControllerTest (0 ms total)

[----------] Global test environment tear-down
[==========] 1 test from 1 test suite ran. (0 ms total)
[  PASSED  ] 1 test.
<end of output>
Test time =   0.54 sec
----------------------------------------------------------
Test Passed.
"ControllerTest.NextFavorite_WrapAround" end time: May 15 16:14 대한민국 표준시
"ControllerTest.NextFavorite_WrapAround" time elapsed: 00:00:00
----------------------------------------------------------

12/29 Testing: ControllerTest.NextFavorite_EmptyList
12/29 Test: ControllerTest.NextFavorite_EmptyList
Command: "C:/DEV/TDD_TV_08/build/tv_test.exe" "--gtest_filter=ControllerTest.NextFavorite_EmptyList" "--gtest_also_run_disabled_tests"
Directory: C:/DEV/TDD_TV_08/build
"ControllerTest.NextFavorite_EmptyList" start time: May 15 16:14 대한민국 표준시
Output:
----------------------------------------------------------
Running main() from C:\DEV\TDD_TV_08\build\_deps\googletest-src\googletest\src\gtest_main.cc
Note: Google Test filter = ControllerTest.NextFavorite_EmptyList
[==========] Running 1 test from 1 test suite.
[----------] Global test environment set-up.
[----------] 1 test from ControllerTest
[ RUN      ] ControllerTest.NextFavorite_EmptyList
[       OK ] ControllerTest.NextFavorite_EmptyList (0 ms)
[----------] 1 test from ControllerTest (0 ms total)

[----------] Global test environment tear-down
[==========] 1 test from 1 test suite ran. (0 ms total)
[  PASSED  ] 1 test.
<end of output>
Test time =   0.54 sec
----------------------------------------------------------
Test Passed.
"ControllerTest.NextFavorite_EmptyList" end time: May 15 16:14 대한민국 표준시
"ControllerTest.NextFavorite_EmptyList" time elapsed: 00:00:00
----------------------------------------------------------

13/29 Testing: TunerTest.initChannel
13/29 Test: TunerTest.initChannel
Command: "C:/DEV/TDD_TV_08/build/tv_test.exe" "--gtest_filter=TunerTest.initChannel" "--gtest_also_run_disabled_tests"
Directory: C:/DEV/TDD_TV_08/build
"TunerTest.initChannel" start time: May 15 16:14 대한민국 표준시
Output:
----------------------------------------------------------
Running main() from C:\DEV\TDD_TV_08\build\_deps\googletest-src\googletest\src\gtest_main.cc
Note: Google Test filter = TunerTest.initChannel
[==========] Running 1 test from 1 test suite.
[----------] Global test environment set-up.
[----------] 1 test from TunerTest
[ RUN      ] TunerTest.initChannel
[       OK ] TunerTest.initChannel (0 ms)
[----------] 1 test from TunerTest (0 ms total)

[----------] Global test environment tear-down
[==========] 1 test from 1 test suite ran. (0 ms total)
[  PASSED  ] 1 test.
<end of output>
Test time =   0.51 sec
----------------------------------------------------------
Test Passed.
"TunerTest.initChannel" end time: May 15 16:14 대한민국 표준시
"TunerTest.initChannel" time elapsed: 00:00:00
----------------------------------------------------------

14/29 Testing: TunerTest.testSeekCh10times
14/29 Test: TunerTest.testSeekCh10times
Command: "C:/DEV/TDD_TV_08/build/tv_test.exe" "--gtest_filter=TunerTest.testSeekCh10times" "--gtest_also_run_disabled_tests"
Directory: C:/DEV/TDD_TV_08/build
"TunerTest.testSeekCh10times" start time: May 15 16:14 대한민국 표준시
Output:
----------------------------------------------------------
Running main() from C:\DEV\TDD_TV_08\build\_deps\googletest-src\googletest\src\gtest_main.cc
Note: Google Test filter = TunerTest.testSeekCh10times
[==========] Running 1 test from 1 test suite.
[----------] Global test environment set-up.
[----------] 1 test from TunerTest
[ RUN      ] TunerTest.testSeekCh10times
[       OK ] TunerTest.testSeekCh10times (0 ms)
[----------] 1 test from TunerTest (0 ms total)

[----------] Global test environment tear-down
[==========] 1 test from 1 test suite ran. (0 ms total)
[  PASSED  ] 1 test.
<end of output>
Test time =   0.55 sec
----------------------------------------------------------
Test Passed.
"TunerTest.testSeekCh10times" end time: May 15 16:14 대한민국 표준시
"TunerTest.testSeekCh10times" time elapsed: 00:00:00
----------------------------------------------------------

15/29 Testing: TunerTest.testSeekCh10timesAfterSetCH
15/29 Test: TunerTest.testSeekCh10timesAfterSetCH
Command: "C:/DEV/TDD_TV_08/build/tv_test.exe" "--gtest_filter=TunerTest.testSeekCh10timesAfterSetCH" "--gtest_also_run_disabled_tests"
Directory: C:/DEV/TDD_TV_08/build
"TunerTest.testSeekCh10timesAfterSetCH" start time: May 15 16:14 대한민국 표준시
Output:
----------------------------------------------------------
Running main() from C:\DEV\TDD_TV_08\build\_deps\googletest-src\googletest\src\gtest_main.cc
Note: Google Test filter = TunerTest.testSeekCh10timesAfterSetCH
[==========] Running 1 test from 1 test suite.
[----------] Global test environment set-up.
[----------] 1 test from TunerTest
[ RUN      ] TunerTest.testSeekCh10timesAfterSetCH
[       OK ] TunerTest.testSeekCh10timesAfterSetCH (0 ms)
[----------] 1 test from TunerTest (0 ms total)

[----------] Global test environment tear-down
[==========] 1 test from 1 test suite ran. (0 ms total)
[  PASSED  ] 1 test.
<end of output>
Test time =   0.53 sec
----------------------------------------------------------
Test Passed.
"TunerTest.testSeekCh10timesAfterSetCH" end time: May 15 16:14 대한민국 표준시
"TunerTest.testSeekCh10timesAfterSetCH" time elapsed: 00:00:00
----------------------------------------------------------

16/29 Testing: FakeTunerTest.SetAndGetChannel
16/29 Test: FakeTunerTest.SetAndGetChannel
Command: "C:/DEV/TDD_TV_08/build/tv_test.exe" "--gtest_filter=FakeTunerTest.SetAndGetChannel" "--gtest_also_run_disabled_tests"
Directory: C:/DEV/TDD_TV_08/build
"FakeTunerTest.SetAndGetChannel" start time: May 15 16:14 대한민국 표준시
Output:
----------------------------------------------------------
Running main() from C:\DEV\TDD_TV_08\build\_deps\googletest-src\googletest\src\gtest_main.cc
Note: Google Test filter = FakeTunerTest.SetAndGetChannel
[==========] Running 1 test from 1 test suite.
[----------] Global test environment set-up.
[----------] 1 test from FakeTunerTest
[ RUN      ] FakeTunerTest.SetAndGetChannel
[       OK ] FakeTunerTest.SetAndGetChannel (0 ms)
[----------] 1 test from FakeTunerTest (0 ms total)

[----------] Global test environment tear-down
[==========] 1 test from 1 test suite ran. (0 ms total)
[  PASSED  ] 1 test.
<end of output>
Test time =   0.52 sec
----------------------------------------------------------
Test Passed.
"FakeTunerTest.SetAndGetChannel" end time: May 15 16:14 대한민국 표준시
"FakeTunerTest.SetAndGetChannel" time elapsed: 00:00:00
----------------------------------------------------------

17/29 Testing: FakeTunerTest.SeekNextAvailableChannel
17/29 Test: FakeTunerTest.SeekNextAvailableChannel
Command: "C:/DEV/TDD_TV_08/build/tv_test.exe" "--gtest_filter=FakeTunerTest.SeekNextAvailableChannel" "--gtest_also_run_disabled_tests"
Directory: C:/DEV/TDD_TV_08/build
"FakeTunerTest.SeekNextAvailableChannel" start time: May 15 16:14 대한민국 표준시
Output:
----------------------------------------------------------
Running main() from C:\DEV\TDD_TV_08\build\_deps\googletest-src\googletest\src\gtest_main.cc
Note: Google Test filter = FakeTunerTest.SeekNextAvailableChannel
[==========] Running 1 test from 1 test suite.
[----------] Global test environment set-up.
[----------] 1 test from FakeTunerTest
[ RUN      ] FakeTunerTest.SeekNextAvailableChannel
[       OK ] FakeTunerTest.SeekNextAvailableChannel (0 ms)
[----------] 1 test from FakeTunerTest (0 ms total)

[----------] Global test environment tear-down
[==========] 1 test from 1 test suite ran. (0 ms total)
[  PASSED  ] 1 test.
<end of output>
Test time =   0.51 sec
----------------------------------------------------------
Test Passed.
"FakeTunerTest.SeekNextAvailableChannel" end time: May 15 16:14 대한민국 표준시
"FakeTunerTest.SeekNextAvailableChannel" time elapsed: 00:00:00
----------------------------------------------------------

18/29 Testing: FakeTunerTest.SeekWrapsToFirstChannel
18/29 Test: FakeTunerTest.SeekWrapsToFirstChannel
Command: "C:/DEV/TDD_TV_08/build/tv_test.exe" "--gtest_filter=FakeTunerTest.SeekWrapsToFirstChannel" "--gtest_also_run_disabled_tests"
Directory: C:/DEV/TDD_TV_08/build
"FakeTunerTest.SeekWrapsToFirstChannel" start time: May 15 16:14 대한민국 표준시
Output:
----------------------------------------------------------
Running main() from C:\DEV\TDD_TV_08\build\_deps\googletest-src\googletest\src\gtest_main.cc
Note: Google Test filter = FakeTunerTest.SeekWrapsToFirstChannel
[==========] Running 1 test from 1 test suite.
[----------] Global test environment set-up.
[----------] 1 test from FakeTunerTest
[ RUN      ] FakeTunerTest.SeekWrapsToFirstChannel
[       OK ] FakeTunerTest.SeekWrapsToFirstChannel (0 ms)
[----------] 1 test from FakeTunerTest (0 ms total)

[----------] Global test environment tear-down
[==========] 1 test from 1 test suite ran. (0 ms total)
[  PASSED  ] 1 test.
<end of output>
Test time =   0.51 sec
----------------------------------------------------------
Test Passed.
"FakeTunerTest.SeekWrapsToFirstChannel" end time: May 15 16:14 대한민국 표준시
"FakeTunerTest.SeekWrapsToFirstChannel" time elapsed: 00:00:00
----------------------------------------------------------

19/29 Testing: FakeTunerTest.ThrowsWhenChannelIsOutOfRange
19/29 Test: FakeTunerTest.ThrowsWhenChannelIsOutOfRange
Command: "C:/DEV/TDD_TV_08/build/tv_test.exe" "--gtest_filter=FakeTunerTest.ThrowsWhenChannelIsOutOfRange" "--gtest_also_run_disabled_tests"
Directory: C:/DEV/TDD_TV_08/build
"FakeTunerTest.ThrowsWhenChannelIsOutOfRange" start time: May 15 16:14 대한민국 표준시
Output:
----------------------------------------------------------
Running main() from C:\DEV\TDD_TV_08\build\_deps\googletest-src\googletest\src\gtest_main.cc
Note: Google Test filter = FakeTunerTest.ThrowsWhenChannelIsOutOfRange
[==========] Running 1 test from 1 test suite.
[----------] Global test environment set-up.
[----------] 1 test from FakeTunerTest
[ RUN      ] FakeTunerTest.ThrowsWhenChannelIsOutOfRange
[       OK ] FakeTunerTest.ThrowsWhenChannelIsOutOfRange (0 ms)
[----------] 1 test from FakeTunerTest (0 ms total)

[----------] Global test environment tear-down
[==========] 1 test from 1 test suite ran. (0 ms total)
[  PASSED  ] 1 test.
<end of output>
Test time =   0.51 sec
----------------------------------------------------------
Test Passed.
"FakeTunerTest.ThrowsWhenChannelIsOutOfRange" end time: May 15 16:14 대한민국 표준시
"FakeTunerTest.ThrowsWhenChannelIsOutOfRange" time elapsed: 00:00:00
----------------------------------------------------------

20/29 Testing: ValidChannels/TunerValidChannelTest.testSetChForValidChannel/"0"
20/29 Test: ValidChannels/TunerValidChannelTest.testSetChForValidChannel/"0"
Command: "C:/DEV/TDD_TV_08/build/tv_test.exe" "--gtest_filter=ValidChannels/TunerValidChannelTest.testSetChForValidChannel/0" "--gtest_also_run_disabled_tests"
Directory: C:/DEV/TDD_TV_08/build
"ValidChannels/TunerValidChannelTest.testSetChForValidChannel/"0"" start time: May 15 16:14 대한민국 표준시
Output:
----------------------------------------------------------
Running main() from C:\DEV\TDD_TV_08\build\_deps\googletest-src\googletest\src\gtest_main.cc
Note: Google Test filter = ValidChannels/TunerValidChannelTest.testSetChForValidChannel/0
[==========] Running 1 test from 1 test suite.
[----------] Global test environment set-up.
[----------] 1 test from ValidChannels/TunerValidChannelTest
[ RUN      ] ValidChannels/TunerValidChannelTest.testSetChForValidChannel/0
[       OK ] ValidChannels/TunerValidChannelTest.testSetChForValidChannel/0 (0 ms)
[----------] 1 test from ValidChannels/TunerValidChannelTest (0 ms total)

[----------] Global test environment tear-down
[==========] 1 test from 1 test suite ran. (0 ms total)
[  PASSED  ] 1 test.
<end of output>
Test time =   0.51 sec
----------------------------------------------------------
Test Passed.
"ValidChannels/TunerValidChannelTest.testSetChForValidChannel/"0"" end time: May 15 16:14 대한민국 표준시
"ValidChannels/TunerValidChannelTest.testSetChForValidChannel/"0"" time elapsed: 00:00:00
----------------------------------------------------------

21/29 Testing: ValidChannels/TunerValidChannelTest.testSetChForValidChannel/"4"
21/29 Test: ValidChannels/TunerValidChannelTest.testSetChForValidChannel/"4"
Command: "C:/DEV/TDD_TV_08/build/tv_test.exe" "--gtest_filter=ValidChannels/TunerValidChannelTest.testSetChForValidChannel/1" "--gtest_also_run_disabled_tests"
Directory: C:/DEV/TDD_TV_08/build
"ValidChannels/TunerValidChannelTest.testSetChForValidChannel/"4"" start time: May 15 16:14 대한민국 표준시
Output:
----------------------------------------------------------
Running main() from C:\DEV\TDD_TV_08\build\_deps\googletest-src\googletest\src\gtest_main.cc
Note: Google Test filter = ValidChannels/TunerValidChannelTest.testSetChForValidChannel/1
[==========] Running 1 test from 1 test suite.
[----------] Global test environment set-up.
[----------] 1 test from ValidChannels/TunerValidChannelTest
[ RUN      ] ValidChannels/TunerValidChannelTest.testSetChForValidChannel/1
[       OK ] ValidChannels/TunerValidChannelTest.testSetChForValidChannel/1 (0 ms)
[----------] 1 test from ValidChannels/TunerValidChannelTest (0 ms total)

[----------] Global test environment tear-down
[==========] 1 test from 1 test suite ran. (0 ms total)
[  PASSED  ] 1 test.
<end of output>
Test time =   0.54 sec
----------------------------------------------------------
Test Passed.
"ValidChannels/TunerValidChannelTest.testSetChForValidChannel/"4"" end time: May 15 16:14 대한민국 표준시
"ValidChannels/TunerValidChannelTest.testSetChForValidChannel/"4"" time elapsed: 00:00:00
----------------------------------------------------------

22/29 Testing: ValidChannels/TunerValidChannelTest.testSetChForValidChannel/"5"
22/29 Test: ValidChannels/TunerValidChannelTest.testSetChForValidChannel/"5"
Command: "C:/DEV/TDD_TV_08/build/tv_test.exe" "--gtest_filter=ValidChannels/TunerValidChannelTest.testSetChForValidChannel/2" "--gtest_also_run_disabled_tests"
Directory: C:/DEV/TDD_TV_08/build
"ValidChannels/TunerValidChannelTest.testSetChForValidChannel/"5"" start time: May 15 16:14 대한민국 표준시
Output:
----------------------------------------------------------
Running main() from C:\DEV\TDD_TV_08\build\_deps\googletest-src\googletest\src\gtest_main.cc
Note: Google Test filter = ValidChannels/TunerValidChannelTest.testSetChForValidChannel/2
[==========] Running 1 test from 1 test suite.
[----------] Global test environment set-up.
[----------] 1 test from ValidChannels/TunerValidChannelTest
[ RUN      ] ValidChannels/TunerValidChannelTest.testSetChForValidChannel/2
[       OK ] ValidChannels/TunerValidChannelTest.testSetChForValidChannel/2 (0 ms)
[----------] 1 test from ValidChannels/TunerValidChannelTest (0 ms total)

[----------] Global test environment tear-down
[==========] 1 test from 1 test suite ran. (0 ms total)
[  PASSED  ] 1 test.
<end of output>
Test time =   0.55 sec
----------------------------------------------------------
Test Passed.
"ValidChannels/TunerValidChannelTest.testSetChForValidChannel/"5"" end time: May 15 16:14 대한민국 표준시
"ValidChannels/TunerValidChannelTest.testSetChForValidChannel/"5"" time elapsed: 00:00:00
----------------------------------------------------------

23/29 Testing: ValidChannels/TunerValidChannelTest.testSetChForValidChannel/"12"
23/29 Test: ValidChannels/TunerValidChannelTest.testSetChForValidChannel/"12"
Command: "C:/DEV/TDD_TV_08/build/tv_test.exe" "--gtest_filter=ValidChannels/TunerValidChannelTest.testSetChForValidChannel/3" "--gtest_also_run_disabled_tests"
Directory: C:/DEV/TDD_TV_08/build
"ValidChannels/TunerValidChannelTest.testSetChForValidChannel/"12"" start time: May 15 16:14 대한민국 표준시
Output:
----------------------------------------------------------
Running main() from C:\DEV\TDD_TV_08\build\_deps\googletest-src\googletest\src\gtest_main.cc
Note: Google Test filter = ValidChannels/TunerValidChannelTest.testSetChForValidChannel/3
[==========] Running 1 test from 1 test suite.
[----------] Global test environment set-up.
[----------] 1 test from ValidChannels/TunerValidChannelTest
[ RUN      ] ValidChannels/TunerValidChannelTest.testSetChForValidChannel/3
[       OK ] ValidChannels/TunerValidChannelTest.testSetChForValidChannel/3 (0 ms)
[----------] 1 test from ValidChannels/TunerValidChannelTest (0 ms total)

[----------] Global test environment tear-down
[==========] 1 test from 1 test suite ran. (0 ms total)
[  PASSED  ] 1 test.
<end of output>
Test time =   0.52 sec
----------------------------------------------------------
Test Passed.
"ValidChannels/TunerValidChannelTest.testSetChForValidChannel/"12"" end time: May 15 16:14 대한민국 표준시
"ValidChannels/TunerValidChannelTest.testSetChForValidChannel/"12"" time elapsed: 00:00:00
----------------------------------------------------------

24/29 Testing: ValidChannels/TunerValidChannelTest.testSetChForValidChannel/"99"
24/29 Test: ValidChannels/TunerValidChannelTest.testSetChForValidChannel/"99"
Command: "C:/DEV/TDD_TV_08/build/tv_test.exe" "--gtest_filter=ValidChannels/TunerValidChannelTest.testSetChForValidChannel/4" "--gtest_also_run_disabled_tests"
Directory: C:/DEV/TDD_TV_08/build
"ValidChannels/TunerValidChannelTest.testSetChForValidChannel/"99"" start time: May 15 16:14 대한민국 표준시
Output:
----------------------------------------------------------
Running main() from C:\DEV\TDD_TV_08\build\_deps\googletest-src\googletest\src\gtest_main.cc
Note: Google Test filter = ValidChannels/TunerValidChannelTest.testSetChForValidChannel/4
[==========] Running 1 test from 1 test suite.
[----------] Global test environment set-up.
[----------] 1 test from ValidChannels/TunerValidChannelTest
[ RUN      ] ValidChannels/TunerValidChannelTest.testSetChForValidChannel/4
[       OK ] ValidChannels/TunerValidChannelTest.testSetChForValidChannel/4 (0 ms)
[----------] 1 test from ValidChannels/TunerValidChannelTest (0 ms total)

[----------] Global test environment tear-down
[==========] 1 test from 1 test suite ran. (0 ms total)
[  PASSED  ] 1 test.
<end of output>
Test time =   0.52 sec
----------------------------------------------------------
Test Passed.
"ValidChannels/TunerValidChannelTest.testSetChForValidChannel/"99"" end time: May 15 16:14 대한민국 표준시
"ValidChannels/TunerValidChannelTest.testSetChForValidChannel/"99"" time elapsed: 00:00:00
----------------------------------------------------------

25/29 Testing: InvalidChannels/TunerInvalidChannelTest.testSetChForInvalidChannel/"-12"
25/29 Test: InvalidChannels/TunerInvalidChannelTest.testSetChForInvalidChannel/"-12"
Command: "C:/DEV/TDD_TV_08/build/tv_test.exe" "--gtest_filter=InvalidChannels/TunerInvalidChannelTest.testSetChForInvalidChannel/0" "--gtest_also_run_disabled_tests"
Directory: C:/DEV/TDD_TV_08/build
"InvalidChannels/TunerInvalidChannelTest.testSetChForInvalidChannel/"-12"" start time: May 15 16:14 대한민국 표준시
Output:
----------------------------------------------------------
Running main() from C:\DEV\TDD_TV_08\build\_deps\googletest-src\googletest\src\gtest_main.cc
Note: Google Test filter = InvalidChannels/TunerInvalidChannelTest.testSetChForInvalidChannel/0
[==========] Running 1 test from 1 test suite.
[----------] Global test environment set-up.
[----------] 1 test from InvalidChannels/TunerInvalidChannelTest
[ RUN      ] InvalidChannels/TunerInvalidChannelTest.testSetChForInvalidChannel/0
[       OK ] InvalidChannels/TunerInvalidChannelTest.testSetChForInvalidChannel/0 (0 ms)
[----------] 1 test from InvalidChannels/TunerInvalidChannelTest (0 ms total)

[----------] Global test environment tear-down
[==========] 1 test from 1 test suite ran. (0 ms total)
[  PASSED  ] 1 test.
<end of output>
Test time =   0.53 sec
----------------------------------------------------------
Test Passed.
"InvalidChannels/TunerInvalidChannelTest.testSetChForInvalidChannel/"-12"" end time: May 15 16:14 대한민국 표준시
"InvalidChannels/TunerInvalidChannelTest.testSetChForInvalidChannel/"-12"" time elapsed: 00:00:00
----------------------------------------------------------

26/29 Testing: InvalidChannels/TunerInvalidChannelTest.testSetChForInvalidChannel/"-2"
26/29 Test: InvalidChannels/TunerInvalidChannelTest.testSetChForInvalidChannel/"-2"
Command: "C:/DEV/TDD_TV_08/build/tv_test.exe" "--gtest_filter=InvalidChannels/TunerInvalidChannelTest.testSetChForInvalidChannel/1" "--gtest_also_run_disabled_tests"
Directory: C:/DEV/TDD_TV_08/build
"InvalidChannels/TunerInvalidChannelTest.testSetChForInvalidChannel/"-2"" start time: May 15 16:14 대한민국 표준시
Output:
----------------------------------------------------------
Running main() from C:\DEV\TDD_TV_08\build\_deps\googletest-src\googletest\src\gtest_main.cc
Note: Google Test filter = InvalidChannels/TunerInvalidChannelTest.testSetChForInvalidChannel/1
[==========] Running 1 test from 1 test suite.
[----------] Global test environment set-up.
[----------] 1 test from InvalidChannels/TunerInvalidChannelTest
[ RUN      ] InvalidChannels/TunerInvalidChannelTest.testSetChForInvalidChannel/1
[       OK ] InvalidChannels/TunerInvalidChannelTest.testSetChForInvalidChannel/1 (0 ms)
[----------] 1 test from InvalidChannels/TunerInvalidChannelTest (0 ms total)

[----------] Global test environment tear-down
[==========] 1 test from 1 test suite ran. (0 ms total)
[  PASSED  ] 1 test.
<end of output>
Test time =   0.55 sec
----------------------------------------------------------
Test Passed.
"InvalidChannels/TunerInvalidChannelTest.testSetChForInvalidChannel/"-2"" end time: May 15 16:14 대한민국 표준시
"InvalidChannels/TunerInvalidChannelTest.testSetChForInvalidChannel/"-2"" time elapsed: 00:00:00
----------------------------------------------------------

27/29 Testing: InvalidChannels/TunerInvalidChannelTest.testSetChForInvalidChannel/"-0"
27/29 Test: InvalidChannels/TunerInvalidChannelTest.testSetChForInvalidChannel/"-0"
Command: "C:/DEV/TDD_TV_08/build/tv_test.exe" "--gtest_filter=InvalidChannels/TunerInvalidChannelTest.testSetChForInvalidChannel/2" "--gtest_also_run_disabled_tests"
Directory: C:/DEV/TDD_TV_08/build
"InvalidChannels/TunerInvalidChannelTest.testSetChForInvalidChannel/"-0"" start time: May 15 16:14 대한민국 표준시
Output:
----------------------------------------------------------
Running main() from C:\DEV\TDD_TV_08\build\_deps\googletest-src\googletest\src\gtest_main.cc
Note: Google Test filter = InvalidChannels/TunerInvalidChannelTest.testSetChForInvalidChannel/2
[==========] Running 1 test from 1 test suite.
[----------] Global test environment set-up.
[----------] 1 test from InvalidChannels/TunerInvalidChannelTest
[ RUN      ] InvalidChannels/TunerInvalidChannelTest.testSetChForInvalidChannel/2
[       OK ] InvalidChannels/TunerInvalidChannelTest.testSetChForInvalidChannel/2 (0 ms)
[----------] 1 test from InvalidChannels/TunerInvalidChannelTest (0 ms total)

[----------] Global test environment tear-down
[==========] 1 test from 1 test suite ran. (0 ms total)
[  PASSED  ] 1 test.
<end of output>
Test time =   0.52 sec
----------------------------------------------------------
Test Passed.
"InvalidChannels/TunerInvalidChannelTest.testSetChForInvalidChannel/"-0"" end time: May 15 16:14 대한민국 표준시
"InvalidChannels/TunerInvalidChannelTest.testSetChForInvalidChannel/"-0"" time elapsed: 00:00:00
----------------------------------------------------------

28/29 Testing: InvalidChannels/TunerInvalidChannelTest.testSetChForInvalidChannel/"100"
28/29 Test: InvalidChannels/TunerInvalidChannelTest.testSetChForInvalidChannel/"100"
Command: "C:/DEV/TDD_TV_08/build/tv_test.exe" "--gtest_filter=InvalidChannels/TunerInvalidChannelTest.testSetChForInvalidChannel/3" "--gtest_also_run_disabled_tests"
Directory: C:/DEV/TDD_TV_08/build
"InvalidChannels/TunerInvalidChannelTest.testSetChForInvalidChannel/"100"" start time: May 15 16:14 대한민국 표준시
Output:
----------------------------------------------------------
Running main() from C:\DEV\TDD_TV_08\build\_deps\googletest-src\googletest\src\gtest_main.cc
Note: Google Test filter = InvalidChannels/TunerInvalidChannelTest.testSetChForInvalidChannel/3
[==========] Running 1 test from 1 test suite.
[----------] Global test environment set-up.
[----------] 1 test from InvalidChannels/TunerInvalidChannelTest
[ RUN      ] InvalidChannels/TunerInvalidChannelTest.testSetChForInvalidChannel/3
[       OK ] InvalidChannels/TunerInvalidChannelTest.testSetChForInvalidChannel/3 (0 ms)
[----------] 1 test from InvalidChannels/TunerInvalidChannelTest (0 ms total)

[----------] Global test environment tear-down
[==========] 1 test from 1 test suite ran. (0 ms total)
[  PASSED  ] 1 test.
<end of output>
Test time =   0.52 sec
----------------------------------------------------------
Test Passed.
"InvalidChannels/TunerInvalidChannelTest.testSetChForInvalidChannel/"100"" end time: May 15 16:14 대한민국 표준시
"InvalidChannels/TunerInvalidChannelTest.testSetChForInvalidChannel/"100"" time elapsed: 00:00:00
----------------------------------------------------------

29/29 Testing: InvalidChannels/TunerInvalidChannelTest.testSetChForInvalidChannel/"9999"
29/29 Test: InvalidChannels/TunerInvalidChannelTest.testSetChForInvalidChannel/"9999"
Command: "C:/DEV/TDD_TV_08/build/tv_test.exe" "--gtest_filter=InvalidChannels/TunerInvalidChannelTest.testSetChForInvalidChannel/4" "--gtest_also_run_disabled_tests"
Directory: C:/DEV/TDD_TV_08/build
"InvalidChannels/TunerInvalidChannelTest.testSetChForInvalidChannel/"9999"" start time: May 15 16:14 대한민국 표준시
Output:
----------------------------------------------------------
Running main() from C:\DEV\TDD_TV_08\build\_deps\googletest-src\googletest\src\gtest_main.cc
Note: Google Test filter = InvalidChannels/TunerInvalidChannelTest.testSetChForInvalidChannel/4
[==========] Running 1 test from 1 test suite.
[----------] Global test environment set-up.
[----------] 1 test from InvalidChannels/TunerInvalidChannelTest
[ RUN      ] InvalidChannels/TunerInvalidChannelTest.testSetChForInvalidChannel/4
[       OK ] InvalidChannels/TunerInvalidChannelTest.testSetChForInvalidChannel/4 (0 ms)
[----------] 1 test from InvalidChannels/TunerInvalidChannelTest (0 ms total)

[----------] Global test environment tear-down
[==========] 1 test from 1 test suite ran. (0 ms total)
[  PASSED  ] 1 test.
<end of output>
Test time =   0.51 sec
----------------------------------------------------------
Test Passed.
"InvalidChannels/TunerInvalidChannelTest.testSetChForInvalidChannel/"9999"" end time: May 15 16:14 대한민국 표준시
"InvalidChannels/TunerInvalidChannelTest.testSetChForInvalidChannel/"9999"" time elapsed: 00:00:00
----------------------------------------------------------

End testing: May 15 16:14 대한민국 표준시
