TN:
SF:C:\mingw64\include\c++\15.2.0\new
FN:206,_ZnwyPv
FNDA:2435,_ZnwyPv
FN:217,_ZdlPvS_
FNDA:0,_ZdlPvS_
DA:206,2435
DA:208,2435
DA:217,0
DA:219,0
end_of_record
SF:C:\mingw64\include\c++\15.2.0\typeinfo
FN:104,_ZNKSt9type_info4nameEv
FNDA:0,_ZNKSt9type_info4nameEv
DA:104,0
DA:105,0
end_of_record
SF:C:\mingw64\include\c++\15.2.0\bits\basic_string.tcc
FN:143,_ZNSt7__cxx1112basic_stringIcSt11char_traitsIcESaIcEE9_M_createERyy
FNDA:4041,_ZNSt7__cxx1112basic_stringIcSt11char_traitsIcESaIcEE9_M_createERyy
FN:227,_ZNSt7__cxx1112basic_stringIcSt11char_traitsIcESaIcEE12_M_constructIPKcEEvT_S8_St20forward_iterator_tag
FNDA:2743,_ZNSt7__cxx1112basic_stringIcSt11char_traitsIcESaIcEE12_M_constructIPKcEEvT_S8_St20forward_iterator_tag
FN:245,_ZZNSt7__cxx1112basic_stringIcSt11char_traitsIcESaIcEE12_M_constructIPKcEEvT_S8_St20forward_iterator_tagEN6_GuardC1EPS4_
FNDA:2743,_ZZNSt7__cxx1112basic_stringIcSt11char_traitsIcESaIcEE12_M_constructIPKcEEvT_S8_St20forward_iterator_tagEN6_GuardC1EPS4_
FN:248,_ZZNSt7__cxx1112basic_stringIcSt11char_traitsIcESaIcEE12_M_constructIPKcEEvT_S8_St20forward_iterator_tagEN6_GuardD1Ev
FNDA:2743,_ZZNSt7__cxx1112basic_stringIcSt11char_traitsIcESaIcEE12_M_constructIPKcEEvT_S8_St20forward_iterator_tagEN6_GuardD1Ev
FN:286,_ZNSt7__cxx1112basic_stringIcSt11char_traitsIcESaIcEE12_M_constructILb1EEEvPKcy
FNDA:2691,_ZNSt7__cxx1112basic_stringIcSt11char_traitsIcESaIcEE12_M_constructILb1EEEvPKcy
FN:308,_ZNSt7__cxx1112basic_stringIcSt11char_traitsIcESaIcEE9_M_assignERKS4_
FNDA:184,_ZNSt7__cxx1112basic_stringIcSt11char_traitsIcESaIcEE9_M_assignERKS4_
FN:335,_ZNSt7__cxx1112basic_stringIcSt11char_traitsIcESaIcEE7reserveEy
FNDA:1399,_ZNSt7__cxx1112basic_stringIcSt11char_traitsIcESaIcEE7reserveEy
FN:356,_ZNSt7__cxx1112basic_stringIcSt11char_traitsIcESaIcEE9_M_mutateEyyPKcy
FNDA:408,_ZNSt7__cxx1112basic_stringIcSt11char_traitsIcESaIcEE9_M_mutateEyyPKcy
FN:381,_ZNSt7__cxx1112basic_stringIcSt11char_traitsIcESaIcEE8_M_eraseEyy
FNDA:0,_ZNSt7__cxx1112basic_stringIcSt11char_traitsIcESaIcEE8_M_eraseEyy
FN:444,_ZNSt7__cxx1112basic_stringIcSt11char_traitsIcESaIcEE9_M_appendEPKcy
FNDA:1290,_ZNSt7__cxx1112basic_stringIcSt11char_traitsIcESaIcEE9_M_appendEPKcy
FN:510,_ZNSt7__cxx1112basic_stringIcSt11char_traitsIcESaIcEE15_M_replace_coldEPcyPKcyy
FNDA:0,_ZNSt7__cxx1112basic_stringIcSt11char_traitsIcESaIcEE15_M_replace_coldEPcyPKcyy
FN:542,_ZNSt7__cxx1112basic_stringIcSt11char_traitsIcESaIcEE10_M_replaceEyyPKcy
FNDA:40,_ZNSt7__cxx1112basic_stringIcSt11char_traitsIcESaIcEE10_M_replaceEyyPKcy
FN:657,_ZNKSt7__cxx1112basic_stringIcSt11char_traitsIcESaIcEE4findEPKcyy
FNDA:0,_ZNKSt7__cxx1112basic_stringIcSt11char_traitsIcESaIcEE4findEPKcyy
DA:143,4041
DA:148,4041
DA:149,0
DA:154,4041
DA:156,560
DA:158,560
DA:159,0
DA:164,4041
DA:227,2743
DA:231,2743
DA:233,2743
DA:235,1129
DA:236,1129
DA:245,2743
DA:248,2743
DA:251,2743
DA:253,2743
DA:255,2743
DA:257,2743
DA:258,2743
DA:286,2691
DA:289,2691
DA:291,1267
DA:292,1267
DA:298,2691
DA:300,2691
DA:303,2691
DA:308,184
DA:311,184
DA:313,184
DA:314,184
DA:316,184
DA:318,41
DA:319,41
DA:320,41
DA:321,41
DA:322,41
DA:325,184
DA:326,106
DA:328,184
DA:330,184
DA:335,1399
DA:338,1399
DA:343,1399
DA:344,371
DA:346,1028
DA:347,1028
DA:348,1028
DA:349,1028
DA:350,1028
DA:356,408
DA:360,408
DA:362,408
DA:363,408
DA:365,408
DA:366,372
DA:367,408
DA:368,408
DA:369,408
DA:370,0
DA:371,0
DA:373,408
DA:374,408
DA:375,408
DA:376,408
DA:381,0
DA:384,0
DA:386,0
DA:387,0
DA:389,0
DA:390,0
DA:444,1290
DA:447,1290
DA:449,1290
DA:451,918
DA:452,912
DA:455,372
DA:457,1290
DA:458,1290
DA:510,0
DA:515,0
DA:516,0
DA:517,0
DA:518,0
DA:519,0
DA:521,0
DA:522,0
DA:523,0
DA:527,0
DA:528,0
DA:532,0
DA:533,0
DA:534,0
DA:537,0
DA:542,40
DA:546,40
DA:548,40
DA:549,40
DA:551,40
DA:553,4
DA:555,4
DA:568,4
DA:570,4
DA:571,0
DA:572,4
DA:573,4
DA:576,0
DA:579,36
DA:581,40
DA:582,40
DA:657,0
DA:662,0
DA:664,0
DA:665,0
DA:666,0
DA:667,0
DA:669,0
DA:670,0
DA:671,0
DA:672,0
DA:673,0
DA:675,0
DA:678,0
DA:679,0
DA:680,0
DA:684,0
DA:685,0
DA:686,0
DA:688,0
end_of_record
SF:C:\mingw64\include\c++\15.2.0\bits\stl_pair.h
FN:901,_ZNSt4pairISt17_Rb_tree_iteratorINSt7__cxx1112basic_stringIcSt11char_traitsIcESaIcEEEEbEC1IS7_bLb1EEEOT_OT0_
FNDA:140,_ZNSt4pairISt17_Rb_tree_iteratorINSt7__cxx1112basic_stringIcSt11char_traitsIcESaIcEEEEbEC1IS7_bLb1EEEOT_OT0_
FN:901,_ZNSt4pairISt23_Rb_tree_const_iteratorINSt7__cxx1112basic_stringIcSt11char_traitsIcESaIcEEEEbEC1IRSt17_Rb_tree_iteratorIS6_ERbLb1EEEOT_OT0_
FNDA:140,_ZNSt4pairISt23_Rb_tree_const_iteratorINSt7__cxx1112basic_stringIcSt11char_traitsIcESaIcEEEEbEC1IRSt17_Rb_tree_iteratorIS6_ERbLb1EEEOT_OT0_
FN:901,_ZNSt4pairIPSt18_Rb_tree_node_baseS1_EC1IRS1_S1_Lb1EEEOT_OT0_
FNDA:0,_ZNSt4pairIPSt18_Rb_tree_node_baseS1_EC1IRS1_S1_Lb1EEEOT_OT0_
FN:901,_ZNSt4pairIPSt18_Rb_tree_node_baseS1_EC1IRS1_S4_Lb1EEEOT_OT0_
FNDA:198,_ZNSt4pairIPSt18_Rb_tree_node_baseS1_EC1IRS1_S4_Lb1EEEOT_OT0_
DA:901,140
DA:902,140
DA:903,140
DA:901,140
DA:902,280
DA:903,140
DA:901,0
DA:902,0
DA:903,0
DA:901,198
DA:902,198
DA:903,198
end_of_record
SF:C:\DEV\TDD_TV_08\build-cov\_deps\googletest-src\googlemock\include\gmock\internal\gmock-internal-utils.h
FN:242,_ZN7testing8internal6AssertEbPKciRKNSt7__cxx1112basic_stringIcSt11char_traitsIcESaIcEEE
FNDA:56,_ZN7testing8internal6AssertEbPKciRKNSt7__cxx1112basic_stringIcSt11char_traitsIcESaIcEEE
FN:255,_ZN7testing8internal6ExpectEbPKciRKNSt7__cxx1112basic_stringIcSt11char_traitsIcESaIcEEE
FNDA:13,_ZN7testing8internal6ExpectEbPKciRKNSt7__cxx1112basic_stringIcSt11char_traitsIcESaIcEEE
FN:423,_ZN7testing8internal9ApplyImplIRKSt8functionIFvRKNSt7__cxx1112basic_stringIcSt11char_traitsIcESaIcEEEEESt5tupleIJSA_EEJLy0EEEEDTclcl7forwardIT_Efp_Espcl3getIXT1_EEcl7forwardIT0_Efp0_EEEEOSH_OSI_NS0_13IndexSequenceIJXspT1_EEEE
FNDA:5,_ZN7testing8internal9ApplyImplIRKSt8functionIFvRKNSt7__cxx1112basic_stringIcSt11char_traitsIcESaIcEEEEESt5tupleIJSA_EEJLy0EEEEDTclcl7forwardIT_Efp_Espcl3getIXT1_EEcl7forwardIT0_Efp0_EEEEOSH_OSI_NS0_13IndexSequenceIJXspT1_EEEE
FN:423,_ZN7testing8internal9ApplyImplIRKSt8functionIFNSt7__cxx1112basic_stringIcSt11char_traitsIcESaIcEEEvEESt5tupleIJEEJEEEDTclcl7forwardIT_Efp_Espcl3getIXT1_EEcl7forwardIT0_Efp0_EEEEOSF_OSG_NS0_13IndexSequenceIJXspT1_EEEE
FNDA:26,_ZN7testing8internal9ApplyImplIRKSt8functionIFNSt7__cxx1112basic_stringIcSt11char_traitsIcESaIcEEEvEESt5tupleIJEEJEEEDTclcl7forwardIT_Efp_Espcl3getIXT1_EEcl7forwardIT0_Efp0_EEEEOSF_OSG_NS0_13IndexSequenceIJXspT1_EEEE
FN:431,_ZN7testing8internal5ApplyIRKSt8functionIFvRKNSt7__cxx1112basic_stringIcSt11char_traitsIcESaIcEEEEESt5tupleIJSA_EEEEDTcl9ApplyImplcl7forwardIT_Efp_Ecl7forwardIT0_Efp0_EcvNS0_21MakeIndexSequenceImplIXsrSt10tuple_sizeINSt16remove_referenceISI_E4typeEE5valueEE4typeE_EEEOSH_OSI_
FNDA:5,_ZN7testing8internal5ApplyIRKSt8functionIFvRKNSt7__cxx1112basic_stringIcSt11char_traitsIcESaIcEEEEESt5tupleIJSA_EEEEDTcl9ApplyImplcl7forwardIT_Efp_Ecl7forwardIT0_Efp0_EcvNS0_21MakeIndexSequenceImplIXsrSt10tuple_sizeINSt16remove_referenceISI_E4typeEE5valueEE4typeE_EEEOSH_OSI_
FN:431,_ZN7testing8internal5ApplyIRKSt8functionIFNSt7__cxx1112basic_stringIcSt11char_traitsIcESaIcEEEvEESt5tupleIJEEEEDTcl9ApplyImplcl7forwardIT_Efp_Ecl7forwardIT0_Efp0_EcvNS0_21MakeIndexSequenceImplIXsrSt10tuple_sizeINSt16remove_referenceISG_E4typeEE5valueEE4typeE_EEEOSF_OSG_
FNDA:26,_ZN7testing8internal5ApplyIRKSt8functionIFNSt7__cxx1112basic_stringIcSt11char_traitsIcESaIcEEEvEESt5tupleIJEEEEDTcl9ApplyImplcl7forwardIT_Efp_Ecl7forwardIT0_Efp0_EcvNS0_21MakeIndexSequenceImplIXsrSt10tuple_sizeINSt16remove_referenceISG_E4typeEE5valueEE4typeE_EEEOSF_OSG_
DA:242,56
DA:244,56
DA:245,0
DA:248,56
DA:255,13
DA:257,13
DA:258,0
DA:261,13
DA:423,5
DA:426,10
DA:423,26
DA:426,26
DA:431,5
DA:435,10
DA:437,0
DA:431,26
DA:437,52
end_of_record
SF:C:\mingw64\include\c++\15.2.0\bits\stl_tree.h
FN:134,_ZNKSt18_Rb_tree_node_base11_M_base_ptrEv
FNDA:1649,_ZNKSt18_Rb_tree_node_base11_M_base_ptrEv
FN:144,_ZNSt20_Rb_tree_key_compareISt4lessINSt7__cxx1112basic_stringIcSt11char_traitsIcESaIcEEEEEC2Ev
FNDA:56,_ZNSt20_Rb_tree_key_compareISt4lessINSt7__cxx1112basic_stringIcSt11char_traitsIcESaIcEEEEEC2Ev
FN:144,_ZNSt20_Rb_tree_key_compareIN7testing11Expectation4LessEEC2Ev
FNDA:19,_ZNSt20_Rb_tree_key_compareIN7testing11Expectation4LessEEC2Ev
FN:171,_ZNSt15_Rb_tree_headerC2Ev
FNDA:128,_ZNSt15_Rb_tree_headerC2Ev
FN:204,_ZNSt15_Rb_tree_header8_M_resetEv
FNDA:167,_ZNSt15_Rb_tree_header8_M_resetEv
FN:230,_ZNSt13_Rb_tree_nodeINSt7__cxx1112basic_stringIcSt11char_traitsIcESaIcEEEE9_M_valptrEv
FNDA:280,_ZNSt13_Rb_tree_nodeINSt7__cxx1112basic_stringIcSt11char_traitsIcESaIcEEEE9_M_valptrEv
FN:230,_ZNSt13_Rb_tree_nodeIN7testing11ExpectationEE9_M_valptrEv
FNDA:0,_ZNSt13_Rb_tree_nodeIN7testing11ExpectationEE9_M_valptrEv
FN:234,_ZNKSt13_Rb_tree_nodeINSt7__cxx1112basic_stringIcSt11char_traitsIcESaIcEEEE9_M_valptrEv
FNDA:672,_ZNKSt13_Rb_tree_nodeINSt7__cxx1112basic_stringIcSt11char_traitsIcESaIcEEEE9_M_valptrEv
FN:234,_ZNKSt13_Rb_tree_nodeIN7testing11ExpectationEE9_M_valptrEv
FNDA:0,_ZNKSt13_Rb_tree_nodeIN7testing11ExpectationEE9_M_valptrEv
FN:239,_ZNSt13_Rb_tree_nodeINSt7__cxx1112basic_stringIcSt11char_traitsIcESaIcEEEE11_M_node_ptrEv
FNDA:140,_ZNSt13_Rb_tree_nodeINSt7__cxx1112basic_stringIcSt11char_traitsIcESaIcEEEE11_M_node_ptrEv
FN:239,_ZNSt13_Rb_tree_nodeIN7testing11ExpectationEE11_M_node_ptrEv
FNDA:0,_ZNSt13_Rb_tree_nodeIN7testing11ExpectationEE11_M_node_ptrEv
FN:388,_ZNSt17_Rb_tree_iteratorINSt7__cxx1112basic_stringIcSt11char_traitsIcESaIcEEEEC1EPSt18_Rb_tree_node_base
FNDA:308,_ZNSt17_Rb_tree_iteratorINSt7__cxx1112basic_stringIcSt11char_traitsIcESaIcEEEEC1EPSt18_Rb_tree_node_base
FN:415,_ZNSt17_Rb_tree_iteratorINSt7__cxx1112basic_stringIcSt11char_traitsIcESaIcEEEEmmEv
FNDA:0,_ZNSt17_Rb_tree_iteratorINSt7__cxx1112basic_stringIcSt11char_traitsIcESaIcEEEEmmEv
FN:430,_ZSteqRKSt17_Rb_tree_iteratorINSt7__cxx1112basic_stringIcSt11char_traitsIcESaIcEEEES8_
FNDA:28,_ZSteqRKSt17_Rb_tree_iteratorINSt7__cxx1112basic_stringIcSt11char_traitsIcESaIcEEEES8_
FN:463,_ZNSt23_Rb_tree_const_iteratorIN7testing11ExpectationEEC1EPSt18_Rb_tree_node_base
FNDA:148,_ZNSt23_Rb_tree_const_iteratorIN7testing11ExpectationEEC1EPSt18_Rb_tree_node_base
FN:463,_ZNSt23_Rb_tree_const_iteratorINSt7__cxx1112basic_stringIcSt11char_traitsIcESaIcEEEEC1EPSt18_Rb_tree_node_base
FNDA:560,_ZNSt23_Rb_tree_const_iteratorINSt7__cxx1112basic_stringIcSt11char_traitsIcESaIcEEEEC1EPSt18_Rb_tree_node_base
FN:466,_ZNSt23_Rb_tree_const_iteratorINSt7__cxx1112basic_stringIcSt11char_traitsIcESaIcEEEEC1ERKSt17_Rb_tree_iteratorIS5_E
FNDA:140,_ZNSt23_Rb_tree_const_iteratorINSt7__cxx1112basic_stringIcSt11char_traitsIcESaIcEEEEC1ERKSt17_Rb_tree_iteratorIS5_E
FN:474,_ZNKSt23_Rb_tree_const_iteratorIN7testing11ExpectationEEptEv
FNDA:0,_ZNKSt23_Rb_tree_const_iteratorIN7testing11ExpectationEEptEv
FN:478,_ZNSt23_Rb_tree_const_iteratorIN7testing11ExpectationEEppEv
FNDA:0,_ZNSt23_Rb_tree_const_iteratorIN7testing11ExpectationEEppEv
FN:508,_ZSteqRKSt23_Rb_tree_const_iteratorINSt7__cxx1112basic_stringIcSt11char_traitsIcESaIcEEEES8_
FNDA:280,_ZSteqRKSt23_Rb_tree_const_iteratorINSt7__cxx1112basic_stringIcSt11char_traitsIcESaIcEEEES8_
FN:514,_ZStneRKSt23_Rb_tree_const_iteratorIN7testing11ExpectationEES4_
FNDA:74,_ZStneRKSt23_Rb_tree_const_iteratorIN7testing11ExpectationEES4_
FN:689,_ZNSt9__rb_tree12_Node_traitsINSt7__cxx1112basic_stringIcSt11char_traitsIcESaIcEEEPS6_E23_S_insert_and_rebalanceEbPSt18_Rb_tree_node_baseSA_RS9_
FNDA:140,_ZNSt9__rb_tree12_Node_traitsINSt7__cxx1112basic_stringIcSt11char_traitsIcESaIcEEEPS6_E23_S_insert_and_rebalanceEbPSt18_Rb_tree_node_baseSA_RS9_
FN:1130,_ZNSt8_Rb_treeINSt7__cxx1112basic_stringIcSt11char_traitsIcESaIcEEES5_St9_IdentityIS5_ESt4lessIS5_ESaIS5_EE11_Alloc_nodeC1ERSB_
FNDA:140,_ZNSt8_Rb_treeINSt7__cxx1112basic_stringIcSt11char_traitsIcESaIcEEES5_St9_IdentityIS5_ESt4lessIS5_ESaIS5_EE11_Alloc_nodeC1ERSB_
FN:1135,_ZNKSt8_Rb_treeINSt7__cxx1112basic_stringIcSt11char_traitsIcESaIcEEES5_St9_IdentityIS5_ESt4lessIS5_ESaIS5_EE11_Alloc_nodeclIRKS5_EEPSt13_Rb_tree_nodeIS5_EOT_
FNDA:140,_ZNKSt8_Rb_treeINSt7__cxx1112basic_stringIcSt11char_traitsIcESaIcEEES5_St9_IdentityIS5_ESt4lessIS5_ESaIS5_EE11_Alloc_nodeclIRKS5_EEPSt13_Rb_tree_nodeIS5_EOT_
FN:1154,_ZNSt8_Rb_treeIN7testing11ExpectationES1_St9_IdentityIS1_ENS1_4LessESaIS1_EE21_M_get_Node_allocatorEv
FNDA:0,_ZNSt8_Rb_treeIN7testing11ExpectationES1_St9_IdentityIS1_ENS1_4LessESaIS1_EE21_M_get_Node_allocatorEv
FN:1154,_ZNSt8_Rb_treeINSt7__cxx1112basic_stringIcSt11char_traitsIcESaIcEEES5_St9_IdentityIS5_ESt4lessIS5_ESaIS5_EE21_M_get_Node_allocatorEv
FNDA:560,_ZNSt8_Rb_treeINSt7__cxx1112basic_stringIcSt11char_traitsIcESaIcEEES5_St9_IdentityIS5_ESt4lessIS5_ESaIS5_EE21_M_get_Node_allocatorEv
FN:1167,_ZNSt8_Rb_treeINSt7__cxx1112basic_stringIcSt11char_traitsIcESaIcEEES5_St9_IdentityIS5_ESt4lessIS5_ESaIS5_EE11_M_get_nodeEv
FNDA:140,_ZNSt8_Rb_treeINSt7__cxx1112basic_stringIcSt11char_traitsIcESaIcEEES5_St9_IdentityIS5_ESt4lessIS5_ESaIS5_EE11_M_get_nodeEv
FN:1188,_ZNSt8_Rb_treeIN7testing11ExpectationES1_St9_IdentityIS1_ENS1_4LessESaIS1_EE11_M_put_nodeEPSt13_Rb_tree_nodeIS1_E
FNDA:0,_ZNSt8_Rb_treeIN7testing11ExpectationES1_St9_IdentityIS1_ENS1_4LessESaIS1_EE11_M_put_nodeEPSt13_Rb_tree_nodeIS1_E
FN:1188,_ZNSt8_Rb_treeINSt7__cxx1112basic_stringIcSt11char_traitsIcESaIcEEES5_St9_IdentityIS5_ESt4lessIS5_ESaIS5_EE11_M_put_nodeEPSt13_Rb_tree_nodeIS5_E
FNDA:140,_ZNSt8_Rb_treeINSt7__cxx1112basic_stringIcSt11char_traitsIcESaIcEEES5_St9_IdentityIS5_ESt4lessIS5_ESaIS5_EE11_M_put_nodeEPSt13_Rb_tree_nodeIS5_E
FN:1232,_ZNSt8_Rb_treeINSt7__cxx1112basic_stringIcSt11char_traitsIcESaIcEEES5_St9_IdentityIS5_ESt4lessIS5_ESaIS5_EE17_M_construct_nodeIJRKS5_EEEvPSt13_Rb_tree_nodeIS5_EDpOT_
FNDA:140,_ZNSt8_Rb_treeINSt7__cxx1112basic_stringIcSt11char_traitsIcESaIcEEES5_St9_IdentityIS5_ESt4lessIS5_ESaIS5_EE17_M_construct_nodeIJRKS5_EEEvPSt13_Rb_tree_nodeIS5_EDpOT_
FN:1251,_ZNSt8_Rb_treeINSt7__cxx1112basic_stringIcSt11char_traitsIcESaIcEEES5_St9_IdentityIS5_ESt4lessIS5_ESaIS5_EE14_M_create_nodeIJRKS5_EEEPSt13_Rb_tree_nodeIS5_EDpOT_
FNDA:140,_ZNSt8_Rb_treeINSt7__cxx1112basic_stringIcSt11char_traitsIcESaIcEEES5_St9_IdentityIS5_ESt4lessIS5_ESaIS5_EE14_M_create_nodeIJRKS5_EEEPSt13_Rb_tree_nodeIS5_EDpOT_
FN:1260,_ZNSt8_Rb_treeIN7testing11ExpectationES1_St9_IdentityIS1_ENS1_4LessESaIS1_EE15_M_destroy_nodeEPSt13_Rb_tree_nodeIS1_E
FNDA:0,_ZNSt8_Rb_treeIN7testing11ExpectationES1_St9_IdentityIS1_ENS1_4LessESaIS1_EE15_M_destroy_nodeEPSt13_Rb_tree_nodeIS1_E
FN:1260,_ZNSt8_Rb_treeINSt7__cxx1112basic_stringIcSt11char_traitsIcESaIcEEES5_St9_IdentityIS5_ESt4lessIS5_ESaIS5_EE15_M_destroy_nodeEPSt13_Rb_tree_nodeIS5_E
FNDA:140,_ZNSt8_Rb_treeINSt7__cxx1112basic_stringIcSt11char_traitsIcESaIcEEES5_St9_IdentityIS5_ESt4lessIS5_ESaIS5_EE15_M_destroy_nodeEPSt13_Rb_tree_nodeIS5_E
FN:1271,_ZNSt8_Rb_treeINSt7__cxx1112basic_stringIcSt11char_traitsIcESaIcEEES5_St9_IdentityIS5_ESt4lessIS5_ESaIS5_EE12_M_drop_nodeEPSt13_Rb_tree_nodeIS5_E
FNDA:140,_ZNSt8_Rb_treeINSt7__cxx1112basic_stringIcSt11char_traitsIcESaIcEEES5_St9_IdentityIS5_ESt4lessIS5_ESaIS5_EE12_M_drop_nodeEPSt13_Rb_tree_nodeIS5_E
FN:1271,_ZNSt8_Rb_treeIN7testing11ExpectationES1_St9_IdentityIS1_ENS1_4LessESaIS1_EE12_M_drop_nodeEPSt13_Rb_tree_nodeIS1_E
FNDA:0,_ZNSt8_Rb_treeIN7testing11ExpectationES1_St9_IdentityIS1_ENS1_4LessESaIS1_EE12_M_drop_nodeEPSt13_Rb_tree_nodeIS1_E
FN:1310,_ZNSt8_Rb_treeIN7testing11ExpectationES1_St9_IdentityIS1_ENS1_4LessESaIS1_EE13_Rb_tree_implIS4_Lb1EEC1Ev
FNDA:19,_ZNSt8_Rb_treeIN7testing11ExpectationES1_St9_IdentityIS1_ENS1_4LessESaIS1_EE13_Rb_tree_implIS4_Lb1EEC1Ev
FN:1310,_ZNSt8_Rb_treeINSt7__cxx1112basic_stringIcSt11char_traitsIcESaIcEEES5_St9_IdentityIS5_ESt4lessIS5_ESaIS5_EE13_Rb_tree_implIS9_Lb1EEC1Ev
FNDA:42,_ZNSt8_Rb_treeINSt7__cxx1112basic_stringIcSt11char_traitsIcESaIcEEES5_St9_IdentityIS5_ESt4lessIS5_ESaIS5_EE13_Rb_tree_implIS9_Lb1EEC1Ev
FN:1377,_ZNKSt8_Rb_treeINSt7__cxx1112basic_stringIcSt11char_traitsIcESaIcEEES5_St9_IdentityIS5_ESt4lessIS5_ESaIS5_EE8_M_beginEv
FNDA:280,_ZNKSt8_Rb_treeINSt7__cxx1112basic_stringIcSt11char_traitsIcESaIcEEES5_St9_IdentityIS5_ESt4lessIS5_ESaIS5_EE8_M_beginEv
FN:1381,_ZNKSt8_Rb_treeIN7testing11ExpectationES1_St9_IdentityIS1_ENS1_4LessESaIS1_EE13_M_begin_nodeEv
FNDA:19,_ZNKSt8_Rb_treeIN7testing11ExpectationES1_St9_IdentityIS1_ENS1_4LessESaIS1_EE13_M_begin_nodeEv
FN:1381,_ZNKSt8_Rb_treeINSt7__cxx1112basic_stringIcSt11char_traitsIcESaIcEEES5_St9_IdentityIS5_ESt4lessIS5_ESaIS5_EE13_M_begin_nodeEv
FNDA:28,_ZNKSt8_Rb_treeINSt7__cxx1112basic_stringIcSt11char_traitsIcESaIcEEES5_St9_IdentityIS5_ESt4lessIS5_ESaIS5_EE13_M_begin_nodeEv
FN:1390,_ZNKSt8_Rb_treeINSt7__cxx1112basic_stringIcSt11char_traitsIcESaIcEEES5_St9_IdentityIS5_ESt4lessIS5_ESaIS5_EE6_M_endEv
FNDA:840,_ZNKSt8_Rb_treeINSt7__cxx1112basic_stringIcSt11char_traitsIcESaIcEEES5_St9_IdentityIS5_ESt4lessIS5_ESaIS5_EE6_M_endEv
FN:1390,_ZNKSt8_Rb_treeIN7testing11ExpectationES1_St9_IdentityIS1_ENS1_4LessESaIS1_EE6_M_endEv
FNDA:74,_ZNKSt8_Rb_treeIN7testing11ExpectationES1_St9_IdentityIS1_ENS1_4LessESaIS1_EE6_M_endEv
FN:1394,_ZNSt8_Rb_treeINSt7__cxx1112basic_stringIcSt11char_traitsIcESaIcEEES5_St9_IdentityIS5_ESt4lessIS5_ESaIS5_EE6_S_keyERKSt13_Rb_tree_nodeIS5_E
FNDA:672,_ZNSt8_Rb_treeINSt7__cxx1112basic_stringIcSt11char_traitsIcESaIcEEES5_St9_IdentityIS5_ESt4lessIS5_ESaIS5_EE6_S_keyERKSt13_Rb_tree_nodeIS5_E
FN:1416,_ZNSt8_Rb_treeINSt7__cxx1112basic_stringIcSt11char_traitsIcESaIcEEES5_St9_IdentityIS5_ESt4lessIS5_ESaIS5_EE6_S_keyEPSt18_Rb_tree_node_base
FNDA:672,_ZNSt8_Rb_treeINSt7__cxx1112basic_stringIcSt11char_traitsIcESaIcEEES5_St9_IdentityIS5_ESt4lessIS5_ESaIS5_EE6_S_keyEPSt18_Rb_tree_node_base
FN:1424,_ZNSt8_Rb_treeINSt7__cxx1112basic_stringIcSt11char_traitsIcESaIcEEES5_St9_IdentityIS5_ESt4lessIS5_ESaIS5_EE7_S_leftEPSt18_Rb_tree_node_base
FNDA:0,_ZNSt8_Rb_treeINSt7__cxx1112basic_stringIcSt11char_traitsIcESaIcEEES5_St9_IdentityIS5_ESt4lessIS5_ESaIS5_EE7_S_leftEPSt18_Rb_tree_node_base
FN:1428,_ZNSt8_Rb_treeIN7testing11ExpectationES1_St9_IdentityIS1_ENS1_4LessESaIS1_EE7_S_leftEPSt13_Rb_tree_nodeIS1_E
FNDA:0,_ZNSt8_Rb_treeIN7testing11ExpectationES1_St9_IdentityIS1_ENS1_4LessESaIS1_EE7_S_leftEPSt13_Rb_tree_nodeIS1_E
FN:1428,_ZNSt8_Rb_treeINSt7__cxx1112basic_stringIcSt11char_traitsIcESaIcEEES5_St9_IdentityIS5_ESt4lessIS5_ESaIS5_EE7_S_leftEPSt13_Rb_tree_nodeIS5_E
FNDA:140,_ZNSt8_Rb_treeINSt7__cxx1112basic_stringIcSt11char_traitsIcESaIcEEES5_St9_IdentityIS5_ESt4lessIS5_ESaIS5_EE7_S_leftEPSt13_Rb_tree_nodeIS5_E
FN:1436,_ZNSt8_Rb_treeINSt7__cxx1112basic_stringIcSt11char_traitsIcESaIcEEES5_St9_IdentityIS5_ESt4lessIS5_ESaIS5_EE8_S_rightEPSt18_Rb_tree_node_base
FNDA:448,_ZNSt8_Rb_treeINSt7__cxx1112basic_stringIcSt11char_traitsIcESaIcEEES5_St9_IdentityIS5_ESt4lessIS5_ESaIS5_EE8_S_rightEPSt18_Rb_tree_node_base
FN:1440,_ZNSt8_Rb_treeINSt7__cxx1112basic_stringIcSt11char_traitsIcESaIcEEES5_St9_IdentityIS5_ESt4lessIS5_ESaIS5_EE8_S_rightEPSt13_Rb_tree_nodeIS5_E
FNDA:140,_ZNSt8_Rb_treeINSt7__cxx1112basic_stringIcSt11char_traitsIcESaIcEEES5_St9_IdentityIS5_ESt4lessIS5_ESaIS5_EE8_S_rightEPSt13_Rb_tree_nodeIS5_E
FN:1440,_ZNSt8_Rb_treeIN7testing11ExpectationES1_St9_IdentityIS1_ENS1_4LessESaIS1_EE8_S_rightEPSt13_Rb_tree_nodeIS1_E
FNDA:0,_ZNSt8_Rb_treeIN7testing11ExpectationES1_St9_IdentityIS1_ENS1_4LessESaIS1_EE8_S_rightEPSt13_Rb_tree_nodeIS1_E
FN:1553,_ZNSt8_Rb_treeINSt7__cxx1112basic_stringIcSt11char_traitsIcESaIcEEES5_St9_IdentityIS5_ESt4lessIS5_ESaIS5_EEC1Ev
FNDA:42,_ZNSt8_Rb_treeINSt7__cxx1112basic_stringIcSt11char_traitsIcESaIcEEES5_St9_IdentityIS5_ESt4lessIS5_ESaIS5_EEC1Ev
FN:1553,_ZNSt8_Rb_treeIN7testing11ExpectationES1_St9_IdentityIS1_ENS1_4LessESaIS1_EEC1Ev
FNDA:19,_ZNSt8_Rb_treeIN7testing11ExpectationES1_St9_IdentityIS1_ENS1_4LessESaIS1_EEC1Ev
FN:1608,_ZNSt8_Rb_treeIN7testing11ExpectationES1_St9_IdentityIS1_ENS1_4LessESaIS1_EED1Ev
FNDA:19,_ZNSt8_Rb_treeIN7testing11ExpectationES1_St9_IdentityIS1_ENS1_4LessESaIS1_EED1Ev
FN:1608,_ZNSt8_Rb_treeINSt7__cxx1112basic_stringIcSt11char_traitsIcESaIcEEES5_St9_IdentityIS5_ESt4lessIS5_ESaIS5_EED1Ev
FNDA:28,_ZNSt8_Rb_treeINSt7__cxx1112basic_stringIcSt11char_traitsIcESaIcEEES5_St9_IdentityIS5_ESt4lessIS5_ESaIS5_EED1Ev
FN:1620,_ZNSt8_Rb_treeINSt7__cxx1112basic_stringIcSt11char_traitsIcESaIcEEES5_St9_IdentityIS5_ESt4lessIS5_ESaIS5_EE5beginEv
FNDA:28,_ZNSt8_Rb_treeINSt7__cxx1112basic_stringIcSt11char_traitsIcESaIcEEES5_St9_IdentityIS5_ESt4lessIS5_ESaIS5_EE5beginEv
FN:1624,_ZNKSt8_Rb_treeIN7testing11ExpectationES1_St9_IdentityIS1_ENS1_4LessESaIS1_EE5beginEv
FNDA:74,_ZNKSt8_Rb_treeIN7testing11ExpectationES1_St9_IdentityIS1_ENS1_4LessESaIS1_EE5beginEv
FN:1632,_ZNKSt8_Rb_treeINSt7__cxx1112basic_stringIcSt11char_traitsIcESaIcEEES5_St9_IdentityIS5_ESt4lessIS5_ESaIS5_EE3endEv
FNDA:420,_ZNKSt8_Rb_treeINSt7__cxx1112basic_stringIcSt11char_traitsIcESaIcEEES5_St9_IdentityIS5_ESt4lessIS5_ESaIS5_EE3endEv
FN:1632,_ZNKSt8_Rb_treeIN7testing11ExpectationES1_St9_IdentityIS1_ENS1_4LessESaIS1_EE3endEv
FNDA:74,_ZNKSt8_Rb_treeIN7testing11ExpectationES1_St9_IdentityIS1_ENS1_4LessESaIS1_EE3endEv
FN:2467,_ZNSt8_Rb_treeINSt7__cxx1112basic_stringIcSt11char_traitsIcESaIcEEES5_St9_IdentityIS5_ESt4lessIS5_ESaIS5_EE10_M_insert_IRKS5_NSB_11_Alloc_nodeEEESt17_Rb_tree_iteratorIS5_EPSt18_Rb_tree_node_baseSJ_OT_RT0_
FNDA:140,_ZNSt8_Rb_treeINSt7__cxx1112basic_stringIcSt11char_traitsIcESaIcEEES5_St9_IdentityIS5_ESt4lessIS5_ESaIS5_EE10_M_insert_IRKS5_NSB_11_Alloc_nodeEEESt17_Rb_tree_iteratorIS5_EPSt18_Rb_tree_node_baseSJ_OT_RT0_
FN:2582,_ZNSt8_Rb_treeINSt7__cxx1112basic_stringIcSt11char_traitsIcESaIcEEES5_St9_IdentityIS5_ESt4lessIS5_ESaIS5_EE8_M_eraseEPSt13_Rb_tree_nodeIS5_E
FNDA:168,_ZNSt8_Rb_treeINSt7__cxx1112basic_stringIcSt11char_traitsIcESaIcEEES5_St9_IdentityIS5_ESt4lessIS5_ESaIS5_EE8_M_eraseEPSt13_Rb_tree_nodeIS5_E
FN:2582,_ZNSt8_Rb_treeIN7testing11ExpectationES1_St9_IdentityIS1_ENS1_4LessESaIS1_EE8_M_eraseEPSt13_Rb_tree_nodeIS1_E
FNDA:19,_ZNSt8_Rb_treeIN7testing11ExpectationES1_St9_IdentityIS1_ENS1_4LessESaIS1_EE8_M_eraseEPSt13_Rb_tree_nodeIS1_E
FN:2599,_ZNKSt8_Rb_treeINSt7__cxx1112basic_stringIcSt11char_traitsIcESaIcEEES5_St9_IdentityIS5_ESt4lessIS5_ESaIS5_EE14_M_lower_boundEPSt18_Rb_tree_node_baseSD_RKS5_
FNDA:140,_ZNKSt8_Rb_treeINSt7__cxx1112basic_stringIcSt11char_traitsIcESaIcEEES5_St9_IdentityIS5_ESt4lessIS5_ESaIS5_EE14_M_lower_boundEPSt18_Rb_tree_node_baseSD_RKS5_
FN:2730,_ZNSt8_Rb_treeINSt7__cxx1112basic_stringIcSt11char_traitsIcESaIcEEES5_St9_IdentityIS5_ESt4lessIS5_ESaIS5_EE24_M_get_insert_unique_posERKS5_
FNDA:140,_ZNSt8_Rb_treeINSt7__cxx1112basic_stringIcSt11char_traitsIcESaIcEEES5_St9_IdentityIS5_ESt4lessIS5_ESaIS5_EE24_M_get_insert_unique_posERKS5_
FN:2784,_ZNSt8_Rb_treeINSt7__cxx1112basic_stringIcSt11char_traitsIcESaIcEEES5_St9_IdentityIS5_ESt4lessIS5_ESaIS5_EE16_M_insert_uniqueIRKS5_EESt4pairISt17_Rb_tree_iteratorIS5_EbEOT_
FNDA:140,_ZNSt8_Rb_treeINSt7__cxx1112basic_stringIcSt11char_traitsIcESaIcEEES5_St9_IdentityIS5_ESt4lessIS5_ESaIS5_EE16_M_insert_uniqueIRKS5_EESt4pairISt17_Rb_tree_iteratorIS5_EbEOT_
FN:3162,_ZNKSt8_Rb_treeINSt7__cxx1112basic_stringIcSt11char_traitsIcESaIcEEES5_St9_IdentityIS5_ESt4lessIS5_ESaIS5_EE4findERKS5_
FNDA:140,_ZNKSt8_Rb_treeINSt7__cxx1112basic_stringIcSt11char_traitsIcESaIcEEES5_St9_IdentityIS5_ESt4lessIS5_ESaIS5_EE4findERKS5_
DA:134,1649
DA:135,1649
DA:144,56
DA:148,56
DA:144,19
DA:148,19
DA:171,128
DA:172,128
DA:173,128
DA:174,128
DA:175,128
DA:204,167
DA:206,167
DA:207,167
DA:208,167
DA:209,167
DA:210,167
DA:230,280
DA:231,280
DA:230,0
DA:231,0
DA:234,672
DA:235,672
DA:234,0
DA:235,0
DA:239,140
DA:240,140
DA:239,0
DA:240,0
DA:388,308
DA:389,308
DA:415,0
DA:417,0
DA:418,0
DA:430,28
DA:432,28
DA:463,560
DA:464,560
DA:463,148
DA:464,148
DA:466,140
DA:467,140
DA:474,0
DA:475,0
DA:478,0
DA:480,0
DA:481,0
DA:508,280
DA:510,280
DA:514,74
DA:516,74
DA:689,140
DA:693,140
DA:1130,140
DA:1131,140
DA:1135,140
DA:1136,280
DA:1154,560
DA:1155,560
DA:1154,0
DA:1155,0
DA:1167,140
DA:1170,280
DA:1188,140
DA:1191,140
DA:1207,140
DA:1188,0
DA:1191,0
DA:1207,0
DA:1232,140
DA:1236,140
DA:1237,140
DA:1241,0
DA:1243,0
DA:1244,0
DA:1245,0
DA:1247,140
DA:1251,140
DA:1253,140
DA:1254,140
DA:1255,140
DA:1260,140
DA:1265,140
DA:1266,140
DA:1268,140
DA:1260,0
DA:1265,0
DA:1266,0
DA:1268,0
DA:1271,140
DA:1273,140
DA:1274,140
DA:1275,140
DA:1271,0
DA:1273,0
DA:1274,0
DA:1275,0
DA:1310,42
DA:1314,42
DA:1315,42
DA:1310,19
DA:1314,19
DA:1315,19
DA:1377,280
DA:1378,280
DA:1381,28
DA:1383,28
DA:1385,28
DA:1386,0
DA:1381,19
DA:1383,19
DA:1385,19
DA:1386,19
DA:1390,840
DA:1391,840
DA:1390,74
DA:1391,74
DA:1394,672
DA:1412,672
DA:1416,672
DA:1417,672
DA:1424,0
DA:1425,0
DA:1428,140
DA:1430,140
DA:1431,140
DA:1432,84
DA:1428,0
DA:1430,0
DA:1431,0
DA:1432,0
DA:1436,448
DA:1437,448
DA:1440,140
DA:1442,140
DA:1443,140
DA:1444,84
DA:1440,0
DA:1442,0
DA:1443,0
DA:1444,0
DA:1553,42
DA:1553,19
DA:1608,28
DA:1609,28
DA:1608,19
DA:1609,19
DA:1620,28
DA:1621,28
DA:1624,74
DA:1625,74
DA:1632,420
DA:1633,420
DA:1632,74
DA:1633,74
DA:2467,140
DA:2476,140
DA:2477,280
DA:2481,140
DA:2484,140
DA:2485,140
DA:2486,140
DA:2582,168
DA:2586,308
DA:2588,140
DA:2589,140
DA:2590,140
DA:2591,140
DA:2593,168
DA:2582,19
DA:2586,19
DA:2588,0
DA:2589,0
DA:2590,0
DA:2591,0
DA:2593,19
DA:2599,140
DA:2603,364
DA:2604,224
DA:2605,0
DA:2607,224
DA:2608,140
DA:2730,140
DA:2734,140
DA:2735,140
DA:2736,140
DA:2737,364
DA:2739,224
DA:2740,224
DA:2741,224
DA:2743,140
DA:2744,140
DA:2746,28
DA:2747,28
DA:2749,0
DA:2751,112
DA:2752,112
DA:2753,0
DA:2784,140
DA:2793,140
DA:2795,140
DA:2797,140
DA:2798,140
DA:2800,280
DA:2803,0
DA:3162,140
DA:3165,140
DA:3166,280
DA:3167,0
DA:3168,280
end_of_record
SF:C:\DEV\TDD_TV_08\build-cov\_deps\googletest-src\googletest\include\gtest\gtest-printers.h
FN:221,_ZN7testing8internal52internal_stream_operator_without_lexical_name_lookup13StreamPrinter10PrintValueIjvEEDTcvvlsdefp0_fp_ERKT_PSo
FNDA:0,_ZN7testing8internal52internal_stream_operator_without_lexical_name_lookup13StreamPrinter10PrintValueIjvEEDTcvvlsdefp0_fp_ERKT_PSo
FN:221,_ZN7testing8internal52internal_stream_operator_without_lexical_name_lookup13StreamPrinter10PrintValueIyvEEDTcvvlsdefp0_fp_ERKT_PSo
FNDA:0,_ZN7testing8internal52internal_stream_operator_without_lexical_name_lookup13StreamPrinter10PrintValueIyvEEDTcvvlsdefp0_fp_ERKT_PSo
FN:326,_ZN7testing8internal17PrintWithFallbackIyEEvRKT_PSo
FNDA:0,_ZN7testing8internal17PrintWithFallbackIyEEvRKT_PSo
FN:326,_ZN7testing8internal17PrintWithFallbackIjEEvRKT_PSo
FNDA:0,_ZN7testing8internal17PrintWithFallbackIjEEvRKT_PSo
FN:357,_ZN7testing8internal19FormatForComparisonINSt7__cxx1112basic_stringIcSt11char_traitsIcESaIcEEES7_E6FormatERKS7_
FNDA:0,_ZN7testing8internal19FormatForComparisonINSt7__cxx1112basic_stringIcSt11char_traitsIcESaIcEEES7_E6FormatERKS7_
FN:357,_ZN7testing8internal19FormatForComparisonIjyE6FormatB5cxx11ERKj
FNDA:0,_ZN7testing8internal19FormatForComparisonIjyE6FormatB5cxx11ERKj
FN:357,_ZN7testing8internal19FormatForComparisonIyjE6FormatB5cxx11ERKy
FNDA:0,_ZN7testing8internal19FormatForComparisonIyjE6FormatB5cxx11ERKy
FN:437,_ZN7testing8internal33FormatForComparisonFailureMessageINSt7__cxx1112basic_stringIcSt11char_traitsIcESaIcEEES7_EES7_RKT_RKT0_
FNDA:0,_ZN7testing8internal33FormatForComparisonFailureMessageINSt7__cxx1112basic_stringIcSt11char_traitsIcESaIcEEES7_EES7_RKT_RKT0_
FN:437,_ZN7testing8internal33FormatForComparisonFailureMessageIjyEENSt7__cxx1112basic_stringIcSt11char_traitsIcESaIcEEERKT_RKT0_
FNDA:0,_ZN7testing8internal33FormatForComparisonFailureMessageIjyEENSt7__cxx1112basic_stringIcSt11char_traitsIcESaIcEEERKT_RKT0_
FN:437,_ZN7testing8internal33FormatForComparisonFailureMessageIyjEENSt7__cxx1112basic_stringIcSt11char_traitsIcESaIcEEERKT_RKT0_
FNDA:0,_ZN7testing8internal33FormatForComparisonFailureMessageIyjEENSt7__cxx1112basic_stringIcSt11char_traitsIcESaIcEEERKT_RKT0_
FN:464,_ZN7testing8internal7PrintToIyEEvRKT_PSo
FNDA:0,_ZN7testing8internal7PrintToIyEEvRKT_PSo
FN:464,_ZN7testing8internal7PrintToIjEEvRKT_PSo
FNDA:0,_ZN7testing8internal7PrintToIjEEvRKT_PSo
FN:660,_ZN7testing8internal7PrintToERKNSt7__cxx1112basic_stringIcSt11char_traitsIcESaIcEEEPSo
FNDA:140,_ZN7testing8internal7PrintToERKNSt7__cxx1112basic_stringIcSt11char_traitsIcESaIcEEEPSo
FN:752,_ZN7testing8internal12PrintTupleToISt5tupleIJEEEEvRKT_St17integral_constantIyLy0EEPSo
FNDA:0,_ZN7testing8internal12PrintTupleToISt5tupleIJEEEEvRKT_St17integral_constantIyLy0EEPSo
FN:752,_ZN7testing8internal12PrintTupleToISt5tupleIJRKNSt7__cxx1112basic_stringIcSt11char_traitsIcESaIcEEEEEEEvRKT_St17integral_constantIyLy0EEPSo
FNDA:0,_ZN7testing8internal12PrintTupleToISt5tupleIJRKNSt7__cxx1112basic_stringIcSt11char_traitsIcESaIcEEEEEEEvRKT_St17integral_constantIyLy0EEPSo
FN:756,_ZN7testing8internal12PrintTupleToISt5tupleIJRKNSt7__cxx1112basic_stringIcSt11char_traitsIcESaIcEEEEELy1EEEvRKT_St17integral_constantIyXT0_EEPSo
FNDA:0,_ZN7testing8internal12PrintTupleToISt5tupleIJRKNSt7__cxx1112basic_stringIcSt11char_traitsIcESaIcEEEEELy1EEEvRKT_St17integral_constantIyXT0_EEPSo
FN:769,_ZN7testing8internal7PrintToIJRKNSt7__cxx1112basic_stringIcSt11char_traitsIcESaIcEEEEEEvRKSt5tupleIJDpT_EEPSo
FNDA:0,_ZN7testing8internal7PrintToIJRKNSt7__cxx1112basic_stringIcSt11char_traitsIcESaIcEEEEEEvRKSt5tupleIJDpT_EEPSo
FN:769,_ZN7testing8internal7PrintToIJEEEvRKSt5tupleIJDpT_EEPSo
FNDA:0,_ZN7testing8internal7PrintToIJEEEvRKSt5tupleIJDpT_EEPSo
FN:799,_ZN7testing8internal16UniversalPrinterIyE5PrintERKyPSo
FNDA:0,_ZN7testing8internal16UniversalPrinterIyE5PrintERKyPSo
FN:799,_ZN7testing8internal16UniversalPrinterINSt7__cxx1112basic_stringIcSt11char_traitsIcESaIcEEEE5PrintERKS7_PSo
FNDA:140,_ZN7testing8internal16UniversalPrinterINSt7__cxx1112basic_stringIcSt11char_traitsIcESaIcEEEE5PrintERKS7_PSo
FN:799,_ZN7testing8internal16UniversalPrinterIjE5PrintERKjPSo
FNDA:0,_ZN7testing8internal16UniversalPrinterIjE5PrintERKjPSo
FN:799,_ZN7testing8internal16UniversalPrinterISt5tupleIJEEE5PrintERKS3_PSo
FNDA:0,_ZN7testing8internal16UniversalPrinterISt5tupleIJEEE5PrintERKS3_PSo
FN:799,_ZN7testing8internal16UniversalPrinterISt5tupleIJRKNSt7__cxx1112basic_stringIcSt11char_traitsIcESaIcEEEEEE5PrintERKSB_PSo
FNDA:0,_ZN7testing8internal16UniversalPrinterISt5tupleIJRKNSt7__cxx1112basic_stringIcSt11char_traitsIcESaIcEEEEEE5PrintERKSB_PSo
FN:970,_ZN7testing8internal16UniversalPrinterIRKNSt7__cxx1112basic_stringIcSt11char_traitsIcESaIcEEEE5PrintES9_PSo
FNDA:0,_ZN7testing8internal16UniversalPrinterIRKNSt7__cxx1112basic_stringIcSt11char_traitsIcESaIcEEEE5PrintES9_PSo
FN:989,_ZN7testing8internal21UniversalTersePrinterIjE5PrintERKjPSo
FNDA:0,_ZN7testing8internal21UniversalTersePrinterIjE5PrintERKjPSo
FN:989,_ZN7testing8internal21UniversalTersePrinterIyE5PrintERKyPSo
FNDA:0,_ZN7testing8internal21UniversalTersePrinterIyE5PrintERKyPSo
FN:989,_ZN7testing8internal21UniversalTersePrinterINSt7__cxx1112basic_stringIcSt11char_traitsIcESaIcEEEE5PrintERKS7_PSo
FNDA:140,_ZN7testing8internal21UniversalTersePrinterINSt7__cxx1112basic_stringIcSt11char_traitsIcESaIcEEEE5PrintERKS7_PSo
FN:1108,_ZN7testing8internal14UniversalPrintIjEEvRKT_PSo
FNDA:0,_ZN7testing8internal14UniversalPrintIjEEvRKT_PSo
FN:1108,_ZN7testing8internal14UniversalPrintIyEEvRKT_PSo
FNDA:0,_ZN7testing8internal14UniversalPrintIyEEvRKT_PSo
FN:1108,_ZN7testing8internal14UniversalPrintISt5tupleIJRKNSt7__cxx1112basic_stringIcSt11char_traitsIcESaIcEEEEEEEvRKT_PSo
FNDA:0,_ZN7testing8internal14UniversalPrintISt5tupleIJRKNSt7__cxx1112basic_stringIcSt11char_traitsIcESaIcEEEEEEEvRKT_PSo
FN:1108,_ZN7testing8internal14UniversalPrintISt5tupleIJEEEEvRKT_PSo
FNDA:0,_ZN7testing8internal14UniversalPrintISt5tupleIJEEEEvRKT_PSo
FN:1108,_ZN7testing8internal14UniversalPrintINSt7__cxx1112basic_stringIcSt11char_traitsIcESaIcEEEEEvRKT_PSo
FNDA:140,_ZN7testing8internal14UniversalPrintINSt7__cxx1112basic_stringIcSt11char_traitsIcESaIcEEEEEvRKT_PSo
FN:1148,_ZN7testing13PrintToStringINSt7__cxx1112basic_stringIcSt11char_traitsIcESaIcEEEEES6_RKT_
FNDA:140,_ZN7testing13PrintToStringINSt7__cxx1112basic_stringIcSt11char_traitsIcESaIcEEEEES6_RKT_
FN:1148,_ZN7testing13PrintToStringIjEENSt7__cxx1112basic_stringIcSt11char_traitsIcESaIcEEERKT_
FNDA:0,_ZN7testing13PrintToStringIjEENSt7__cxx1112basic_stringIcSt11char_traitsIcESaIcEEERKT_
FN:1148,_ZN7testing13PrintToStringIyEENSt7__cxx1112basic_stringIcSt11char_traitsIcESaIcEEERKT_
FNDA:0,_ZN7testing13PrintToStringIyEENSt7__cxx1112basic_stringIcSt11char_traitsIcESaIcEEERKT_
DA:221,0
DA:225,0
DA:226,0
DA:221,0
DA:225,0
DA:226,0
DA:326,0
DA:336,0
DA:337,0
DA:326,0
DA:336,0
DA:337,0
DA:357,0
DA:358,0
DA:357,0
DA:358,0
DA:357,0
DA:358,0
DA:437,0
DA:439,0
DA:437,0
DA:439,0
DA:437,0
DA:439,0
DA:464,0
DA:465,0
DA:466,0
DA:464,0
DA:465,0
DA:466,0
DA:660,140
DA:661,140
DA:662,140
DA:752,0
DA:753,0
DA:752,0
DA:753,0
DA:756,0
DA:758,0
DA:764,0
DA:766,0
DA:769,0
DA:770,0
DA:771,0
DA:772,0
DA:773,0
DA:769,0
DA:770,0
DA:771,0
DA:772,0
DA:773,0
DA:799,0
DA:808,0
DA:809,0
DA:799,0
DA:808,0
DA:809,0
DA:799,0
DA:808,0
DA:809,0
DA:799,0
DA:808,0
DA:809,0
DA:799,140
DA:808,140
DA:809,140
DA:970,0
DA:973,0
DA:976,0
DA:977,0
DA:989,0
DA:990,0
DA:991,0
DA:989,0
DA:990,0
DA:991,0
DA:989,140
DA:990,140
DA:991,140
DA:1108,0
DA:1112,0
DA:1113,0
DA:1108,0
DA:1112,0
DA:1113,0
DA:1108,0
DA:1112,0
DA:1113,0
DA:1108,0
DA:1112,0
DA:1113,0
DA:1108,140
DA:1112,140
DA:1113,140
DA:1148,0
DA:1149,0
DA:1150,0
DA:1151,0
DA:1152,0
DA:1148,0
DA:1149,0
DA:1150,0
DA:1151,0
DA:1152,0
DA:1148,140
DA:1149,140
DA:1150,140
DA:1151,280
DA:1152,140
end_of_record
SF:C:\DEV\TDD_TV_08\build-cov\_deps\googletest-src\googlemock\include\gmock\gmock-actions.h
FN:233,_ZN7testing8internal19BuiltInDefaultValueINSt7__cxx1112basic_stringIcSt11char_traitsIcESaIcEEEE6ExistsEv
FNDA:0,_ZN7testing8internal19BuiltInDefaultValueINSt7__cxx1112basic_stringIcSt11char_traitsIcESaIcEEEE6ExistsEv
FN:233,_ZN7testing8internal19BuiltInDefaultValueINSt7__cxx1112basic_stringIcSt11char_traitsIcESaIcEEEE3GetEv
FNDA:0,_ZN7testing8internal19BuiltInDefaultValueINSt7__cxx1112basic_stringIcSt11char_traitsIcESaIcEEEE3GetEv
FN:371,_ZN7testing8internal8as_constIPKcEERNSt9add_constIT_E4typeERS5_
FNDA:2,_ZN7testing8internal8as_constIPKcEERNSt9add_constIT_E4typeERS5_
FN:455,_ZN7testing10OnceActionIFNSt7__cxx1112basic_stringIcSt11char_traitsIcESaIcEEEvEEC1INS_8internal12ReturnActionIPKcE4ImplIS6_EELi0EEEOT_
FNDA:1,_ZN7testing10OnceActionIFNSt7__cxx1112basic_stringIcSt11char_traitsIcESaIcEEEvEEC1INS_8internal12ReturnActionIPKcE4ImplIS6_EELi0EEEOT_
FN:455,_ZN7testing10OnceActionIFNSt7__cxx1112basic_stringIcSt11char_traitsIcESaIcEEEvEEC1INS_8internal12ReturnActionIS6_E4ImplIS6_EELi0EEEOT_
FNDA:5,_ZN7testing10OnceActionIFNSt7__cxx1112basic_stringIcSt11char_traitsIcESaIcEEEvEEC1INS_8internal12ReturnActionIS6_E4ImplIS6_EELi0EEEOT_
FN:484,_ZN7testing10OnceActionIFNSt7__cxx1112basic_stringIcSt11char_traitsIcESaIcEEEvEEC1EOS8_
FNDA:6,_ZN7testing10OnceActionIFNSt7__cxx1112basic_stringIcSt11char_traitsIcESaIcEEEvEEC1EOS8_
FN:488,_ZNO7testing10OnceActionIFNSt7__cxx1112basic_stringIcSt11char_traitsIcESaIcEEEvEE4CallEv
FNDA:6,_ZNO7testing10OnceActionIFNSt7__cxx1112basic_stringIcSt11char_traitsIcESaIcEEEvEE4CallEv
FN:509,_ZN7testing10OnceActionIFNSt7__cxx1112basic_stringIcSt11char_traitsIcESaIcEEEvEE18StdFunctionAdaptorINS_8internal12ReturnActionIPKcE4ImplIS6_EEEC1ISG_EENSH_11CallableTagEOT_
FNDA:1,_ZN7testing10OnceActionIFNSt7__cxx1112basic_stringIcSt11char_traitsIcESaIcEEEvEE18StdFunctionAdaptorINS_8internal12ReturnActionIPKcE4ImplIS6_EEEC1ISG_EENSH_11CallableTagEOT_
FN:509,_ZN7testing10OnceActionIFNSt7__cxx1112basic_stringIcSt11char_traitsIcESaIcEEEvEE18StdFunctionAdaptorINS_8internal12ReturnActionIS6_E4ImplIS6_EEEC1ISE_EENSF_11CallableTagEOT_
FNDA:5,_ZN7testing10OnceActionIFNSt7__cxx1112basic_stringIcSt11char_traitsIcESaIcEEEvEE18StdFunctionAdaptorINS_8internal12ReturnActionIS6_E4ImplIS6_EEEC1ISE_EENSF_11CallableTagEOT_
FN:531,_ZNK7testing10OnceActionIFNSt7__cxx1112basic_stringIcSt11char_traitsIcESaIcEEEvEE18StdFunctionAdaptorINS_8internal12ReturnActionIS6_E4ImplIS6_EEEclIJEEEDTclclL_ZSt7declvalISE_EDTcl9__declvalIT_ELi0EEEvEEspcl7declvalIT_EEEEDpOSK_
FNDA:5,_ZNK7testing10OnceActionIFNSt7__cxx1112basic_stringIcSt11char_traitsIcESaIcEEEvEE18StdFunctionAdaptorINS_8internal12ReturnActionIS6_E4ImplIS6_EEEclIJEEEDTclclL_ZSt7declvalISE_EDTcl9__declvalIT_ELi0EEEvEEspcl7declvalIT_EEEEDpOSK_
FN:531,_ZNK7testing10OnceActionIFNSt7__cxx1112basic_stringIcSt11char_traitsIcESaIcEEEvEE18StdFunctionAdaptorINS_8internal12ReturnActionIPKcE4ImplIS6_EEEclIJEEEDTclclL_ZSt7declvalISG_EDTcl9__declvalIT_ELi0EEEvEEspcl7declvalIT_EEEEDpOSM_
FNDA:1,_ZNK7testing10OnceActionIFNSt7__cxx1112basic_stringIcSt11char_traitsIcESaIcEEEvEE18StdFunctionAdaptorINS_8internal12ReturnActionIPKcE4ImplIS6_EEEclIJEEEDTclclL_ZSt7declvalISG_EDTcl9__declvalIT_ELi0EEEvEEspcl7declvalIT_EEEEDpOSM_
FN:595,_ZN7testing12DefaultValueINSt7__cxx1112basic_stringIcSt11char_traitsIcESaIcEEEE5IsSetEv
FNDA:0,_ZN7testing12DefaultValueINSt7__cxx1112basic_stringIcSt11char_traitsIcESaIcEEEE5IsSetEv
FN:599,_ZN7testing12DefaultValueINSt7__cxx1112basic_stringIcSt11char_traitsIcESaIcEEEE6ExistsEv
FNDA:0,_ZN7testing12DefaultValueINSt7__cxx1112basic_stringIcSt11char_traitsIcESaIcEEEE6ExistsEv
FN:606,_ZN7testing12DefaultValueINSt7__cxx1112basic_stringIcSt11char_traitsIcESaIcEEEE3GetEv
FNDA:0,_ZN7testing12DefaultValueINSt7__cxx1112basic_stringIcSt11char_traitsIcESaIcEEEE3GetEv
FN:683,_ZN7testing12DefaultValueIvE6ExistsEv
FNDA:6,_ZN7testing12DefaultValueIvE6ExistsEv
FN:684,_ZN7testing12DefaultValueIvE3GetEv
FNDA:6,_ZN7testing12DefaultValueIvE3GetEv
FN:752,_ZN7testing6ActionIFvRKNSt7__cxx1112basic_stringIcSt11char_traitsIcESaIcEEEEEC1Ev
FNDA:11,_ZN7testing6ActionIFvRKNSt7__cxx1112basic_stringIcSt11char_traitsIcESaIcEEEEEC1Ev
FN:752,_ZN7testing6ActionIFNSt7__cxx1112basic_stringIcSt11char_traitsIcESaIcEEEvEEC1Ev
FNDA:8,_ZN7testing6ActionIFNSt7__cxx1112basic_stringIcSt11char_traitsIcESaIcEEEvEEC1Ev
FN:762,_ZN7testing6ActionIFvRKNSt7__cxx1112basic_stringIcSt11char_traitsIcESaIcEEEEEC1IZNKS_8internal11ThrowActionISt16invalid_argumentEcvNS0_IFT_DpT0_EEEIvJS8_EEEvEUlS8_E_vEEOSG_
FNDA:5,_ZN7testing6ActionIFvRKNSt7__cxx1112basic_stringIcSt11char_traitsIcESaIcEEEEEC1IZNKS_8internal11ThrowActionISt16invalid_argumentEcvNS0_IFT_DpT0_EEEIvJS8_EEEvEUlS8_E_vEEOSG_
FN:762,_ZN7testing6ActionIFNSt7__cxx1112basic_stringIcSt11char_traitsIcESaIcEEEvEEC1INS_8internal16TypedExpectationIS7_E13ActionAdaptorEvEEOT_
FNDA:6,_ZN7testing6ActionIFNSt7__cxx1112basic_stringIcSt11char_traitsIcESaIcEEEvEEC1INS_8internal16TypedExpectationIS7_E13ActionAdaptorEvEEOT_
FN:762,_ZN7testing6ActionIFNSt7__cxx1112basic_stringIcSt11char_traitsIcESaIcEEEvEEC1INS_8internal12ReturnActionIPKcE4ImplIS6_EEvEEOT_
FNDA:2,_ZN7testing6ActionIFNSt7__cxx1112basic_stringIcSt11char_traitsIcESaIcEEEvEEC1INS_8internal12ReturnActionIPKcE4ImplIS6_EEvEEOT_
FN:778,_ZNK7testing6ActionIFNSt7__cxx1112basic_stringIcSt11char_traitsIcESaIcEEEvEE11IsDoDefaultEv
FNDA:52,_ZNK7testing6ActionIFNSt7__cxx1112basic_stringIcSt11char_traitsIcESaIcEEEvEE11IsDoDefaultEv
FN:778,_ZNK7testing6ActionIFvRKNSt7__cxx1112basic_stringIcSt11char_traitsIcESaIcEEEEE11IsDoDefaultEv
FNDA:16,_ZNK7testing6ActionIFvRKNSt7__cxx1112basic_stringIcSt11char_traitsIcESaIcEEEEE11IsDoDefaultEv
FN:786,_ZNK7testing6ActionIFvRKNSt7__cxx1112basic_stringIcSt11char_traitsIcESaIcEEEEE7PerformESt5tupleIJS8_EE
FNDA:5,_ZNK7testing6ActionIFvRKNSt7__cxx1112basic_stringIcSt11char_traitsIcESaIcEEEEE7PerformESt5tupleIJS8_EE
FN:786,_ZNK7testing6ActionIFNSt7__cxx1112basic_stringIcSt11char_traitsIcESaIcEEEvEE7PerformESt5tupleIJEE
FNDA:26,_ZNK7testing6ActionIFNSt7__cxx1112basic_stringIcSt11char_traitsIcESaIcEEEvEE7PerformESt5tupleIJEE
FN:816,_ZN7testing6ActionIFvRKNSt7__cxx1112basic_stringIcSt11char_traitsIcESaIcEEEEE4InitIZNKS_8internal11ThrowActionISt16invalid_argumentEcvNS0_IFT_DpT0_EEEIvJS8_EEEvEUlS8_E_EEvOSG_St17integral_constantIbLb1EE
FNDA:5,_ZN7testing6ActionIFvRKNSt7__cxx1112basic_stringIcSt11char_traitsIcESaIcEEEEE4InitIZNKS_8internal11ThrowActionISt16invalid_argumentEcvNS0_IFT_DpT0_EEEIvJS8_EEEvEUlS8_E_EEvOSG_St17integral_constantIbLb1EE
FN:816,_ZN7testing6ActionIFNSt7__cxx1112basic_stringIcSt11char_traitsIcESaIcEEEvEE4InitINS_8internal12ReturnActionIPKcE4ImplIS6_EEEEvOT_St17integral_constantIbLb1EE
FNDA:2,_ZN7testing6ActionIFNSt7__cxx1112basic_stringIcSt11char_traitsIcESaIcEEEvEE4InitINS_8internal12ReturnActionIPKcE4ImplIS6_EEEEvOT_St17integral_constantIbLb1EE
FN:816,_ZN7testing6ActionIFNSt7__cxx1112basic_stringIcSt11char_traitsIcESaIcEEEvEE4InitINS_8internal16TypedExpectationIS7_E13ActionAdaptorEEEvOT_St17integral_constantIbLb1EE
FNDA:6,_ZN7testing6ActionIFNSt7__cxx1112basic_stringIcSt11char_traitsIcESaIcEEEvEE4InitINS_8internal16TypedExpectationIS7_E13ActionAdaptorEEEvOT_St17integral_constantIbLb1EE
FN:923,_ZN7testing8internal12ReturnActionINSt7__cxx1112basic_stringIcSt11char_traitsIcESaIcEEEEC1ES7_
FNDA:5,_ZN7testing8internal12ReturnActionINSt7__cxx1112basic_stringIcSt11char_traitsIcESaIcEEEEC1ES7_
FN:923,_ZN7testing8internal12ReturnActionIPKcEC1ES3_
FNDA:3,_ZN7testing8internal12ReturnActionIPKcEC1ES3_
FN:932,_ZNO7testing8internal12ReturnActionIPKcEcvNS_10OnceActionIFT_DpT0_EEEINSt7__cxx1112basic_stringIcSt11char_traitsIcESaIcEEEJEvEEv
FNDA:1,_ZNO7testing8internal12ReturnActionIPKcEcvNS_10OnceActionIFT_DpT0_EEEINSt7__cxx1112basic_stringIcSt11char_traitsIcESaIcEEEJEvEEv
FN:932,_ZNO7testing8internal12ReturnActionINSt7__cxx1112basic_stringIcSt11char_traitsIcESaIcEEEEcvNS_10OnceActionIFT_DpT0_EEEIS7_JEvEEv
FNDA:5,_ZNO7testing8internal12ReturnActionINSt7__cxx1112basic_stringIcSt11char_traitsIcESaIcEEEEcvNS_10OnceActionIFT_DpT0_EEEIS7_JEvEEv
FN:943,_ZNK7testing8internal12ReturnActionIPKcEcvNS_6ActionIFT_DpT0_EEEINSt7__cxx1112basic_stringIcSt11char_traitsIcESaIcEEEJEvEEv
FNDA:2,_ZNK7testing8internal12ReturnActionIPKcEcvNS_6ActionIFT_DpT0_EEEINSt7__cxx1112basic_stringIcSt11char_traitsIcESaIcEEEJEvEEv
FN:954,_ZN7testing8internal12ReturnActionINSt7__cxx1112basic_stringIcSt11char_traitsIcESaIcEEEE4ImplIS7_EC1EOS7_
FNDA:5,_ZN7testing8internal12ReturnActionINSt7__cxx1112basic_stringIcSt11char_traitsIcESaIcEEEE4ImplIS7_EC1EOS7_
FN:954,_ZN7testing8internal12ReturnActionIPKcE4ImplINSt7__cxx1112basic_stringIcSt11char_traitsIcESaIcEEEEC1EOS3_
FNDA:1,_ZN7testing8internal12ReturnActionIPKcE4ImplINSt7__cxx1112basic_stringIcSt11char_traitsIcESaIcEEEEC1EOS3_
FN:959,_ZN7testing8internal12ReturnActionIPKcE4ImplINSt7__cxx1112basic_stringIcSt11char_traitsIcESaIcEEEEC1ERKS3_
FNDA:2,_ZN7testing8internal12ReturnActionIPKcE4ImplINSt7__cxx1112basic_stringIcSt11char_traitsIcESaIcEEEEC1ERKS3_
FN:961,_ZNO7testing8internal12ReturnActionINSt7__cxx1112basic_stringIcSt11char_traitsIcESaIcEEEE4ImplIS7_EclEv
FNDA:5,_ZNO7testing8internal12ReturnActionINSt7__cxx1112basic_stringIcSt11char_traitsIcESaIcEEEE4ImplIS7_EclEv
FN:961,_ZNO7testing8internal12ReturnActionIPKcE4ImplINSt7__cxx1112basic_stringIcSt11char_traitsIcESaIcEEEEclEv
FNDA:1,_ZNO7testing8internal12ReturnActionIPKcE4ImplINSt7__cxx1112basic_stringIcSt11char_traitsIcESaIcEEEEclEv
FN:962,_ZNKR7testing8internal12ReturnActionIPKcE4ImplINSt7__cxx1112basic_stringIcSt11char_traitsIcESaIcEEEEclEv
FNDA:20,_ZNKR7testing8internal12ReturnActionIPKcE4ImplINSt7__cxx1112basic_stringIcSt11char_traitsIcESaIcEEEEclEv
FN:977,_ZN7testing8internal12ReturnActionIPKcE4ImplINSt7__cxx1112basic_stringIcSt11char_traitsIcESaIcEEEE5StateC1ERKS3_
FNDA:2,_ZN7testing8internal12ReturnActionIPKcE4ImplINSt7__cxx1112basic_stringIcSt11char_traitsIcESaIcEEEE5StateC1ERKS3_
FN:991,_ZN7testing8internal12ReturnActionIPKcE4ImplINSt7__cxx1112basic_stringIcSt11char_traitsIcESaIcEEEE5StateC1EOS3_
FNDA:1,_ZN7testing8internal12ReturnActionIPKcE4ImplINSt7__cxx1112basic_stringIcSt11char_traitsIcESaIcEEEE5StateC1EOS3_
FN:991,_ZN7testing8internal12ReturnActionINSt7__cxx1112basic_stringIcSt11char_traitsIcESaIcEEEE4ImplIS7_E5StateC1EOS7_
FNDA:5,_ZN7testing8internal12ReturnActionINSt7__cxx1112basic_stringIcSt11char_traitsIcESaIcEEEE4ImplIS7_E5StateC1EOS7_
FN:1254,_ZNK7testing8internal15DoDefaultActioncvNS_6ActionIT_EEIFvRKNSt7__cxx1112basic_stringIcSt11char_traitsIcESaIcEEEEEEv
FNDA:11,_ZNK7testing8internal15DoDefaultActioncvNS_6ActionIT_EEIFvRKNSt7__cxx1112basic_stringIcSt11char_traitsIcESaIcEEEEEEv
FN:1254,_ZNK7testing8internal15DoDefaultActioncvNS_6ActionIT_EEIFNSt7__cxx1112basic_stringIcSt11char_traitsIcESaIcEEEvEEEv
FNDA:8,_ZNK7testing8internal15DoDefaultActioncvNS_6ActionIT_EEIFNSt7__cxx1112basic_stringIcSt11char_traitsIcESaIcEEEvEEEv
FN:1738,_ZNK7testing8internal11ThrowActionISt16invalid_argumentEcvNS_6ActionIFT_DpT0_EEEIvJRKNSt7__cxx1112basic_stringIcSt11char_traitsIcESaIcEEEEEEv
FNDA:5,_ZNK7testing8internal11ThrowActionISt16invalid_argumentEcvNS_6ActionIFT_DpT0_EEEIvJRKNSt7__cxx1112basic_stringIcSt11char_traitsIcESaIcEEEEEEv
FN:1740,_ZZNK7testing8internal11ThrowActionISt16invalid_argumentEcvNS_6ActionIFT_DpT0_EEEIvJRKNSt7__cxx1112basic_stringIcSt11char_traitsIcESaIcEEEEEEvENKUlSI_E_clESI_
FNDA:5,_ZZNK7testing8internal11ThrowActionISt16invalid_argumentEcvNS_6ActionIFT_DpT0_EEEIvJRKNSt7__cxx1112basic_stringIcSt11char_traitsIcESaIcEEEEEEvENKUlSI_E_clESI_
FN:1845,_ZN7testing6ReturnINSt7__cxx1112basic_stringIcSt11char_traitsIcESaIcEEEEENS_8internal12ReturnActionIT_EES9_
FNDA:5,_ZN7testing6ReturnINSt7__cxx1112basic_stringIcSt11char_traitsIcESaIcEEEEENS_8internal12ReturnActionIT_EES9_
FN:1845,_ZN7testing6ReturnIPKcEENS_8internal12ReturnActionIT_EES5_
FNDA:3,_ZN7testing6ReturnIPKcEENS_8internal12ReturnActionIT_EES5_
FN:1906,_ZN7testing9DoDefaultEv
FNDA:19,_ZN7testing9DoDefaultEv
FN:2063,_ZN7testing5ThrowISt16invalid_argumentEENS_8internal11ThrowActionINSt5decayIT_E4typeEEEOS5_
FNDA:5,_ZN7testing5ThrowISt16invalid_argumentEENS_8internal11ThrowActionINSt5decayIT_E4typeEEEOS5_
DA:233,0
DA:233,0
DA:371,2
DA:372,2
DA:455,5
DA:456,10
DA:457,5
DA:455,1
DA:456,2
DA:457,1
DA:484,6
DA:488,6
DA:489,6
DA:509,5
DA:510,5
DA:509,1
DA:510,1
DA:531,5
DA:533,10
DA:531,1
DA:533,2
DA:595,0
DA:599,0
DA:600,0
DA:606,0
DA:607,0
DA:608,0
DA:683,6
DA:684,6
DA:752,11
DA:752,8
DA:762,2
DA:763,4
DA:764,2
DA:762,5
DA:763,10
DA:764,5
DA:762,6
DA:763,12
DA:764,6
DA:778,16
DA:778,52
DA:786,5
DA:787,5
DA:788,0
DA:790,5
DA:786,26
DA:787,26
DA:788,0
DA:790,26
DA:816,2
DA:817,2
DA:818,2
DA:816,5
DA:817,5
DA:818,5
DA:816,6
DA:817,6
DA:818,6
DA:923,10
DA:923,3
DA:932,5
DA:933,10
DA:932,1
DA:933,2
DA:943,2
DA:944,2
DA:954,5
DA:955,10
DA:954,1
DA:955,2
DA:959,2
DA:961,10
DA:961,2
DA:962,20
DA:977,2
DA:978,2
DA:987,4
DA:991,5
DA:992,10
DA:999,10
DA:991,1
DA:992,1
DA:999,3
DA:1254,11
DA:1255,11
DA:1254,8
DA:1255,8
DA:1738,5
DA:1739,5
DA:1740,15
DA:1741,5
DA:1845,5
DA:1846,5
DA:1845,3
DA:1846,3
DA:1906,19
DA:1907,19
DA:2063,5
DA:2064,10
end_of_record
SF:C:\DEV\TDD_TV_08\build-cov\_deps\googletest-src\googlemock\include\gmock\gmock-spec-builders.h
FN:246,_ZNK7testing8internal21UntypedOnCallSpecBase4fileEv
FNDA:0,_ZNK7testing8internal21UntypedOnCallSpecBase4fileEv
FN:247,_ZNK7testing8internal21UntypedOnCallSpecBase4lineEv
FNDA:0,_ZNK7testing8internal21UntypedOnCallSpecBase4lineEv
FN:260,_ZNK7testing8internal21UntypedOnCallSpecBase18AssertSpecPropertyEbRKNSt7__cxx1112basic_stringIcSt11char_traitsIcESaIcEEE
FNDA:0,_ZNK7testing8internal21UntypedOnCallSpecBase18AssertSpecPropertyEbRKNSt7__cxx1112basic_stringIcSt11char_traitsIcESaIcEEE
FN:323,_ZNK7testing8internal10OnCallSpecIFvRKNSt7__cxx1112basic_stringIcSt11char_traitsIcESaIcEEEEE7MatchesERKSt5tupleIJS9_EE
FNDA:0,_ZNK7testing8internal10OnCallSpecIFvRKNSt7__cxx1112basic_stringIcSt11char_traitsIcESaIcEEEEE7MatchesERKSt5tupleIJS9_EE
FN:323,_ZNK7testing8internal10OnCallSpecIFNSt7__cxx1112basic_stringIcSt11char_traitsIcESaIcEEEvEE7MatchesERKSt5tupleIJEE
FNDA:0,_ZNK7testing8internal10OnCallSpecIFNSt7__cxx1112basic_stringIcSt11char_traitsIcESaIcEEEvEE7MatchesERKSt5tupleIJEE
FN:328,_ZNK7testing8internal10OnCallSpecIFNSt7__cxx1112basic_stringIcSt11char_traitsIcESaIcEEEvEE9GetActionEv
FNDA:0,_ZNK7testing8internal10OnCallSpecIFNSt7__cxx1112basic_stringIcSt11char_traitsIcESaIcEEEvEE9GetActionEv
FN:328,_ZNK7testing8internal10OnCallSpecIFvRKNSt7__cxx1112basic_stringIcSt11char_traitsIcESaIcEEEEE9GetActionEv
FNDA:0,_ZNK7testing8internal10OnCallSpecIFvRKNSt7__cxx1112basic_stringIcSt11char_traitsIcESaIcEEEEE9GetActionEv
FN:539,_ZNK7testing11Expectation16expectation_baseEv
FNDA:0,_ZNK7testing11Expectation16expectation_baseEv
FN:569,_ZN7testing14ExpectationSetC1Ev
FNDA:19,_ZN7testing14ExpectationSetC1Ev
FN:605,_ZNK7testing14ExpectationSet5beginEv
FNDA:74,_ZNK7testing14ExpectationSet5beginEv
FN:606,_ZNK7testing14ExpectationSet3endEv
FNDA:74,_ZNK7testing14ExpectationSet3endEv
FN:693,_ZNK7testing8internal15ExpectationBase4fileEv
FNDA:0,_ZNK7testing8internal15ExpectationBase4fileEv
FN:694,_ZNK7testing8internal15ExpectationBase4lineEv
FNDA:0,_ZNK7testing8internal15ExpectationBase4lineEv
FN:695,_ZNK7testing8internal15ExpectationBase11source_textEv
FNDA:37,_ZNK7testing8internal15ExpectationBase11source_textEv
FN:697,_ZNK7testing8internal15ExpectationBase11cardinalityEv
FNDA:112,_ZNK7testing8internal15ExpectationBase11cardinalityEv
FN:700,_ZNK7testing8internal15ExpectationBase18DescribeLocationToEPSo
FNDA:0,_ZNK7testing8internal15ExpectationBase18DescribeLocationToEPSo
FN:748,_ZNK7testing8internal15ExpectationBase18ExpectSpecPropertyEbRKNSt7__cxx1112basic_stringIcSt11char_traitsIcESaIcEEE
FNDA:13,_ZNK7testing8internal15ExpectationBase18ExpectSpecPropertyEbRKNSt7__cxx1112basic_stringIcSt11char_traitsIcESaIcEEE
FN:759,_ZNK7testing8internal15ExpectationBase21cardinality_specifiedEv
FNDA:13,_ZNK7testing8internal15ExpectationBase21cardinality_specifiedEv
FN:762,_ZN7testing8internal15ExpectationBase15set_cardinalityERKNS_11CardinalityE
FNDA:13,_ZN7testing8internal15ExpectationBase15set_cardinalityERKNS_11CardinalityE
FN:774,_ZNK7testing8internal15ExpectationBase10is_retiredEv
FNDA:74,_ZNK7testing8internal15ExpectationBase10is_retiredEv
FN:780,_ZN7testing8internal15ExpectationBase6RetireEv
FNDA:0,_ZN7testing8internal15ExpectationBase6RetireEv
FN:787,_ZNK7testing8internal15ExpectationBase14GetDescriptionB5cxx11Ev
FNDA:37,_ZNK7testing8internal15ExpectationBase14GetDescriptionB5cxx11Ev
FN:796,_ZNK7testing8internal15ExpectationBase11IsSaturatedEv
FNDA:74,_ZNK7testing8internal15ExpectationBase11IsSaturatedEv
FN:817,_ZNK7testing8internal15ExpectationBase10call_countEv
FNDA:37,_ZNK7testing8internal15ExpectationBase10call_countEv
FN:823,_ZN7testing8internal15ExpectationBase18IncrementCallCountEv
FNDA:37,_ZN7testing8internal15ExpectationBase18IncrementCallCountEv
FN:887,_ZN7testing8internal16TypedExpectationIFNSt7__cxx1112basic_stringIcSt11char_traitsIcESaIcEEEvEEC1EPNS0_14FunctionMockerIS8_EEPKciRKS7_RKSt5tupleIJEE
FNDA:8,_ZN7testing8internal16TypedExpectationIFNSt7__cxx1112basic_stringIcSt11char_traitsIcESaIcEEEvEEC1EPNS0_14FunctionMockerIS8_EEPKciRKS7_RKSt5tupleIJEE
FN:887,_ZN7testing8internal16TypedExpectationIFvRKNSt7__cxx1112basic_stringIcSt11char_traitsIcESaIcEEEEEC1EPNS0_14FunctionMockerISA_EEPKciS9_RKSt5tupleIJNS_7MatcherIS9_EEEE
FNDA:11,_ZN7testing8internal16TypedExpectationIFvRKNSt7__cxx1112basic_stringIcSt11char_traitsIcESaIcEEEEEC1EPNS0_14FunctionMockerISA_EEPKciS9_RKSt5tupleIJNS_7MatcherIS9_EEEE
FN:899,_ZN7testing8internal16TypedExpectationIFNSt7__cxx1112basic_stringIcSt11char_traitsIcESaIcEEEvEED1Ev
FNDA:8,_ZN7testing8internal16TypedExpectationIFNSt7__cxx1112basic_stringIcSt11char_traitsIcESaIcEEEvEED1Ev
FN:899,_ZN7testing8internal16TypedExpectationIFNSt7__cxx1112basic_stringIcSt11char_traitsIcESaIcEEEvEED0Ev
FNDA:8,_ZN7testing8internal16TypedExpectationIFNSt7__cxx1112basic_stringIcSt11char_traitsIcESaIcEEEvEED0Ev
FN:899,_ZN7testing8internal16TypedExpectationIFvRKNSt7__cxx1112basic_stringIcSt11char_traitsIcESaIcEEEEED1Ev
FNDA:11,_ZN7testing8internal16TypedExpectationIFvRKNSt7__cxx1112basic_stringIcSt11char_traitsIcESaIcEEEEED1Ev
FN:899,_ZN7testing8internal16TypedExpectationIFvRKNSt7__cxx1112basic_stringIcSt11char_traitsIcESaIcEEEEED0Ev
FNDA:11,_ZN7testing8internal16TypedExpectationIFvRKNSt7__cxx1112basic_stringIcSt11char_traitsIcESaIcEEEEED0Ev
FN:1003,_ZN7testing8internal16TypedExpectationIFNSt7__cxx1112basic_stringIcSt11char_traitsIcESaIcEEEvEE8WillOnceENS_10OnceActionIS8_EE
FNDA:6,_ZN7testing8internal16TypedExpectationIFNSt7__cxx1112basic_stringIcSt11char_traitsIcESaIcEEEvEE8WillOnceENS_10OnceActionIS8_EE
FN:1018,_ZN7testing8internal16TypedExpectationIFvRKNSt7__cxx1112basic_stringIcSt11char_traitsIcESaIcEEEEE8WillOnceIJEvEERSB_NS_6ActionISA_EE
FNDA:5,_ZN7testing8internal16TypedExpectationIFvRKNSt7__cxx1112basic_stringIcSt11char_traitsIcESaIcEEEEE8WillOnceIJEvEERSB_NS_6ActionISA_EE
FN:1018,_ZN7testing8internal16TypedExpectationIFNSt7__cxx1112basic_stringIcSt11char_traitsIcESaIcEEEvEE8WillOnceIJEvEERS9_NS_6ActionIS8_EE
FNDA:6,_ZN7testing8internal16TypedExpectationIFNSt7__cxx1112basic_stringIcSt11char_traitsIcESaIcEEEvEE8WillOnceIJEvEERS9_NS_6ActionIS8_EE
FN:1033,_ZN7testing8internal16TypedExpectationIFNSt7__cxx1112basic_stringIcSt11char_traitsIcESaIcEEEvEE14WillRepeatedlyERKNS_6ActionIS8_EE
FNDA:2,_ZN7testing8internal16TypedExpectationIFNSt7__cxx1112basic_stringIcSt11char_traitsIcESaIcEEEvEE14WillRepeatedlyERKNS_6ActionIS8_EE
FN:1081,_ZNK7testing8internal16TypedExpectationIFNSt7__cxx1112basic_stringIcSt11char_traitsIcESaIcEEEvEE15repeated_actionEv
FNDA:20,_ZNK7testing8internal16TypedExpectationIFNSt7__cxx1112basic_stringIcSt11char_traitsIcESaIcEEEvEE15repeated_actionEv
FN:1081,_ZNK7testing8internal16TypedExpectationIFvRKNSt7__cxx1112basic_stringIcSt11char_traitsIcESaIcEEEEE15repeated_actionEv
FNDA:6,_ZNK7testing8internal16TypedExpectationIFvRKNSt7__cxx1112basic_stringIcSt11char_traitsIcESaIcEEEEE15repeated_actionEv
FN:1085,_ZN7testing8internal16TypedExpectationIFNSt7__cxx1112basic_stringIcSt11char_traitsIcESaIcEEEvEE27MaybeDescribeExtraMatcherToEPSo
FNDA:0,_ZN7testing8internal16TypedExpectationIFNSt7__cxx1112basic_stringIcSt11char_traitsIcESaIcEEEvEE27MaybeDescribeExtraMatcherToEPSo
FN:1085,_ZN7testing8internal16TypedExpectationIFvRKNSt7__cxx1112basic_stringIcSt11char_traitsIcESaIcEEEEE27MaybeDescribeExtraMatcherToEPSo
FNDA:0,_ZN7testing8internal16TypedExpectationIFvRKNSt7__cxx1112basic_stringIcSt11char_traitsIcESaIcEEEEE27MaybeDescribeExtraMatcherToEPSo
FN:1102,_ZNK7testing8internal16TypedExpectationIFNSt7__cxx1112basic_stringIcSt11char_traitsIcESaIcEEEvEE13ActionAdaptorclEv
FNDA:6,_ZNK7testing8internal16TypedExpectationIFNSt7__cxx1112basic_stringIcSt11char_traitsIcESaIcEEEvEE13ActionAdaptorclEv
FN:1109,_ZN7testing8internal16TypedExpectationIFNSt7__cxx1112basic_stringIcSt11char_traitsIcESaIcEEEvEE9GetHandleEv
FNDA:0,_ZN7testing8internal16TypedExpectationIFNSt7__cxx1112basic_stringIcSt11char_traitsIcESaIcEEEvEE9GetHandleEv
FN:1109,_ZN7testing8internal16TypedExpectationIFvRKNSt7__cxx1112basic_stringIcSt11char_traitsIcESaIcEEEEE9GetHandleEv
FNDA:0,_ZN7testing8internal16TypedExpectationIFvRKNSt7__cxx1112basic_stringIcSt11char_traitsIcESaIcEEEEE9GetHandleEv
FN:1116,_ZNK7testing8internal16TypedExpectationIFvRKNSt7__cxx1112basic_stringIcSt11char_traitsIcESaIcEEEEE7MatchesERKSt5tupleIJS9_EE
FNDA:11,_ZNK7testing8internal16TypedExpectationIFvRKNSt7__cxx1112basic_stringIcSt11char_traitsIcESaIcEEEEE7MatchesERKSt5tupleIJS9_EE
FN:1116,_ZNK7testing8internal16TypedExpectationIFNSt7__cxx1112basic_stringIcSt11char_traitsIcESaIcEEEvEE7MatchesERKSt5tupleIJEE
FNDA:26,_ZNK7testing8internal16TypedExpectationIFNSt7__cxx1112basic_stringIcSt11char_traitsIcESaIcEEEvEE7MatchesERKSt5tupleIJEE
FN:1124,_ZNK7testing8internal16TypedExpectationIFNSt7__cxx1112basic_stringIcSt11char_traitsIcESaIcEEEvEE21ShouldHandleArgumentsERKSt5tupleIJEE
FNDA:26,_ZNK7testing8internal16TypedExpectationIFNSt7__cxx1112basic_stringIcSt11char_traitsIcESaIcEEEvEE21ShouldHandleArgumentsERKSt5tupleIJEE
FN:1124,_ZNK7testing8internal16TypedExpectationIFvRKNSt7__cxx1112basic_stringIcSt11char_traitsIcESaIcEEEEE21ShouldHandleArgumentsERKSt5tupleIJS9_EE
FNDA:11,_ZNK7testing8internal16TypedExpectationIFvRKNSt7__cxx1112basic_stringIcSt11char_traitsIcESaIcEEEEE21ShouldHandleArgumentsERKSt5tupleIJS9_EE
FN:1138,_ZNK7testing8internal16TypedExpectationIFNSt7__cxx1112basic_stringIcSt11char_traitsIcESaIcEEEvEE20ExplainMatchResultToERKSt5tupleIJEEPSo
FNDA:0,_ZNK7testing8internal16TypedExpectationIFNSt7__cxx1112basic_stringIcSt11char_traitsIcESaIcEEEvEE20ExplainMatchResultToERKSt5tupleIJEEPSo
FN:1138,_ZNK7testing8internal16TypedExpectationIFvRKNSt7__cxx1112basic_stringIcSt11char_traitsIcESaIcEEEEE20ExplainMatchResultToERKSt5tupleIJS9_EEPSo
FNDA:0,_ZNK7testing8internal16TypedExpectationIFvRKNSt7__cxx1112basic_stringIcSt11char_traitsIcESaIcEEEEE20ExplainMatchResultToERKSt5tupleIJS9_EEPSo
FN:1181,_ZNK7testing8internal16TypedExpectationIFNSt7__cxx1112basic_stringIcSt11char_traitsIcESaIcEEEvEE16GetCurrentActionEPKNS0_14FunctionMockerIS8_EERKSt5tupleIJEE
FNDA:26,_ZNK7testing8internal16TypedExpectationIFNSt7__cxx1112basic_stringIcSt11char_traitsIcESaIcEEEvEE16GetCurrentActionEPKNS0_14FunctionMockerIS8_EERKSt5tupleIJEE
FN:1181,_ZNK7testing8internal16TypedExpectationIFvRKNSt7__cxx1112basic_stringIcSt11char_traitsIcESaIcEEEEE16GetCurrentActionEPKNS0_14FunctionMockerISA_EERKSt5tupleIJS9_EE
FNDA:11,_ZNK7testing8internal16TypedExpectationIFvRKNSt7__cxx1112basic_stringIcSt11char_traitsIcESaIcEEEEE16GetCurrentActionEPKNS0_14FunctionMockerISA_EERKSt5tupleIJS9_EE
FN:1218,_ZN7testing8internal16TypedExpectationIFNSt7__cxx1112basic_stringIcSt11char_traitsIcESaIcEEEvEE21GetActionForArgumentsEPKNS0_14FunctionMockerIS8_EERKSt5tupleIJEEPSoSI_
FNDA:26,_ZN7testing8internal16TypedExpectationIFNSt7__cxx1112basic_stringIcSt11char_traitsIcESaIcEEEvEE21GetActionForArgumentsEPKNS0_14FunctionMockerIS8_EERKSt5tupleIJEEPSoSI_
FN:1218,_ZN7testing8internal16TypedExpectationIFvRKNSt7__cxx1112basic_stringIcSt11char_traitsIcESaIcEEEEE21GetActionForArgumentsEPKNS0_14FunctionMockerISA_EERKSt5tupleIJS9_EEPSoSK_
FNDA:11,_ZN7testing8internal16TypedExpectationIFvRKNSt7__cxx1112basic_stringIcSt11char_traitsIcESaIcEEEEE21GetActionForArgumentsEPKNS0_14FunctionMockerISA_EERKSt5tupleIJS9_EEPSoSK_
FN:1290,_ZN7testing8internal8MockSpecIFNSt7__cxx1112basic_stringIcSt11char_traitsIcESaIcEEEvEEC1EPNS0_14FunctionMockerIS8_EERKSt5tupleIJEE
FNDA:8,_ZN7testing8internal8MockSpecIFNSt7__cxx1112basic_stringIcSt11char_traitsIcESaIcEEEvEEC1EPNS0_14FunctionMockerIS8_EERKSt5tupleIJEE
FN:1290,_ZN7testing8internal8MockSpecIFvRKNSt7__cxx1112basic_stringIcSt11char_traitsIcESaIcEEEEEC1EPNS0_14FunctionMockerISA_EERKSt5tupleIJNS_7MatcherIS9_EEEE
FNDA:11,_ZN7testing8internal8MockSpecIFvRKNSt7__cxx1112basic_stringIcSt11char_traitsIcESaIcEEEEEC1EPNS0_14FunctionMockerISA_EERKSt5tupleIJNS_7MatcherIS9_EEEE
FN:1306,_ZN7testing8internal8MockSpecIFNSt7__cxx1112basic_stringIcSt11char_traitsIcESaIcEEEvEE18InternalExpectedAtEPKciSB_SB_
FNDA:8,_ZN7testing8internal8MockSpecIFNSt7__cxx1112basic_stringIcSt11char_traitsIcESaIcEEEvEE18InternalExpectedAtEPKciSB_SB_
FN:1306,_ZN7testing8internal8MockSpecIFvRKNSt7__cxx1112basic_stringIcSt11char_traitsIcESaIcEEEEE18InternalExpectedAtEPKciSD_SD_
FNDA:11,_ZN7testing8internal8MockSpecIFvRKNSt7__cxx1112basic_stringIcSt11char_traitsIcESaIcEEEEE18InternalExpectedAtEPKciSD_SD_
FN:1319,_ZN7testing8internal8MockSpecIFNSt7__cxx1112basic_stringIcSt11char_traitsIcESaIcEEEvEEclERKNS0_15WithoutMatchersEPv
FNDA:8,_ZN7testing8internal8MockSpecIFNSt7__cxx1112basic_stringIcSt11char_traitsIcESaIcEEEvEEclERKNS0_15WithoutMatchersEPv
FN:1319,_ZN7testing8internal8MockSpecIFvRKNSt7__cxx1112basic_stringIcSt11char_traitsIcESaIcEEEEEclERKNS0_15WithoutMatchersEPv
FNDA:11,_ZN7testing8internal8MockSpecIFvRKNSt7__cxx1112basic_stringIcSt11char_traitsIcESaIcEEEEEclERKNS0_15WithoutMatchersEPv
FN:1381,_ZN7testing8internal19PrintAsActionResultINSt7__cxx1112basic_stringIcSt11char_traitsIcESaIcEEEEEvRKT_RSo
FNDA:0,_ZN7testing8internal19PrintAsActionResultINSt7__cxx1112basic_stringIcSt11char_traitsIcESaIcEEEEEvRKT_RSo
FN:1406,_ZN7testing8internal25UntypedFunctionMockerBase31UninterestingCallCleanupHandlerD1Ev
FNDA:0,_ZN7testing8internal25UntypedFunctionMockerBase31UninterestingCallCleanupHandlerD1Ev
FN:1419,_ZN7testing8internal25UntypedFunctionMockerBase21FailureCleanupHandlerD1Ev
FNDA:0,_ZN7testing8internal25UntypedFunctionMockerBase21FailureCleanupHandlerD1Ev
FN:1449,_ZN7testing8internal14FunctionMockerIFvRKNSt7__cxx1112basic_stringIcSt11char_traitsIcESaIcEEEEEC1Ev
FNDA:13,_ZN7testing8internal14FunctionMockerIFvRKNSt7__cxx1112basic_stringIcSt11char_traitsIcESaIcEEEEEC1Ev
FN:1449,_ZN7testing8internal14FunctionMockerIFNSt7__cxx1112basic_stringIcSt11char_traitsIcESaIcEEEvEEC1Ev
FNDA:26,_ZN7testing8internal14FunctionMockerIFNSt7__cxx1112basic_stringIcSt11char_traitsIcESaIcEEEvEEC1Ev
FN:1469,_ZN7testing8internal14FunctionMockerIFNSt7__cxx1112basic_stringIcSt11char_traitsIcESaIcEEEvEED0Ev
FNDA:0,_ZN7testing8internal14FunctionMockerIFNSt7__cxx1112basic_stringIcSt11char_traitsIcESaIcEEEvEED0Ev
FN:1469,_ZN7testing8internal14FunctionMockerIFNSt7__cxx1112basic_stringIcSt11char_traitsIcESaIcEEEvEED1Ev
FNDA:26,_ZN7testing8internal14FunctionMockerIFNSt7__cxx1112basic_stringIcSt11char_traitsIcESaIcEEEvEED1Ev
FN:1469,_ZN7testing8internal14FunctionMockerIFvRKNSt7__cxx1112basic_stringIcSt11char_traitsIcESaIcEEEEED1Ev
FNDA:13,_ZN7testing8internal14FunctionMockerIFvRKNSt7__cxx1112basic_stringIcSt11char_traitsIcESaIcEEEEED1Ev
FN:1469,_ZN7testing8internal14FunctionMockerIFvRKNSt7__cxx1112basic_stringIcSt11char_traitsIcESaIcEEEEED0Ev
FNDA:0,_ZN7testing8internal14FunctionMockerIFvRKNSt7__cxx1112basic_stringIcSt11char_traitsIcESaIcEEEEED0Ev
FN:1479,_ZNK7testing8internal14FunctionMockerIFvRKNSt7__cxx1112basic_stringIcSt11char_traitsIcESaIcEEEEE14FindOnCallSpecERKSt5tupleIJS9_EE
FNDA:6,_ZNK7testing8internal14FunctionMockerIFvRKNSt7__cxx1112basic_stringIcSt11char_traitsIcESaIcEEEEE14FindOnCallSpecERKSt5tupleIJS9_EE
FN:1479,_ZNK7testing8internal14FunctionMockerIFNSt7__cxx1112basic_stringIcSt11char_traitsIcESaIcEEEvEE14FindOnCallSpecERKSt5tupleIJEE
FNDA:0,_ZNK7testing8internal14FunctionMockerIFNSt7__cxx1112basic_stringIcSt11char_traitsIcESaIcEEEvEE14FindOnCallSpecERKSt5tupleIJEE
FN:1497,_ZNK7testing8internal14FunctionMockerIFNSt7__cxx1112basic_stringIcSt11char_traitsIcESaIcEEEvEE20PerformDefaultActionEOSt5tupleIJEERKS7_
FNDA:0,_ZNK7testing8internal14FunctionMockerIFNSt7__cxx1112basic_stringIcSt11char_traitsIcESaIcEEEvEE20PerformDefaultActionEOSt5tupleIJEERKS7_
FN:1497,_ZNK7testing8internal14FunctionMockerIFvRKNSt7__cxx1112basic_stringIcSt11char_traitsIcESaIcEEEEE20PerformDefaultActionEOSt5tupleIJS9_EES9_
FNDA:6,_ZNK7testing8internal14FunctionMockerIFvRKNSt7__cxx1112basic_stringIcSt11char_traitsIcESaIcEEEEE20PerformDefaultActionEOSt5tupleIJS9_EES9_
FN:1519,_ZN7testing8internal14FunctionMockerIFvRKNSt7__cxx1112basic_stringIcSt11char_traitsIcESaIcEEEEE25ClearDefaultActionsLockedEv
FNDA:13,_ZN7testing8internal14FunctionMockerIFvRKNSt7__cxx1112basic_stringIcSt11char_traitsIcESaIcEEEEE25ClearDefaultActionsLockedEv
FN:1519,_ZN7testing8internal14FunctionMockerIFNSt7__cxx1112basic_stringIcSt11char_traitsIcESaIcEEEvEE25ClearDefaultActionsLockedEv
FNDA:26,_ZN7testing8internal14FunctionMockerIFNSt7__cxx1112basic_stringIcSt11char_traitsIcESaIcEEEvEE25ClearDefaultActionsLockedEv
FN:1547,_ZN7testing8internal14FunctionMockerIFvRKNSt7__cxx1112basic_stringIcSt11char_traitsIcESaIcEEEEE6InvokeES9_
FNDA:11,_ZN7testing8internal14FunctionMockerIFvRKNSt7__cxx1112basic_stringIcSt11char_traitsIcESaIcEEEEE6InvokeES9_
FN:1547,_ZN7testing8internal14FunctionMockerIFNSt7__cxx1112basic_stringIcSt11char_traitsIcESaIcEEEvEE6InvokeEv
FNDA:26,_ZN7testing8internal14FunctionMockerIFNSt7__cxx1112basic_stringIcSt11char_traitsIcESaIcEEEvEE6InvokeEv
FN:1551,_ZN7testing8internal14FunctionMockerIFvRKNSt7__cxx1112basic_stringIcSt11char_traitsIcESaIcEEEEE4WithENS_7MatcherIS9_EE
FNDA:11,_ZN7testing8internal14FunctionMockerIFvRKNSt7__cxx1112basic_stringIcSt11char_traitsIcESaIcEEEEE4WithENS_7MatcherIS9_EE
FN:1551,_ZN7testing8internal14FunctionMockerIFNSt7__cxx1112basic_stringIcSt11char_traitsIcESaIcEEEvEE4WithEv
FNDA:8,_ZN7testing8internal14FunctionMockerIFNSt7__cxx1112basic_stringIcSt11char_traitsIcESaIcEEEvEE4WithEv
FN:1570,_ZN7testing8internal14FunctionMockerIFNSt7__cxx1112basic_stringIcSt11char_traitsIcESaIcEEEvEE17AddNewExpectationEPKciRKS7_RKSt5tupleIJEE
FNDA:8,_ZN7testing8internal14FunctionMockerIFNSt7__cxx1112basic_stringIcSt11char_traitsIcESaIcEEEvEE17AddNewExpectationEPKciRKS7_RKSt5tupleIJEE
FN:1570,_ZN7testing8internal14FunctionMockerIFvRKNSt7__cxx1112basic_stringIcSt11char_traitsIcESaIcEEEEE17AddNewExpectationEPKciS9_RKSt5tupleIJNS_7MatcherIS9_EEEE
FNDA:11,_ZN7testing8internal14FunctionMockerIFvRKNSt7__cxx1112basic_stringIcSt11char_traitsIcESaIcEEEEE17AddNewExpectationEPKciS9_RKSt5tupleIJNS_7MatcherIS9_EEEE
FN:1600,_ZNK7testing8internal14FunctionMockerIFvRKNSt7__cxx1112basic_stringIcSt11char_traitsIcESaIcEEEEE23DescribeDefaultActionToERKSt5tupleIJS9_EEPSo
FNDA:0,_ZNK7testing8internal14FunctionMockerIFvRKNSt7__cxx1112basic_stringIcSt11char_traitsIcESaIcEEEEE23DescribeDefaultActionToERKSt5tupleIJS9_EEPSo
FN:1600,_ZNK7testing8internal14FunctionMockerIFNSt7__cxx1112basic_stringIcSt11char_traitsIcESaIcEEEvEE23DescribeDefaultActionToERKSt5tupleIJEEPSo
FNDA:0,_ZNK7testing8internal14FunctionMockerIFNSt7__cxx1112basic_stringIcSt11char_traitsIcESaIcEEEvEE23DescribeDefaultActionToERKSt5tupleIJEEPSo
FN:1616,_ZNK7testing8internal14FunctionMockerIFNSt7__cxx1112basic_stringIcSt11char_traitsIcESaIcEEEvEE32UntypedDescribeUninterestingCallEPKvPSo
FNDA:0,_ZNK7testing8internal14FunctionMockerIFNSt7__cxx1112basic_stringIcSt11char_traitsIcESaIcEEEvEE32UntypedDescribeUninterestingCallEPKvPSo
FN:1616,_ZNK7testing8internal14FunctionMockerIFvRKNSt7__cxx1112basic_stringIcSt11char_traitsIcESaIcEEEEE32UntypedDescribeUninterestingCallEPKvPSo
FNDA:0,_ZNK7testing8internal14FunctionMockerIFvRKNSt7__cxx1112basic_stringIcSt11char_traitsIcESaIcEEEEE32UntypedDescribeUninterestingCallEPKvPSo
FN:1643,_ZN7testing8internal14FunctionMockerIFNSt7__cxx1112basic_stringIcSt11char_traitsIcESaIcEEEvEE30UntypedFindMatchingExpectationEPKvPSB_PbPSoSE_
FNDA:26,_ZN7testing8internal14FunctionMockerIFNSt7__cxx1112basic_stringIcSt11char_traitsIcESaIcEEEvEE30UntypedFindMatchingExpectationEPKvPSB_PbPSoSE_
FN:1643,_ZN7testing8internal14FunctionMockerIFvRKNSt7__cxx1112basic_stringIcSt11char_traitsIcESaIcEEEEE30UntypedFindMatchingExpectationEPKvPSD_PbPSoSG_
FNDA:11,_ZN7testing8internal14FunctionMockerIFvRKNSt7__cxx1112basic_stringIcSt11char_traitsIcESaIcEEEEE30UntypedFindMatchingExpectationEPKvPSD_PbPSoSG_
FN:1668,_ZNK7testing8internal14FunctionMockerIFvRKNSt7__cxx1112basic_stringIcSt11char_traitsIcESaIcEEEEE16UntypedPrintArgsEPKvPSo
FNDA:0,_ZNK7testing8internal14FunctionMockerIFvRKNSt7__cxx1112basic_stringIcSt11char_traitsIcESaIcEEEEE16UntypedPrintArgsEPKvPSo
FN:1668,_ZNK7testing8internal14FunctionMockerIFNSt7__cxx1112basic_stringIcSt11char_traitsIcESaIcEEEvEE16UntypedPrintArgsEPKvPSo
FNDA:0,_ZNK7testing8internal14FunctionMockerIFNSt7__cxx1112basic_stringIcSt11char_traitsIcESaIcEEEvEE16UntypedPrintArgsEPKvPSo
FN:1677,_ZNK7testing8internal14FunctionMockerIFvRKNSt7__cxx1112basic_stringIcSt11char_traitsIcESaIcEEEEE29FindMatchingExpectationLockedERKSt5tupleIJS9_EE
FNDA:11,_ZNK7testing8internal14FunctionMockerIFvRKNSt7__cxx1112basic_stringIcSt11char_traitsIcESaIcEEEEE29FindMatchingExpectationLockedERKSt5tupleIJS9_EE
FN:1677,_ZNK7testing8internal14FunctionMockerIFNSt7__cxx1112basic_stringIcSt11char_traitsIcESaIcEEEvEE29FindMatchingExpectationLockedERKSt5tupleIJEE
FNDA:26,_ZNK7testing8internal14FunctionMockerIFNSt7__cxx1112basic_stringIcSt11char_traitsIcESaIcEEEvEE29FindMatchingExpectationLockedERKSt5tupleIJEE
FN:1695,_ZNK7testing8internal14FunctionMockerIFvRKNSt7__cxx1112basic_stringIcSt11char_traitsIcESaIcEEEEE33FormatUnexpectedCallMessageLockedERKSt5tupleIJS9_EEPSoSG_
FNDA:0,_ZNK7testing8internal14FunctionMockerIFvRKNSt7__cxx1112basic_stringIcSt11char_traitsIcESaIcEEEEE33FormatUnexpectedCallMessageLockedERKSt5tupleIJS9_EEPSoSG_
FN:1695,_ZNK7testing8internal14FunctionMockerIFNSt7__cxx1112basic_stringIcSt11char_traitsIcESaIcEEEvEE33FormatUnexpectedCallMessageLockedERKSt5tupleIJEEPSoSE_
FNDA:0,_ZNK7testing8internal14FunctionMockerIFNSt7__cxx1112basic_stringIcSt11char_traitsIcESaIcEEEvEE33FormatUnexpectedCallMessageLockedERKSt5tupleIJEEPSoSE_
FN:1707,_ZNK7testing8internal14FunctionMockerIFNSt7__cxx1112basic_stringIcSt11char_traitsIcESaIcEEEvEE28PrintTriedExpectationsLockedERKSt5tupleIJEEPSo
FNDA:0,_ZNK7testing8internal14FunctionMockerIFNSt7__cxx1112basic_stringIcSt11char_traitsIcESaIcEEEvEE28PrintTriedExpectationsLockedERKSt5tupleIJEEPSo
FN:1707,_ZNK7testing8internal14FunctionMockerIFvRKNSt7__cxx1112basic_stringIcSt11char_traitsIcESaIcEEEEE28PrintTriedExpectationsLockedERKSt5tupleIJS9_EEPSo
FNDA:0,_ZNK7testing8internal14FunctionMockerIFvRKNSt7__cxx1112basic_stringIcSt11char_traitsIcESaIcEEEEE28PrintTriedExpectationsLockedERKSt5tupleIJS9_EEPSo
FN:1733,_ZNK7testing8internal14FunctionMockerIFNSt7__cxx1112basic_stringIcSt11char_traitsIcESaIcEEEvEE13PerformActionEPKvOSt5tupleIJEERKS7_
FNDA:26,_ZNK7testing8internal14FunctionMockerIFNSt7__cxx1112basic_stringIcSt11char_traitsIcESaIcEEEvEE13PerformActionEPKvOSt5tupleIJEERKS7_
FN:1733,_ZNK7testing8internal14FunctionMockerIFvRKNSt7__cxx1112basic_stringIcSt11char_traitsIcESaIcEEEEE13PerformActionEPKvOSt5tupleIJS9_EES9_
FNDA:11,_ZNK7testing8internal14FunctionMockerIFvRKNSt7__cxx1112basic_stringIcSt11char_traitsIcESaIcEEEEE13PerformActionEPKvOSt5tupleIJS9_EES9_
FN:1758,_ZN7testing8internal14FunctionMockerIFNSt7__cxx1112basic_stringIcSt11char_traitsIcESaIcEEEvEE27PerformActionAndPrintResultIS7_Li0EEES7_PKvOSt5tupleIJEERKS7_RSo
FNDA:0,_ZN7testing8internal14FunctionMockerIFNSt7__cxx1112basic_stringIcSt11char_traitsIcESaIcEEEvEE27PerformActionAndPrintResultIS7_Li0EEES7_PKvOSt5tupleIJEERKS7_RSo
FN:1773,_ZN7testing8internal14FunctionMockerIFvRKNSt7__cxx1112basic_stringIcSt11char_traitsIcESaIcEEEEE27PerformActionAndPrintResultIvLi0EEEvPKvOSt5tupleIJS9_EES9_RSo
FNDA:0,_ZN7testing8internal14FunctionMockerIFvRKNSt7__cxx1112basic_stringIcSt11char_traitsIcESaIcEEEEE27PerformActionAndPrintResultIvLi0EEEvPKvOSt5tupleIJS9_EES9_RSo
FN:1789,_ZN7testing8internal14FunctionMockerIFNSt7__cxx1112basic_stringIcSt11char_traitsIcESaIcEEEvEE10InvokeWithEOSt5tupleIJEE
FNDA:26,_ZN7testing8internal14FunctionMockerIFNSt7__cxx1112basic_stringIcSt11char_traitsIcESaIcEEEvEE10InvokeWithEOSt5tupleIJEE
FN:1789,_ZN7testing8internal14FunctionMockerIFvRKNSt7__cxx1112basic_stringIcSt11char_traitsIcESaIcEEEEE10InvokeWithEOSt5tupleIJS9_EE
FNDA:11,_ZN7testing8internal14FunctionMockerIFvRKNSt7__cxx1112basic_stringIcSt11char_traitsIcESaIcEEEEE10InvokeWithEOSt5tupleIJS9_EE
DA:246,0
DA:247,0
DA:260,0
DA:262,0
DA:263,0
DA:323,0
DA:324,0
DA:323,0
DA:324,0
DA:328,0
DA:329,0
DA:330,0
DA:332,0
DA:328,0
DA:329,0
DA:330,0
DA:332,0
DA:539,0
DA:540,0
DA:569,19
DA:605,74
DA:606,74
DA:693,0
DA:694,0
DA:695,37
DA:697,112
DA:700,0
DA:701,0
DA:702,0
DA:748,13
DA:750,13
DA:751,13
DA:759,13
DA:762,13
DA:763,13
DA:764,13
DA:774,74
DA:775,74
DA:776,74
DA:780,0
DA:781,0
DA:782,0
DA:783,0
DA:787,37
DA:796,74
DA:797,74
DA:798,74
DA:817,37
DA:818,37
DA:819,37
DA:823,37
DA:824,37
DA:825,37
DA:826,37
DA:887,11
DA:891,11
DA:892,11
DA:896,11
DA:897,22
DA:887,8
DA:891,8
DA:896,8
DA:897,8
DA:899,11
DA:907,11
DA:899,11
DA:902,11
DA:903,22
DA:904,32
DA:905,5
DA:907,22
DA:899,8
DA:907,8
DA:899,8
DA:902,8
DA:903,16
DA:904,28
DA:905,6
DA:907,16
DA:1003,6
DA:1007,12
DA:1008,6
DA:1009,12
DA:1010,6
DA:1018,6
DA:1019,12
DA:1020,12
DA:1022,6
DA:1024,12
DA:1026,6
DA:1027,6
DA:1029,6
DA:1018,5
DA:1019,10
DA:1020,10
DA:1022,5
DA:1024,10
DA:1026,5
DA:1027,5
DA:1029,5
DA:1033,2
DA:1034,2
DA:1035,0
DA:1036,0
DA:1039,4
DA:1040,6
DA:1043,2
DA:1044,2
DA:1046,2
DA:1047,2
DA:1048,2
DA:1053,2
DA:1054,2
DA:1081,6
DA:1081,20
DA:1085,0
DA:1086,0
DA:1087,0
DA:1088,0
DA:1089,0
DA:1091,0
DA:1085,0
DA:1086,0
DA:1087,0
DA:1088,0
DA:1089,0
DA:1091,0
DA:1102,6
DA:1103,12
DA:1109,0
DA:1109,0
DA:1116,11
DA:1118,11
DA:1119,11
DA:1116,26
DA:1118,26
DA:1119,26
DA:1124,11
DA:1126,11
DA:1132,11
DA:1133,11
DA:1124,26
DA:1126,26
DA:1132,26
DA:1133,26
DA:1138,0
DA:1140,0
DA:1142,0
DA:1144,0
DA:1145,0
DA:1146,0
DA:1147,0
DA:1149,0
DA:1150,0
DA:1151,0
DA:1152,0
DA:1153,0
DA:1155,0
DA:1156,0
DA:1158,0
DA:1161,0
DA:1162,0
DA:1163,0
DA:1164,0
DA:1165,0
DA:1166,0
DA:1167,0
DA:1168,0
DA:1170,0
DA:1171,0
DA:1176,0
DA:1178,0
DA:1138,0
DA:1140,0
DA:1142,0
DA:1144,0
DA:1145,0
DA:1146,0
DA:1147,0
DA:1149,0
DA:1150,0
DA:1151,0
DA:1152,0
DA:1153,0
DA:1155,0
DA:1156,0
DA:1158,0
DA:1161,0
DA:1162,0
DA:1163,0
DA:1164,0
DA:1165,0
DA:1166,0
DA:1167,0
DA:1168,0
DA:1170,0
DA:1171,0
DA:1176,0
DA:1178,0
DA:1181,11
DA:1184,11
DA:1185,11
DA:1186,11
DA:1187,22
DA:1190,11
DA:1191,11
DA:1195,0
DA:1196,0
DA:1198,0
DA:1200,0
DA:1201,0
DA:1202,0
DA:1203,0
DA:1206,11
DA:1207,5
DA:1208,22
DA:1181,26
DA:1184,26
DA:1185,26
DA:1186,26
DA:1187,52
DA:1190,26
DA:1191,26
DA:1195,0
DA:1196,0
DA:1198,0
DA:1200,0
DA:1201,0
DA:1202,0
DA:1203,0
DA:1206,26
DA:1207,6
DA:1208,52
DA:1218,11
DA:1223,11
DA:1224,11
DA:1225,11
DA:1227,0
DA:1228,0
DA:1229,0
DA:1230,0
DA:1232,0
DA:1233,0
DA:1234,0
DA:1236,0
DA:1239,11
DA:1240,11
DA:1242,11
DA:1243,0
DA:1247,11
DA:1248,11
DA:1249,0
DA:1251,11
DA:1252,11
DA:1218,26
DA:1223,26
DA:1224,26
DA:1225,26
DA:1227,0
DA:1228,0
DA:1229,0
DA:1230,0
DA:1232,0
DA:1233,0
DA:1234,0
DA:1236,0
DA:1239,26
DA:1240,26
DA:1242,26
DA:1243,0
DA:1247,26
DA:1248,26
DA:1249,0
DA:1251,26
DA:1252,26
DA:1290,11
DA:1292,11
DA:1290,8
DA:1292,8
DA:1306,11
DA:1309,11
DA:1311,11
DA:1312,22
DA:1313,22
DA:1314,11
DA:1306,8
DA:1309,8
DA:1311,8
DA:1312,16
DA:1313,16
DA:1314,8
DA:1319,11
DA:1320,11
DA:1319,8
DA:1320,8
DA:1381,0
DA:1382,0
DA:1384,0
DA:1385,0
DA:1406,0
DA:1407,0
DA:1408,0
DA:1419,0
DA:1420,0
DA:1422,0
DA:1424,0
DA:1425,0
DA:1427,0
DA:1428,0
DA:1432,0
DA:1434,0
DA:1449,13
DA:1449,26
DA:1469,0
DA:1474,0
DA:1469,13
DA:1470,13
DA:1471,13
DA:1472,13
DA:1473,13
DA:1474,26
DA:1469,0
DA:1474,0
DA:1469,26
DA:1470,26
DA:1471,26
DA:1472,26
DA:1473,26
DA:1474,52
DA:1479,6
DA:1480,6
DA:1482,6
DA:1483,0
DA:1484,0
DA:1487,6
DA:1479,0
DA:1480,0
DA:1482,0
DA:1483,0
DA:1484,0
DA:1487,0
DA:1497,6
DA:1499,6
DA:1500,6
DA:1501,0
DA:1503,6
DA:1508,6
DA:1509,0
DA:1514,6
DA:1515,6
DA:1497,0
DA:1499,0
DA:1500,0
DA:1501,0
DA:1503,0
DA:1508,0
DA:1509,0
DA:1514,0
DA:1515,0
DA:1519,13
DA:1521,13
DA:1530,13
DA:1531,13
DA:1533,13
DA:1534,26
DA:1535,26
DA:1536,0
DA:1541,13
DA:1542,13
DA:1519,26
DA:1521,26
DA:1530,26
DA:1531,26
DA:1533,26
DA:1534,52
DA:1535,52
DA:1536,0
DA:1541,26
DA:1542,26
DA:1547,11
DA:1548,11
DA:1547,26
DA:1548,52
DA:1551,11
DA:1552,11
DA:1551,8
DA:1552,8
DA:1570,11
DA:1574,11
DA:1575,11
DA:1576,11
DA:1577,11
DA:1580,11
DA:1583,11
DA:1584,11
DA:1585,0
DA:1588,11
DA:1589,11
DA:1570,8
DA:1574,8
DA:1575,8
DA:1576,8
DA:1577,8
DA:1580,8
DA:1583,8
DA:1584,8
DA:1585,0
DA:1588,8
DA:1589,8
DA:1600,0
DA:1602,0
DA:1604,0
DA:1605,0
DA:1609,0
DA:1611,0
DA:1600,0
DA:1602,0
DA:1604,0
DA:1605,0
DA:1609,0
DA:1611,0
DA:1616,0
DA:1619,0
DA:1621,0
DA:1622,0
DA:1623,0
DA:1624,0
DA:1625,0
DA:1616,0
DA:1619,0
DA:1621,0
DA:1622,0
DA:1623,0
DA:1624,0
DA:1625,0
DA:1643,11
DA:1647,11
DA:1649,11
DA:1650,11
DA:1651,11
DA:1652,0
DA:1653,0
DA:1659,11
DA:1660,11
DA:1661,11
DA:1662,6
DA:1663,11
DA:1664,11
DA:1665,11
DA:1643,26
DA:1647,26
DA:1649,26
DA:1650,26
DA:1651,26
DA:1652,0
DA:1653,0
DA:1659,26
DA:1660,26
DA:1661,26
DA:1662,0
DA:1663,26
DA:1664,26
DA:1665,26
DA:1668,0
DA:1670,0
DA:1672,0
DA:1673,0
DA:1668,0
DA:1670,0
DA:1672,0
DA:1673,0
DA:1677,11
DA:1679,11
DA:1682,11
DA:1684,11
DA:1686,11
DA:1687,11
DA:1688,11
DA:1691,0
DA:1677,26
DA:1679,26
DA:1682,26
DA:1684,26
DA:1686,26
DA:1687,26
DA:1688,26
DA:1691,0
DA:1695,0
DA:1699,0
DA:1700,0
DA:1701,0
DA:1702,0
DA:1703,0
DA:1695,0
DA:1699,0
DA:1700,0
DA:1701,0
DA:1702,0
DA:1703,0
DA:1707,0
DA:1710,0
DA:1711,0
DA:1712,0
DA:1715,0
DA:1716,0
DA:1718,0
DA:1719,0
DA:1720,0
DA:1721,0
DA:1722,0
DA:1724,0
DA:1725,0
DA:1726,0
DA:1728,0
DA:1707,0
DA:1710,0
DA:1711,0
DA:1712,0
DA:1715,0
DA:1716,0
DA:1718,0
DA:1719,0
DA:1720,0
DA:1721,0
DA:1722,0
DA:1724,0
DA:1725,0
DA:1726,0
DA:1728,0
DA:1733,11
DA:1735,11
DA:1736,6
DA:1741,5
DA:1742,5
DA:1743,5
DA:1733,26
DA:1735,26
DA:1736,0
DA:1741,26
DA:1742,26
DA:1743,26
DA:1758,0
DA:1762,0
DA:1764,0
DA:1765,0
DA:1766,0
DA:1773,0
DA:1777,0
DA:1789,11
DA:1793,11
DA:1802,0
DA:1807,0
DA:1810,0
DA:1814,0
DA:1820,0
DA:1822,0
DA:1823,0
DA:1827,0
DA:1828,0
DA:1841,0
DA:1845,0
DA:1846,0
DA:1848,11
DA:1849,11
DA:1850,11
DA:1851,11
DA:1852,11
DA:1858,11
DA:1860,11
DA:1866,11
DA:1867,11
DA:1868,11
DA:1870,33
DA:1873,0
DA:1874,0
DA:1878,0
DA:1879,0
DA:1892,0
DA:1896,0
DA:1897,0
DA:1898,21
DA:1789,26
DA:1793,26
DA:1802,0
DA:1807,0
DA:1810,0
DA:1814,0
DA:1820,0
DA:1823,0
DA:1827,0
DA:1828,0
DA:1841,0
DA:1845,0
DA:1846,0
DA:1848,26
DA:1849,26
DA:1850,26
DA:1851,26
DA:1852,26
DA:1858,26
DA:1860,26
DA:1866,26
DA:1867,26
DA:1868,26
DA:1870,78
DA:1873,0
DA:1874,0
DA:1878,0
DA:1879,0
DA:1892,0
DA:1896,0
DA:1897,0
DA:1898,26
end_of_record
SF:C:\mingw64\include\c++\15.2.0\ext\string_conversions.h
FN:58,_ZN9__gnu_cxx6__stoaIlicJiEEET0_PFT_PKT1_PPS3_DpT2_EPKcS5_PyS9_
FNDA:21,_ZN9__gnu_cxx6__stoaIlicJiEEET0_PFT_PKT1_PPS3_DpT2_EPKcS5_PyS9_
FN:67,_ZZN9__gnu_cxx6__stoaIlicJiEEET0_PFT_PKT1_PPS3_DpT2_EPKcS5_PyS9_EN11_Save_errnoC1Ev
FNDA:21,_ZZN9__gnu_cxx6__stoaIlicJiEEET0_PFT_PKT1_PPS3_DpT2_EPKcS5_PyS9_EN11_Save_errnoC1Ev
FN:68,_ZZN9__gnu_cxx6__stoaIlicJiEEET0_PFT_PKT1_PPS3_DpT2_EPKcS5_PyS9_EN11_Save_errnoD1Ev
FNDA:21,_ZZN9__gnu_cxx6__stoaIlicJiEEET0_PFT_PKT1_PPS3_DpT2_EPKcS5_PyS9_EN11_Save_errnoD1Ev
FN:77,_ZZN9__gnu_cxx6__stoaIlicJiEEET0_PFT_PKT1_PPS3_DpT2_EPKcS5_PyS9_EN10_Range_chk6_S_chkElSt17integral_constantIbLb1EE
FNDA:21,_ZZN9__gnu_cxx6__stoaIlicJiEEET0_PFT_PKT1_PPS3_DpT2_EPKcS5_PyS9_EN10_Range_chk6_S_chkElSt17integral_constantIbLb1EE
DA:58,21
DA:67,21
DA:68,21
DA:70,21
DA:77,21
DA:80,21
DA:84,21
DA:86,21
DA:87,0
DA:88,21
DA:89,21
DA:90,0
DA:92,21
DA:94,21
DA:95,0
DA:97,21
DA:98,21
end_of_record
SF:C:\mingw64\include\c++\15.2.0\bits\stl_iterator.h
FN:190,_ZNSt16reverse_iteratorIN9__gnu_cxx17__normal_iteratorIPKSt10shared_ptrIN7testing8internal15ExpectationBaseEESt6vectorIS6_SaIS6_EEEEEC1ESC_
FNDA:74,_ZNSt16reverse_iteratorIN9__gnu_cxx17__normal_iteratorIPKSt10shared_ptrIN7testing8internal15ExpectationBaseEESt6vectorIS6_SaIS6_EEEEEC1ESC_
FN:190,_ZNSt16reverse_iteratorIN9__gnu_cxx17__normal_iteratorIPKPKvSt6vectorIS3_SaIS3_EEEEEC1ES9_
FNDA:12,_ZNSt16reverse_iteratorIN9__gnu_cxx17__normal_iteratorIPKPKvSt6vectorIS3_SaIS3_EEEEEC1ES9_
FN:243,_ZNKSt16reverse_iteratorIN9__gnu_cxx17__normal_iteratorIPKSt10shared_ptrIN7testing8internal15ExpectationBaseEESt6vectorIS6_SaIS6_EEEEE4baseEv
FNDA:74,_ZNKSt16reverse_iteratorIN9__gnu_cxx17__normal_iteratorIPKSt10shared_ptrIN7testing8internal15ExpectationBaseEESt6vectorIS6_SaIS6_EEEEE4baseEv
FN:243,_ZNKSt16reverse_iteratorIN9__gnu_cxx17__normal_iteratorIPKPKvSt6vectorIS3_SaIS3_EEEEE4baseEv
FNDA:12,_ZNKSt16reverse_iteratorIN9__gnu_cxx17__normal_iteratorIPKPKvSt6vectorIS3_SaIS3_EEEEE4baseEv
FN:259,_ZNKSt16reverse_iteratorIN9__gnu_cxx17__normal_iteratorIPKPKvSt6vectorIS3_SaIS3_EEEEEdeEv
FNDA:0,_ZNKSt16reverse_iteratorIN9__gnu_cxx17__normal_iteratorIPKPKvSt6vectorIS3_SaIS3_EEEEEdeEv
FN:272,_ZNKSt16reverse_iteratorIN9__gnu_cxx17__normal_iteratorIPKSt10shared_ptrIN7testing8internal15ExpectationBaseEESt6vectorIS6_SaIS6_EEEEEptEv
FNDA:37,_ZNKSt16reverse_iteratorIN9__gnu_cxx17__normal_iteratorIPKSt10shared_ptrIN7testing8internal15ExpectationBaseEESt6vectorIS6_SaIS6_EEEEEptEv
FN:291,_ZNSt16reverse_iteratorIN9__gnu_cxx17__normal_iteratorIPKSt10shared_ptrIN7testing8internal15ExpectationBaseEESt6vectorIS6_SaIS6_EEEEEppEv
FNDA:0,_ZNSt16reverse_iteratorIN9__gnu_cxx17__normal_iteratorIPKSt10shared_ptrIN7testing8internal15ExpectationBaseEESt6vectorIS6_SaIS6_EEEEEppEv
FN:291,_ZNSt16reverse_iteratorIN9__gnu_cxx17__normal_iteratorIPKPKvSt6vectorIS3_SaIS3_EEEEEppEv
FNDA:0,_ZNSt16reverse_iteratorIN9__gnu_cxx17__normal_iteratorIPKPKvSt6vectorIS3_SaIS3_EEEEEppEv
FN:425,_ZNSt16reverse_iteratorIN9__gnu_cxx17__normal_iteratorIPKSt10shared_ptrIN7testing8internal15ExpectationBaseEESt6vectorIS6_SaIS6_EEEEE13_S_to_pointerISC_EES8_T_
FNDA:37,_ZNSt16reverse_iteratorIN9__gnu_cxx17__normal_iteratorIPKSt10shared_ptrIN7testing8internal15ExpectationBaseEESt6vectorIS6_SaIS6_EEEEE13_S_to_pointerISC_EES8_T_
FN:443,_ZSteqIN9__gnu_cxx17__normal_iteratorIPKSt10shared_ptrIN7testing8internal15ExpectationBaseEESt6vectorIS6_SaIS6_EEEEEbRKSt16reverse_iteratorIT_ESH_
[...]
FNDA:4,_ZNSt14_Function_base13_Base_managerIN7testing8internal16TypedExpectationIFNSt7__cxx1112basic_stringIcSt11char_traitsIcESaIcEEEvEE13ActionAdaptorEE9_M_createISC_EEvRSt9_Any_dataOT_St17integral_constantIbLb0EE
FN:168,_ZNSt14_Function_base13_Base_managerIZN16TVControllerTest5SetUpEvEUlvE_E10_M_destroyERSt9_Any_dataSt17integral_constantIbLb1EE
FNDA:20,_ZNSt14_Function_base13_Base_managerIZN16TVControllerTest5SetUpEvEUlvE_E10_M_destroyERSt9_Any_dataSt17integral_constantIbLb1EE
FN:168,_ZNSt14_Function_base13_Base_managerIZN16TVControllerTest5SetUpEvEUlRKNSt7__cxx1112basic_stringIcSt11char_traitsIcESaIcEEEE_E10_M_destroyERSt9_Any_dataSt17integral_constantIbLb1EE
FNDA:20,_ZNSt14_Function_base13_Base_managerIZN16TVControllerTest5SetUpEvEUlRKNSt7__cxx1112basic_stringIcSt11char_traitsIcESaIcEEEE_E10_M_destroyERSt9_Any_dataSt17integral_constantIbLb1EE
FN:175,_ZNSt14_Function_base13_Base_managerIN7testing8internal16TypedExpectationIFNSt7__cxx1112basic_stringIcSt11char_traitsIcESaIcEEEvEE13ActionAdaptorEE10_M_destroyERSt9_Any_dataSt17integral_constantIbLb0EE
FNDA:8,_ZNSt14_Function_base13_Base_managerIN7testing8internal16TypedExpectationIFNSt7__cxx1112basic_stringIcSt11char_traitsIcESaIcEEEvEE13ActionAdaptorEE10_M_destroyERSt9_Any_dataSt17integral_constantIbLb0EE
FN:175,_ZNSt14_Function_base13_Base_managerIN7testing10OnceActionIFNSt7__cxx1112basic_stringIcSt11char_traitsIcESaIcEEEvEE18StdFunctionAdaptorINS1_8internal12ReturnActionIPKcE4ImplIS8_EEEEE10_M_destroyERSt9_Any_dataSt17integral_constantIbLb0EE
FNDA:4,_ZNSt14_Function_base13_Base_managerIN7testing10OnceActionIFNSt7__cxx1112basic_stringIcSt11char_traitsIcESaIcEEEvEE18StdFunctionAdaptorINS1_8internal12ReturnActionIPKcE4ImplIS8_EEEEE10_M_destroyERSt9_Any_dataSt17integral_constantIbLb0EE
FN:182,_ZNSt14_Function_base13_Base_managerIN7testing10OnceActionIFNSt7__cxx1112basic_stringIcSt11char_traitsIcESaIcEEEvEE18StdFunctionAdaptorINS1_8internal12ReturnActionIPKcE4ImplIS8_EEEEE10_M_managerERSt9_Any_dataRKSL_St18_Manager_operation
FNDA:4,_ZNSt14_Function_base13_Base_managerIN7testing10OnceActionIFNSt7__cxx1112basic_stringIcSt11char_traitsIcESaIcEEEvEE18StdFunctionAdaptorINS1_8internal12ReturnActionIPKcE4ImplIS8_EEEEE10_M_managerERSt9_Any_dataRKSL_St18_Manager_operation
FN:182,_ZNSt14_Function_base13_Base_managerIZN16TVControllerTest5SetUpEvEUlvE_E10_M_managerERSt9_Any_dataRKS4_St18_Manager_operation
FNDA:30,_ZNSt14_Function_base13_Base_managerIZN16TVControllerTest5SetUpEvEUlvE_E10_M_managerERSt9_Any_dataRKS4_St18_Manager_operation
FN:182,_ZNSt14_Function_base13_Base_managerIN7testing8internal16TypedExpectationIFNSt7__cxx1112basic_stringIcSt11char_traitsIcESaIcEEEvEE13ActionAdaptorEE10_M_managerERSt9_Any_dataRKSE_St18_Manager_operation
FNDA:12,_ZNSt14_Function_base13_Base_managerIN7testing8internal16TypedExpectationIFNSt7__cxx1112basic_stringIcSt11char_traitsIcESaIcEEEvEE13ActionAdaptorEE10_M_managerERSt9_Any_dataRKSE_St18_Manager_operation
FN:182,_ZNSt14_Function_base13_Base_managerIZN16TVControllerTest5SetUpEvEUlRKNSt7__cxx1112basic_stringIcSt11char_traitsIcESaIcEEEE_E10_M_managerERSt9_Any_dataRKSC_St18_Manager_operation
FNDA:30,_ZNSt14_Function_base13_Base_managerIZN16TVControllerTest5SetUpEvEUlRKNSt7__cxx1112basic_stringIcSt11char_traitsIcESaIcEEEE_E10_M_managerERSt9_Any_dataRKSC_St18_Manager_operation
FN:213,_ZNSt14_Function_base13_Base_managerIN7testing10OnceActionIFNSt7__cxx1112basic_stringIcSt11char_traitsIcESaIcEEEvEE18StdFunctionAdaptorINS1_8internal12ReturnActionIPKcE4ImplIS8_EEEEE15_M_init_functorIRKSJ_EEvRSt9_Any_dataOT_
FNDA:0,_ZNSt14_Function_base13_Base_managerIN7testing10OnceActionIFNSt7__cxx1112basic_stringIcSt11char_traitsIcESaIcEEEvEE18StdFunctionAdaptorINS1_8internal12ReturnActionIPKcE4ImplIS8_EEEEE15_M_init_functorIRKSJ_EEvRSt9_Any_dataOT_
FN:213,_ZNSt14_Function_base13_Base_managerIZN16TVControllerTest5SetUpEvEUlRKNSt7__cxx1112basic_stringIcSt11char_traitsIcESaIcEEEE_E15_M_init_functorIRKSA_EEvRSt9_Any_dataOT_
FNDA:10,_ZNSt14_Function_base13_Base_managerIZN16TVControllerTest5SetUpEvEUlRKNSt7__cxx1112basic_stringIcSt11char_traitsIcESaIcEEEE_E15_M_init_functorIRKSA_EEvRSt9_Any_dataOT_
FN:213,_ZNSt14_Function_base13_Base_managerIN7testing8internal16TypedExpectationIFNSt7__cxx1112basic_stringIcSt11char_traitsIcESaIcEEEvEE13ActionAdaptorEE15_M_init_functorIRKSC_EEvRSt9_Any_dataOT_
FNDA:4,_ZNSt14_Function_base13_Base_managerIN7testing8internal16TypedExpectationIFNSt7__cxx1112basic_stringIcSt11char_traitsIcESaIcEEEvEE13ActionAdaptorEE15_M_init_functorIRKSC_EEvRSt9_Any_dataOT_
FN:213,_ZNSt14_Function_base13_Base_managerIN7testing10OnceActionIFNSt7__cxx1112basic_stringIcSt11char_traitsIcESaIcEEEvEE18StdFunctionAdaptorINS1_8internal12ReturnActionIPKcE4ImplIS8_EEEEE15_M_init_functorISJ_EEvRSt9_Any_dataOT_
FNDA:4,_ZNSt14_Function_base13_Base_managerIN7testing10OnceActionIFNSt7__cxx1112basic_stringIcSt11char_traitsIcESaIcEEEvEE18StdFunctionAdaptorINS1_8internal12ReturnActionIPKcE4ImplIS8_EEEEE15_M_init_functorISJ_EEvRSt9_Any_dataOT_
FN:213,_ZNSt14_Function_base13_Base_managerIZN16TVControllerTest5SetUpEvEUlvE_E15_M_init_functorIS2_EEvRSt9_Any_dataOT_
FNDA:10,_ZNSt14_Function_base13_Base_managerIZN16TVControllerTest5SetUpEvEUlvE_E15_M_init_functorIS2_EEvRSt9_Any_dataOT_
FN:213,_ZNSt14_Function_base13_Base_managerIZN16TVControllerTest5SetUpEvEUlRKNSt7__cxx1112basic_stringIcSt11char_traitsIcESaIcEEEE_E15_M_init_functorISA_EEvRSt9_Any_dataOT_
FNDA:10,_ZNSt14_Function_base13_Base_managerIZN16TVControllerTest5SetUpEvEUlRKNSt7__cxx1112basic_stringIcSt11char_traitsIcESaIcEEEE_E15_M_init_functorISA_EEvRSt9_Any_dataOT_
FN:213,_ZNSt14_Function_base13_Base_managerIZN16TVControllerTest5SetUpEvEUlvE_E15_M_init_functorIRKS2_EEvRSt9_Any_dataOT_
FNDA:10,_ZNSt14_Function_base13_Base_managerIZN16TVControllerTest5SetUpEvEUlvE_E15_M_init_functorIRKS2_EEvRSt9_Any_dataOT_
FN:213,_ZNSt14_Function_base13_Base_managerIN7testing8internal16TypedExpectationIFNSt7__cxx1112basic_stringIcSt11char_traitsIcESaIcEEEvEE13ActionAdaptorEE15_M_init_functorISC_EEvRSt9_Any_dataOT_
FNDA:4,_ZNSt14_Function_base13_Base_managerIN7testing8internal16TypedExpectationIFNSt7__cxx1112basic_stringIcSt11char_traitsIcESaIcEEEvEE13ActionAdaptorEE15_M_init_functorISC_EEvRSt9_Any_dataOT_
FN:237,_ZNSt14_Function_base13_Base_managerIN7testing8internal16TypedExpectationIFNSt7__cxx1112basic_stringIcSt11char_traitsIcESaIcEEEvEE13ActionAdaptorEE21_M_not_empty_functionISC_EEbRKT_
FNDA:4,_ZNSt14_Function_base13_Base_managerIN7testing8internal16TypedExpectationIFNSt7__cxx1112basic_stringIcSt11char_traitsIcESaIcEEEvEE13ActionAdaptorEE21_M_not_empty_functionISC_EEbRKT_
FN:237,_ZNSt14_Function_base13_Base_managerIN7testing10OnceActionIFNSt7__cxx1112basic_stringIcSt11char_traitsIcESaIcEEEvEE18StdFunctionAdaptorINS1_8internal12ReturnActionIPKcE4ImplIS8_EEEEE21_M_not_empty_functionISJ_EEbRKT_
FNDA:4,_ZNSt14_Function_base13_Base_managerIN7testing10OnceActionIFNSt7__cxx1112basic_stringIcSt11char_traitsIcESaIcEEEvEE18StdFunctionAdaptorINS1_8internal12ReturnActionIPKcE4ImplIS8_EEEEE21_M_not_empty_functionISJ_EEbRKT_
FN:237,_ZNSt14_Function_base13_Base_managerIZN16TVControllerTest5SetUpEvEUlvE_E21_M_not_empty_functionIS2_EEbRKT_
FNDA:10,_ZNSt14_Function_base13_Base_managerIZN16TVControllerTest5SetUpEvEUlvE_E21_M_not_empty_functionIS2_EEbRKT_
FN:237,_ZNSt14_Function_base13_Base_managerIZN16TVControllerTest5SetUpEvEUlRKNSt7__cxx1112basic_stringIcSt11char_traitsIcESaIcEEEE_E21_M_not_empty_functionISA_EEbRKT_
FNDA:10,_ZNSt14_Function_base13_Base_managerIZN16TVControllerTest5SetUpEvEUlRKNSt7__cxx1112basic_stringIcSt11char_traitsIcESaIcEEEE_E21_M_not_empty_functionISA_EEbRKT_
FN:241,_ZNSt14_Function_baseC2Ev
FNDA:105,_ZNSt14_Function_baseC2Ev
FN:243,_ZNSt14_Function_baseD2Ev
FNDA:105,_ZNSt14_Function_baseD2Ev
FN:249,_ZNKSt14_Function_base8_M_emptyEv
FNDA:116,_ZNKSt14_Function_base8_M_emptyEv
FN:269,_ZNSt17_Function_handlerIFNSt7__cxx1112basic_stringIcSt11char_traitsIcESaIcEEEvEN7testing8internal16TypedExpectationIS6_E13ActionAdaptorEE10_M_managerERSt9_Any_dataRKSD_St18_Manager_operation
FNDA:12,_ZNSt17_Function_handlerIFNSt7__cxx1112basic_stringIcSt11char_traitsIcESaIcEEEvEN7testing8internal16TypedExpectationIS6_E13ActionAdaptorEE10_M_managerERSt9_Any_dataRKSD_St18_Manager_operation
FN:269,_ZNSt17_Function_handlerIFNSt7__cxx1112basic_stringIcSt11char_traitsIcESaIcEEEvEZN16TVControllerTest5SetUpEvEUlvE_E10_M_managerERSt9_Any_dataRKSA_St18_Manager_operation
FNDA:30,_ZNSt17_Function_handlerIFNSt7__cxx1112basic_stringIcSt11char_traitsIcESaIcEEEvEZN16TVControllerTest5SetUpEvEUlvE_E10_M_managerERSt9_Any_dataRKSA_St18_Manager_operation
FN:269,_ZNSt17_Function_handlerIFvRKNSt7__cxx1112basic_stringIcSt11char_traitsIcESaIcEEEEZN16TVControllerTest5SetUpEvEUlS7_E_E10_M_managerERSt9_Any_dataRKSC_St18_Manager_operation
FNDA:30,_ZNSt17_Function_handlerIFvRKNSt7__cxx1112basic_stringIcSt11char_traitsIcESaIcEEEEZN16TVControllerTest5SetUpEvEUlS7_E_E10_M_managerERSt9_Any_dataRKSC_St18_Manager_operation
FN:269,_ZNSt17_Function_handlerIFNSt7__cxx1112basic_stringIcSt11char_traitsIcESaIcEEEvEN7testing10OnceActionIS6_E18StdFunctionAdaptorINS7_8internal12ReturnActionIPKcE4ImplIS5_EEEEE10_M_managerERSt9_Any_dataRKSK_St18_Manager_operation
FNDA:4,_ZNSt17_Function_handlerIFNSt7__cxx1112basic_stringIcSt11char_traitsIcESaIcEEEvEN7testing10OnceActionIS6_E18StdFunctionAdaptorINS7_8internal12ReturnActionIPKcE4ImplIS5_EEEEE10_M_managerERSt9_Any_dataRKSK_St18_Manager_operation
FN:290,_ZNSt17_Function_handlerIFNSt7__cxx1112basic_stringIcSt11char_traitsIcESaIcEEEvEZN16TVControllerTest5SetUpEvEUlvE_E9_M_invokeERKSt9_Any_data
FNDA:10,_ZNSt17_Function_handlerIFNSt7__cxx1112basic_stringIcSt11char_traitsIcESaIcEEEvEZN16TVControllerTest5SetUpEvEUlvE_E9_M_invokeERKSt9_Any_data
FN:290,_ZNSt17_Function_handlerIFNSt7__cxx1112basic_stringIcSt11char_traitsIcESaIcEEEvEN7testing8internal16TypedExpectationIS6_E13ActionAdaptorEE9_M_invokeERKSt9_Any_data
FNDA:4,_ZNSt17_Function_handlerIFNSt7__cxx1112basic_stringIcSt11char_traitsIcESaIcEEEvEN7testing8internal16TypedExpectationIS6_E13ActionAdaptorEE9_M_invokeERKSt9_Any_data
FN:290,_ZNSt17_Function_handlerIFvRKNSt7__cxx1112basic_stringIcSt11char_traitsIcESaIcEEEEZN16TVControllerTest5SetUpEvEUlS7_E_E9_M_invokeERKSt9_Any_dataS7_
FNDA:14,_ZNSt17_Function_handlerIFvRKNSt7__cxx1112basic_stringIcSt11char_traitsIcESaIcEEEEZN16TVControllerTest5SetUpEvEUlS7_E_E9_M_invokeERKSt9_Any_dataS7_
FN:290,_ZNSt17_Function_handlerIFNSt7__cxx1112basic_stringIcSt11char_traitsIcESaIcEEEvEN7testing10OnceActionIS6_E18StdFunctionAdaptorINS7_8internal12ReturnActionIPKcE4ImplIS5_EEEEE9_M_invokeERKSt9_Any_data
FNDA:4,_ZNSt17_Function_handlerIFNSt7__cxx1112basic_stringIcSt11char_traitsIcESaIcEEEvEN7testing10OnceActionIS6_E18StdFunctionAdaptorINS7_8internal12ReturnActionIPKcE4ImplIS5_EEEEE9_M_invokeERKSt9_Any_data
FN:370,_ZNSt8functionIFNSt7__cxx1112basic_stringIcSt11char_traitsIcESaIcEEEvEEC1Ev
FNDA:25,_ZNSt8functionIFNSt7__cxx1112basic_stringIcSt11char_traitsIcESaIcEEEvEEC1Ev
FN:370,_ZNSt8functionIFvRKNSt7__cxx1112basic_stringIcSt11char_traitsIcESaIcEEEEEC1Ev
FNDA:20,_ZNSt8functionIFvRKNSt7__cxx1112basic_stringIcSt11char_traitsIcESaIcEEEEEC1Ev
FN:388,_ZNSt8functionIFNSt7__cxx1112basic_stringIcSt11char_traitsIcESaIcEEEvEEC1ERKS7_
FNDA:14,_ZNSt8functionIFNSt7__cxx1112basic_stringIcSt11char_traitsIcESaIcEEEvEEC1ERKS7_
FN:388,_ZNSt8functionIFvRKNSt7__cxx1112basic_stringIcSt11char_traitsIcESaIcEEEEEC1ERKS9_
FNDA:10,_ZNSt8functionIFvRKNSt7__cxx1112basic_stringIcSt11char_traitsIcESaIcEEEEEC1ERKS9_
FN:406,_ZNSt8functionIFNSt7__cxx1112basic_stringIcSt11char_traitsIcESaIcEEEvEEC1EOS7_
FNDA:8,_ZNSt8functionIFNSt7__cxx1112basic_stringIcSt11char_traitsIcESaIcEEEvEEC1EOS7_
FN:437,_ZNSt8functionIFNSt7__cxx1112basic_stringIcSt11char_traitsIcESaIcEEEvEEC1IN7testing10OnceActionIS6_E18StdFunctionAdaptorINS9_8internal12ReturnActionIPKcE4ImplIS5_EEEEvEEOT_
FNDA:4,_ZNSt8functionIFNSt7__cxx1112basic_stringIcSt11char_traitsIcESaIcEEEvEEC1IN7testing10OnceActionIS6_E18StdFunctionAdaptorINS9_8internal12ReturnActionIPKcE4ImplIS5_EEEEvEEOT_
FN:437,_ZNSt8functionIFNSt7__cxx1112basic_stringIcSt11char_traitsIcESaIcEEEvEEC1IN7testing8internal16TypedExpectationIS6_E13ActionAdaptorEvEEOT_
FNDA:4,_ZNSt8functionIFNSt7__cxx1112basic_stringIcSt11char_traitsIcESaIcEEEvEEC1IN7testing8internal16TypedExpectationIS6_E13ActionAdaptorEvEEOT_
FN:437,_ZNSt8functionIFvRKNSt7__cxx1112basic_stringIcSt11char_traitsIcESaIcEEEEEC1IZN16TVControllerTest5SetUpEvEUlS7_E_vEEOT_
FNDA:10,_ZNSt8functionIFvRKNSt7__cxx1112basic_stringIcSt11char_traitsIcESaIcEEEEEC1IZN16TVControllerTest5SetUpEvEUlS7_E_vEEOT_
FN:437,_ZNSt8functionIFNSt7__cxx1112basic_stringIcSt11char_traitsIcESaIcEEEvEEC1IZN16TVControllerTest5SetUpEvEUlvE_vEEOT_
FNDA:10,_ZNSt8functionIFNSt7__cxx1112basic_stringIcSt11char_traitsIcESaIcEEEvEEC1IZN16TVControllerTest5SetUpEvEUlvE_vEEOT_
FN:471,_ZNSt8functionIFvRKNSt7__cxx1112basic_stringIcSt11char_traitsIcESaIcEEEEEaSERKS9_
FNDA:10,_ZNSt8functionIFvRKNSt7__cxx1112basic_stringIcSt11char_traitsIcESaIcEEEEEaSERKS9_
FN:471,_ZNSt8functionIFNSt7__cxx1112basic_stringIcSt11char_traitsIcESaIcEEEvEEaSERKS7_
FNDA:10,_ZNSt8functionIFNSt7__cxx1112basic_stringIcSt11char_traitsIcESaIcEEEvEEaSERKS7_
FN:533,_ZNSt8functionIFNSt7__cxx1112basic_stringIcSt11char_traitsIcESaIcEEEvEEaSIZN16TVControllerTest5SetUpEvEUlvE_EENSt9enable_ifIXsrNS7_9_CallableIT_NSB_IXntsrSt7is_sameINSt9remove_cvINSt16remove_referenceISD_E4typeEE4typeES7_E5valueESt5decayISD_EE4type4typeESt15__invoke_resultIRSQ_JEEEE5valueERS7_E4typeEOSD_
FNDA:10,_ZNSt8functionIFNSt7__cxx1112basic_stringIcSt11char_traitsIcESaIcEEEvEEaSIZN16TVControllerTest5SetUpEvEUlvE_EENSt9enable_ifIXsrNS7_9_CallableIT_NSB_IXntsrSt7is_sameINSt9remove_cvINSt16remove_referenceISD_E4typeEE4typeES7_E5valueESt5decayISD_EE4type4typeESt15__invoke_resultIRSQ_JEEEE5valueERS7_E4typeEOSD_
FN:533,_ZNSt8functionIFvRKNSt7__cxx1112basic_stringIcSt11char_traitsIcESaIcEEEEEaSIZN16TVControllerTest5SetUpEvEUlS7_E_EENSt9enable_ifIXsrNS9_9_CallableIT_NSD_IXntsrSt7is_sameINSt9remove_cvINSt16remove_referenceISF_E4typeEE4typeES9_E5valueESt5decayISF_EE4type4typeESt15__invoke_resultIRSS_JS7_EEEE5valueERS9_E4typeEOSF_
FNDA:10,_ZNSt8functionIFvRKNSt7__cxx1112basic_stringIcSt11char_traitsIcESaIcEEEEEaSIZN16TVControllerTest5SetUpEvEUlS7_E_EENSt9enable_ifIXsrNS9_9_CallableIT_NSD_IXntsrSt7is_sameINSt9remove_cvINSt16remove_referenceISF_E4typeEE4typeES9_E5valueESt5decayISF_EE4type4typeESt15__invoke_resultIRSS_JS7_EEEE5valueERS9_E4typeEOSF_
FN:533,_ZNSt8functionIFNSt7__cxx1112basic_stringIcSt11char_traitsIcESaIcEEEvEEaSIN7testing8internal16TypedExpectationIS6_E13ActionAdaptorEEENSt9enable_ifIXsrNS7_9_CallableIT_NSE_IXntsrSt7is_sameINSt9remove_cvINSt16remove_referenceISG_E4typeEE4typeES7_E5valueESt5decayISG_EE4type4typeESt15__invoke_resultIRST_JEEEE5valueERS7_E4typeEOSG_
FNDA:4,_ZNSt8functionIFNSt7__cxx1112basic_stringIcSt11char_traitsIcESaIcEEEvEEaSIN7testing8internal16TypedExpectationIS6_E13ActionAdaptorEEENSt9enable_ifIXsrNS7_9_CallableIT_NSE_IXntsrSt7is_sameINSt9remove_cvINSt16remove_referenceISG_E4typeEE4typeES7_E5valueESt5decayISG_EE4type4typeESt15__invoke_resultIRST_JEEEE5valueERS7_E4typeEOSG_
FN:558,_ZNSt8functionIFvRKNSt7__cxx1112basic_stringIcSt11char_traitsIcESaIcEEEEE4swapERS9_
FNDA:20,_ZNSt8functionIFvRKNSt7__cxx1112basic_stringIcSt11char_traitsIcESaIcEEEEE4swapERS9_
FN:558,_ZNSt8functionIFNSt7__cxx1112basic_stringIcSt11char_traitsIcESaIcEEEvEE4swapERS7_
FNDA:24,_ZNSt8functionIFNSt7__cxx1112basic_stringIcSt11char_traitsIcESaIcEEEvEE4swapERS7_
FN:575,_ZNKSt8functionIFNSt7__cxx1112basic_stringIcSt11char_traitsIcESaIcEEEvEEcvbEv
FNDA:50,_ZNKSt8functionIFNSt7__cxx1112basic_stringIcSt11char_traitsIcESaIcEEEvEEcvbEv
FN:575,_ZNKSt8functionIFvRKNSt7__cxx1112basic_stringIcSt11char_traitsIcESaIcEEEEEcvbEv
FNDA:34,_ZNKSt8functionIFvRKNSt7__cxx1112basic_stringIcSt11char_traitsIcESaIcEEEEEcvbEv
FN:589,_ZNKSt8functionIFvRKNSt7__cxx1112basic_stringIcSt11char_traitsIcESaIcEEEEEclES7_
FNDA:14,_ZNKSt8functionIFvRKNSt7__cxx1112basic_stringIcSt11char_traitsIcESaIcEEEEEclES7_
FN:589,_ZNKSt8functionIFNSt7__cxx1112basic_stringIcSt11char_traitsIcESaIcEEEvEEclEv
FNDA:18,_ZNKSt8functionIFNSt7__cxx1112basic_stringIcSt11char_traitsIcESaIcEEEvEEclEv
FN:747,_ZSteqINSt7__cxx1112basic_stringIcSt11char_traitsIcESaIcEEEJEEbRKSt8functionIFT_DpT0_EEDn
FNDA:28,_ZSteqINSt7__cxx1112basic_stringIcSt11char_traitsIcESaIcEEEJEEbRKSt8functionIFT_DpT0_EEDn
FN:747,_ZSteqIvJRKNSt7__cxx1112basic_stringIcSt11char_traitsIcESaIcEEEEEbRKSt8functionIFT_DpT0_EEDn
FNDA:24,_ZSteqIvJRKNSt7__cxx1112basic_stringIcSt11char_traitsIcESaIcEEEEEbRKSt8functionIFT_DpT0_EEDn
DA:87,104
DA:88,56
DA:92,20
DA:93,20
DA:92,20
DA:93,20
DA:92,16
DA:93,16
DA:92,0
DA:93,0
DA:92,0
DA:93,0
DA:92,8
DA:93,8
DA:92,0
DA:93,0
DA:97,8
DA:98,8
DA:97,24
DA:98,24
DA:97,20
DA:98,20
DA:97,4
DA:98,4
DA:136,8
DA:144,8
DA:136,24
DA:140,24
DA:141,24
DA:136,20
DA:140,20
DA:141,20
DA:136,4
DA:144,4
DA:152,10
DA:154,20
DA:155,10
DA:152,10
DA:154,20
DA:155,10
DA:152,10
DA:154,20
DA:155,10
DA:152,10
DA:154,20
DA:155,10
DA:160,4
DA:162,4
DA:163,8
DA:164,4
DA:160,4
DA:162,4
DA:163,8
DA:164,4
DA:160,0
DA:162,0
DA:163,0
DA:164,0
DA:160,4
DA:162,4
DA:163,8
DA:164,4
DA:168,20
DA:170,20
DA:171,20
DA:168,20
DA:170,20
DA:171,20
DA:175,8
DA:177,8
DA:178,8
DA:175,4
DA:177,4
DA:178,4
DA:182,12
DA:185,12
DA:187,0
DA:189,0
DA:193,0
DA:195,0
DA:196,0
DA:197,0
DA:199,4
DA:200,4
DA:201,4
DA:202,4
DA:204,8
DA:205,8
DA:206,8
DA:208,12
DA:182,30
DA:185,30
DA:187,0
DA:189,0
DA:193,0
DA:195,0
DA:196,0
DA:197,0
DA:199,10
DA:200,10
DA:201,10
DA:202,10
DA:204,20
DA:205,20
DA:206,20
DA:208,30
DA:182,30
DA:185,30
DA:187,0
DA:189,0
DA:193,0
DA:195,0
DA:196,0
DA:197,0
DA:199,10
DA:200,10
DA:201,10
DA:202,10
DA:204,20
DA:205,20
DA:206,20
DA:208,30
DA:182,4
DA:185,4
DA:187,0
DA:189,0
DA:193,0
DA:195,0
DA:196,0
DA:197,0
DA:199,0
DA:200,0
DA:201,0
DA:202,0
DA:204,4
DA:205,4
DA:206,4
DA:208,4
DA:213,4
DA:217,4
DA:218,4
DA:213,10
DA:217,10
DA:218,10
DA:213,10
DA:217,10
DA:218,10
DA:213,4
DA:217,4
DA:218,4
DA:213,0
DA:217,0
DA:218,0
DA:213,10
DA:217,10
DA:218,10
DA:213,10
DA:217,10
DA:218,10
DA:213,4
DA:217,4
DA:218,4
DA:237,4
DA:238,4
DA:237,10
DA:238,10
DA:237,10
DA:238,10
DA:237,4
DA:238,4
DA:241,105
DA:243,105
DA:245,105
DA:246,52
DA:247,105
DA:249,116
DA:269,12
DA:272,12
DA:275,0
DA:276,0
DA:277,0
DA:279,0
DA:280,0
DA:281,0
DA:283,12
DA:284,12
DA:286,12
DA:269,30
DA:272,30
DA:275,0
DA:276,0
DA:277,0
DA:279,0
DA:280,0
DA:281,0
DA:283,30
DA:284,30
DA:286,30
DA:269,30
DA:272,30
DA:275,0
DA:276,0
DA:277,0
DA:279,0
DA:280,0
DA:281,0
DA:283,30
DA:284,30
DA:286,30
DA:269,4
DA:272,4
DA:275,0
DA:276,0
DA:277,0
DA:279,0
DA:280,0
DA:281,0
DA:283,4
DA:284,4
DA:286,4
DA:290,4
DA:292,4
DA:293,4
DA:290,14
DA:292,14
DA:293,14
DA:290,10
DA:292,10
DA:293,10
DA:290,4
DA:292,4
DA:293,4
DA:370,20
DA:371,20
DA:370,25
DA:371,25
DA:388,10
DA:389,10
DA:391,10
DA:393,10
DA:394,10
DA:395,10
DA:397,10
DA:388,14
DA:389,14
DA:391,14
DA:393,14
DA:394,14
DA:395,14
DA:397,14
DA:406,8
DA:407,8
DA:409,8
DA:411,8
DA:412,8
DA:413,8
DA:414,8
DA:416,8
DA:437,4
DA:439,4
DA:449,4
DA:451,4
DA:453,4
DA:454,4
DA:456,4
DA:437,10
DA:439,10
DA:449,10
DA:451,10
DA:453,10
DA:454,10
DA:456,10
DA:437,10
DA:439,10
DA:449,10
DA:451,10
DA:453,10
DA:454,10
DA:456,10
DA:437,4
DA:439,4
DA:449,4
DA:451,4
DA:453,4
DA:454,4
DA:456,4
DA:471,10
DA:473,10
DA:474,10
DA:471,10
DA:473,10
DA:474,10
DA:533,4
DA:536,4
DA:537,4
DA:533,10
DA:536,10
DA:537,10
DA:533,10
DA:536,10
DA:537,10
DA:558,20
DA:560,20
DA:561,20
DA:562,20
DA:563,20
DA:558,24
DA:560,24
DA:561,24
DA:562,24
DA:563,24
DA:575,34
DA:576,34
DA:575,50
DA:576,50
DA:589,14
DA:591,14
DA:592,0
DA:593,28
DA:589,18
DA:591,18
DA:592,0
DA:593,18
DA:747,24
DA:748,24
DA:747,28
DA:748,28
end_of_record
SF:C:\mingw64\include\c++\15.2.0\bits\stl_function.h
FN:448,_ZNKSt4lessIPKcEclES1_S1_
FNDA:24,_ZNKSt4lessIPKcEclES1_S1_
DA:448,24
DA:451,24
DA:452,0
DA:454,24
end_of_record
SF:C:\mingw64\include\c++\15.2.0\ext\alloc_traits.h
DA:100,981
DA:104,30
DA:108,156
DA:120,0
end_of_record
