TN:
SF:C:\DEV\TDD_TV_08\include\Tuner.h
FN:19,_ZN5TunerD2Ev
FNDA:42,_ZN5TunerD2Ev
FNF:1
FNH:1
DA:19,42
LF:1
LH:1
end_of_record
TN:
SF:C:\DEV\TDD_TV_08\include\remoteKey.h
FN:35,_Z9to_stringB5cxx119remoteKey
FNDA:61,_Z9to_stringB5cxx119remoteKey
FNF:1
FNH:1
DA:35,61
DA:36,61
DA:37,6
DA:38,15
DA:39,12
DA:40,3
DA:41,18
DA:42,15
DA:43,18
DA:44,3
DA:45,0
DA:46,0
DA:47,18
DA:48,18
DA:49,12
DA:50,15
DA:51,24
DA:52,6
DA:54,0
LF:19
LH:16
end_of_record
TN:
SF:C:\DEV\TDD_TV_08\src\TVController.cpp
FN:16,_ZN12TVControllerC2EP5Tuner
FN:19,_ZNK12TVController10isDigitKeyE9remoteKey
FN:23,_ZNK12TVController9digitCharE9remoteKey
FN:27,_ZNK12TVController17getCurrentChannelEv
FN:31,_ZNK12TVController15validateChannelEi
FN:37,_ZNK12TVController12parseChannelERKNSt7__cxx1112basic_stringIcSt11char_traitsIcESaIcEEE
FN:43,_ZN12TVController10setChannelEi
FN:48,_ZN12TVController20confirmPendingDigitsEv
FN:57,_ZN12TVController10setTunerChEv
FN:61,_ZN12TVController18clearPendingDigitsEv
FN:65,_ZN12TVController11handleDigitE9remoteKey
FN:72,_ZN12TVController15handleChannelUpEv
FN:88,_ZN12TVController17handleChannelDownEv
FN:104,_ZN12TVController14toggleFavoriteEv
FN:115,_ZN12TVController18handleNextFavoriteEv
FN:129,_ZN12TVController19handleChannelSearchEv
FN:156,_ZN12TVController10pushButtonE9remoteKey
FNDA:26,_ZN12TVController20confirmPendingDigitsEv
FNDA:90,_ZN12TVController10pushButtonE9remoteKey
FNDA:3,_ZN12TVController18handleNextFavoriteEv
FNDA:43,_ZN12TVController10setChannelEi
FNDA:90,_ZNK12TVController10isDigitKeyE9remoteKey
FNDA:2,_ZN12TVController18clearPendingDigitsEv
FNDA:69,_ZNK12TVController15validateChannelEi
FNDA:8,_ZN12TVController10setTunerChEv
FNDA:29,_ZN12TVControllerC2EP5Tuner
FNDA:47,_ZN12TVController11handleDigitE9remoteKey
FNDA:35,_ZNK12TVController17getCurrentChannelEv
FNDA:47,_ZNK12TVController9digitCharE9remoteKey
FNDA:12,_ZN12TVController14toggleFavoriteEv
FNDA:9,_ZN12TVController15handleChannelUpEv
FNDA:26,_ZNK12TVController12parseChannelERKNSt7__cxx1112basic_stringIcSt11char_traitsIcESaIcEEE
FNDA:5,_ZN12TVController17handleChannelDownEv
FNDA:6,_ZN12TVController19handleChannelSearchEv
FNF:17
FNH:17
DA:16,29
DA:17,87
DA:19,90
DA:20,90
DA:23,47
DA:24,47
DA:27,35
DA:28,35
DA:31,69
DA:32,69
DA:33,0
DA:35,69
DA:37,26
DA:38,26
DA:39,26
DA:40,26
DA:43,43
DA:44,43
DA:45,43
DA:46,43
DA:48,26
DA:49,26
DA:50,0
DA:52,26
DA:53,26
DA:54,26
DA:57,8
DA:58,8
DA:59,8
DA:61,2
DA:62,2
DA:63,2
DA:65,47
DA:66,47
DA:67,47
DA:68,18
DA:70,47
DA:72,9
DA:73,9
DA:74,9
DA:75,5
DA:76,5
DA:77,5
DA:80,4
DA:81,8
DA:82,1
DA:84,3
DA:88,5
DA:89,5
DA:90,5
DA:91,3
DA:92,3
DA:93,3
DA:96,2
DA:97,4
DA:98,0
DA:100,4
DA:104,12
DA:105,12
DA:106,12
DA:107,24
DA:108,0
DA:110,12
DA:111,12
DA:113,12
DA:115,3
DA:116,3
DA:117,0
DA:120,3
DA:121,3
DA:122,6
DA:123,1
DA:125,2
DA:129,6
DA:130,6
DA:131,6
DA:132,6
DA:134,26
DA:135,26
DA:136,26
DA:137,2
DA:140,24
DA:141,24
DA:142,8
DA:143,4
DA:145,4
DA:148,40
DA:149,18
DA:151,26
DA:153,6
DA:154,6
DA:156,90
DA:157,90
DA:158,47
DA:159,47
DA:162,43
DA:163,8
DA:164,8
DA:167,35
DA:168,2
DA:171,35
DA:172,9
DA:173,9
DA:174,9
DA:175,5
DA:176,5
DA:177,5
DA:178,6
DA:179,6
DA:180,6
DA:181,12
DA:182,12
DA:183,12
DA:184,3
DA:185,3
DA:186,3
DA:187,0
DA:188,0
LF:118
LH:111
end_of_record
